#
# There is insufficient memory for the Java Runtime Environment to continue.
# Native memory allocation (malloc) failed to allocate 1314032 bytes. Error detail: Chunk::new
# Possible reasons:
#   The system is out of physical RAM or swap space
#   This process is running with CompressedOops enabled, and the Java Heap may be blocking the growth of the native heap
# Possible solutions:
#   Reduce memory load on the system
#   Increase physical memory or swap space
#   Check if swap backing store is full
#   Decrease Java heap size (-Xmx/-Xms)
#   Decrease number of Java threads
#   Decrease Java thread stack sizes (-Xss)
#   Set larger code cache with -XX:ReservedCodeCacheSize=
#   JVM is running with Unscaled Compressed Oops mode in which the Java heap is
#     placed in the first 4GB address space. The Java Heap base address is the
#     maximum limit for the native heap growth. Please use -XX:HeapBaseMinAddress
#     to set the Java Heap base and to place the Java Heap above 4GB virtual address.
# This output file may be truncated or incomplete.
#
#  Out of Memory Error (arena.cpp:168), pid=21668, tid=29540
#
# JRE version: OpenJDK Runtime Environment Temurin-21.0.7+6 (21.0.7+6) (build 21.0.7+6-LTS)
# Java VM: OpenJDK 64-Bit Server VM Temurin-21.0.7+6 (21.0.7+6-LTS, mixed mode, sharing, tiered, compressed oops, compressed class ptrs, parallel gc, windows-amd64)
# No core dump will be written. Minidumps are not enabled by default on client versions of Windows
#

---------------  S U M M A R Y ------------

Command Line: --add-modules=ALL-SYSTEM --add-opens=java.base/java.util=ALL-UNNAMED --add-opens=java.base/java.lang=ALL-UNNAMED --add-opens=java.base/sun.nio.fs=ALL-UNNAMED -Declipse.application=org.eclipse.jdt.ls.core.id1 -Dosgi.bundles.defaultStartLevel=4 -Declipse.product=org.eclipse.jdt.ls.core.product -Djava.import.generatesMetadataFilesAtProjectRoot=false -DDetectVMInstallationsJob.disabled=true -Dfile.encoding=utf8 -XX:+UseParallelGC -XX:GCTimeRatio=4 -XX:AdaptiveSizePolicyWeight=90 -Dsun.zip.disableMemoryMapping=true -Xmx2G -Xms100m -Xlog:disable -javaagent:c:\Users\m1510\.vscode\extensions\redhat.java-1.43.1-win32-x64\lombok\lombok-1.18.39-4050.jar -XX:+HeapDumpOnOutOfMemoryError -XX:HeapDumpPath=c:\Users\m1510\AppData\Roaming\Code\User\workspaceStorage\638328d4e911d6bdb8e6bd2aaac90979\redhat.java -Daether.dependencyCollector.impl=bf c:\Users\m1510\.vscode\extensions\redhat.java-1.43.1-win32-x64\server\plugins\org.eclipse.equinox.launcher_1.7.0.v20250519-0528.jar -configuration c:\Users\m1510\AppData\Roaming\Code\User\globalStorage\redhat.java\1.43.1\config_win -data c:\Users\m1510\AppData\Roaming\Code\User\workspaceStorage\638328d4e911d6bdb8e6bd2aaac90979\redhat.java\jdt_ws --pipe=\\.\pipe\lsp-dd251b43e8071a93fd727657987579c6-sock

Host: 13th Gen Intel(R) Core(TM) i5-13500H, 16 cores, 15G,  Windows 11 , 64 bit Build 26100 (10.0.26100.4202)
Time: Wed Jul  2 16:30:03 2025  Windows 11 , 64 bit Build 26100 (10.0.26100.4202) elapsed time: 3161.124746 seconds (0d 0h 52m 41s)

---------------  T H R E A D  ---------------

Current thread (0x000001ac6bddf690):  JavaThread "C2 CompilerThread0" daemon [_thread_in_native, id=29540, stack(0x0000001b3be00000,0x0000001b3bf00000) (1024K)]


Current CompileTask:
C2:3161124 40233       4       jdk.internal.module.SystemModuleFinders$SystemModuleReader::find (59 bytes)

Stack: [0x0000001b3be00000,0x0000001b3bf00000]
Native frames: (J=compiled Java code, j=interpreted, Vv=VM code, C=native code)
V  [jvm.dll+0x6ce119]
V  [jvm.dll+0x8a84a1]
V  [jvm.dll+0x8aa9ce]
V  [jvm.dll+0x8ab0b3]
V  [jvm.dll+0x27f8a6]
V  [jvm.dll+0xc507d]
V  [jvm.dll+0xc55b3]
V  [jvm.dll+0x3b692c]
V  [jvm.dll+0x382aa5]
V  [jvm.dll+0x381f0a]
V  [jvm.dll+0x247af0]
V  [jvm.dll+0x2470cf]
V  [jvm.dll+0x1c760e]
V  [jvm.dll+0x25695a]
V  [jvm.dll+0x254efa]
V  [jvm.dll+0x3f03f6]
V  [jvm.dll+0x851f6b]
V  [jvm.dll+0x6cc7dd]
C  [ucrtbase.dll+0x37b0]
C  [KERNEL32.DLL+0x2e8d7]
C  [ntdll.dll+0x3c34c]


---------------  P R O C E S S  ---------------

Threads class SMR info:
_java_thread_list=0x000001ac5ac910a0, length=85, elements={
0x000001ac6bd30fe0, 0x000001ac7fb9d450, 0x000001ac7fb9e100, 0x000001ac7fba3320,
0x000001ac7fba3f70, 0x000001ac7fba6250, 0x000001ac6bdd2730, 0x000001ac6bddf690,
0x000001ac7fbb0050, 0x000001ac7fc80ff0, 0x000001ac4657cf20, 0x000001ac468908e0,
0x000001ac46b4f3b0, 0x000001ac469138d0, 0x000001ac46913f30, 0x000001ac46cfe590,
0x000001ac4b1f6e20, 0x000001ac4b227c60, 0x000001ac4b2282f0, 0x000001ac4b229010,
0x000001ac4c8bb350, 0x000001ac4c8bacc0, 0x000001ac4c8b7ed0, 0x000001ac4c8bb9e0,
0x000001ac4c8b9280, 0x000001ac4c8b8560, 0x000001ac4c8b9910, 0x000001ac4c8ba630,
0x000001ac4c8bc070, 0x000001ac4c8b9fa0, 0x000001ac4c8b8bf0, 0x000001ac4c8bc700,
0x000001ac4c8be140, 0x000001ac4c8bcd90, 0x000001ac4c8bd420, 0x000001ac4c8bdab0,
0x000001ac4c8be7d0, 0x000001ac4c8bf4f0, 0x000001ac4ba7c470, 0x000001ac4ba7aa30,
0x000001ac7fc4eac0, 0x000001ac7fc4b640, 0x000001ac7fc51f40, 0x000001ac5c9e73a0,
0x000001ac5c9e6680, 0x000001ac5c9e6d10, 0x000001ac4b22aa50, 0x000001ac4dafe000,
0x000001ac4dafd2e0, 0x000001ac4dafd970, 0x000001ac4ba7b750, 0x000001ac4ba78ff0,
0x000001ac4ba80610, 0x000001ac5aea2650, 0x000001ac5aea2ce0, 0x000001ac5ae9eb40,
0x000001ac5aea0c10, 0x000001ac5aea3a00, 0x000001ac604e1240, 0x000001ac604e1f60,
0x000001ac604df170, 0x000001ac604e25f0, 0x000001ac604e2c80, 0x000001ac4db01480,
0x000001ac4db021a0, 0x000001ac4db02ec0, 0x000001ac7fc4c9f0, 0x000001ac7fc4afb0,
0x000001ac7fc4fe70, 0x000001ac7fc50500, 0x000001ac7fc50b90, 0x000001ac7fc4f150,
0x000001ac7fc4d710, 0x000001ac7fc4dda0, 0x000001ac7fc525d0, 0x000001ac5ae9f860,
0x000001ac5aea3370, 0x000001ac5ae9fef0, 0x000001ac5aea0580, 0x000001ac5aea4720,
0x000001ac4f616b90, 0x000001ac4f61c420, 0x000001ac4f61d890, 0x000001ac58aa23a0,
0x000001ac58aa3140
}

Java Threads: ( => current thread )
  0x000001ac6bd30fe0 JavaThread "main"                              [_thread_blocked, id=28724, stack(0x0000001b3b400000,0x0000001b3b500000) (1024K)]
  0x000001ac7fb9d450 JavaThread "Reference Handler"          daemon [_thread_blocked, id=5252, stack(0x0000001b3b800000,0x0000001b3b900000) (1024K)]
  0x000001ac7fb9e100 JavaThread "Finalizer"                  daemon [_thread_blocked, id=27592, stack(0x0000001b3b900000,0x0000001b3ba00000) (1024K)]
  0x000001ac7fba3320 JavaThread "Signal Dispatcher"          daemon [_thread_blocked, id=26048, stack(0x0000001b3ba00000,0x0000001b3bb00000) (1024K)]
  0x000001ac7fba3f70 JavaThread "Attach Listener"            daemon [_thread_blocked, id=24340, stack(0x0000001b3bb00000,0x0000001b3bc00000) (1024K)]
  0x000001ac7fba6250 JavaThread "Service Thread"             daemon [_thread_blocked, id=18980, stack(0x0000001b3bc00000,0x0000001b3bd00000) (1024K)]
  0x000001ac6bdd2730 JavaThread "Monitor Deflation Thread"   daemon [_thread_blocked, id=9464, stack(0x0000001b3bd00000,0x0000001b3be00000) (1024K)]
=>0x000001ac6bddf690 JavaThread "C2 CompilerThread0"         daemon [_thread_in_native, id=29540, stack(0x0000001b3be00000,0x0000001b3bf00000) (1024K)]
  0x000001ac7fbb0050 JavaThread "C1 CompilerThread0"         daemon [_thread_blocked, id=34348, stack(0x0000001b3bf00000,0x0000001b3c000000) (1024K)]
  0x000001ac7fc80ff0 JavaThread "Common-Cleaner"             daemon [_thread_blocked, id=12400, stack(0x0000001b3c100000,0x0000001b3c200000) (1024K)]
  0x000001ac4657cf20 JavaThread "Notification Thread"        daemon [_thread_blocked, id=19632, stack(0x0000001b3c600000,0x0000001b3c700000) (1024K)]
  0x000001ac468908e0 JavaThread "Active Thread: Equinox Container: e7edfdba-f994-4be1-890f-bd189ec41e92"        [_thread_blocked, id=32068, stack(0x0000001b3ce00000,0x0000001b3cf00000) (1024K)]
  0x000001ac46b4f3b0 JavaThread "Refresh Thread: Equinox Container: e7edfdba-f994-4be1-890f-bd189ec41e92" daemon [_thread_blocked, id=24608, stack(0x0000001b3c200000,0x0000001b3c300000) (1024K)]
  0x000001ac469138d0 JavaThread "Framework Event Dispatcher: Equinox Container: e7edfdba-f994-4be1-890f-bd189ec41e92" daemon [_thread_blocked, id=20392, stack(0x0000001b3c300000,0x0000001b3c400000) (1024K)]
  0x000001ac46913f30 JavaThread "Start Level: Equinox Container: e7edfdba-f994-4be1-890f-bd189ec41e92" daemon [_thread_blocked, id=21488, stack(0x0000001b3c400000,0x0000001b3c500000) (1024K)]
  0x000001ac46cfe590 JavaThread "Bundle File Closer"         daemon [_thread_blocked, id=38292, stack(0x0000001b3d200000,0x0000001b3d300000) (1024K)]
  0x000001ac4b1f6e20 JavaThread "SCR Component Actor"        daemon [_thread_blocked, id=30816, stack(0x0000001b3c000000,0x0000001b3c100000) (1024K)]
  0x000001ac4b227c60 JavaThread "Worker-JM"                         [_thread_blocked, id=32924, stack(0x0000001b3d800000,0x0000001b3d900000) (1024K)]
  0x000001ac4b2282f0 JavaThread "JNA Cleaner"                daemon [_thread_blocked, id=4752, stack(0x0000001b3d600000,0x0000001b3d700000) (1024K)]
  0x000001ac4b229010 JavaThread "Java indexing"              daemon [_thread_blocked, id=11300, stack(0x0000001b3de00000,0x0000001b3df00000) (1024K)]
  0x000001ac4c8bb350 JavaThread "Thread-2"                   daemon [_thread_in_native, id=37980, stack(0x0000001b3e400000,0x0000001b3e500000) (1024K)]
  0x000001ac4c8bacc0 JavaThread "Thread-3"                   daemon [_thread_in_native, id=11616, stack(0x0000001b3e500000,0x0000001b3e600000) (1024K)]
  0x000001ac4c8b7ed0 JavaThread "Thread-4"                   daemon [_thread_in_native, id=25688, stack(0x0000001b3e600000,0x0000001b3e700000) (1024K)]
  0x000001ac4c8bb9e0 JavaThread "Thread-5"                   daemon [_thread_in_native, id=30256, stack(0x0000001b3e700000,0x0000001b3e800000) (1024K)]
  0x000001ac4c8b9280 JavaThread "Thread-6"                   daemon [_thread_in_native, id=37924, stack(0x0000001b3e800000,0x0000001b3e900000) (1024K)]
  0x000001ac4c8b8560 JavaThread "Thread-7"                   daemon [_thread_in_native, id=31928, stack(0x0000001b3e900000,0x0000001b3ea00000) (1024K)]
  0x000001ac4c8b9910 JavaThread "Thread-8"                   daemon [_thread_in_native, id=25912, stack(0x0000001b3ea00000,0x0000001b3eb00000) (1024K)]
  0x000001ac4c8ba630 JavaThread "Thread-9"                   daemon [_thread_in_native, id=17264, stack(0x0000001b3eb00000,0x0000001b3ec00000) (1024K)]
  0x000001ac4c8bc070 JavaThread "Thread-10"                  daemon [_thread_in_native, id=31636, stack(0x0000001b3ec00000,0x0000001b3ed00000) (1024K)]
  0x000001ac4c8b9fa0 JavaThread "Thread-11"                  daemon [_thread_in_native, id=29928, stack(0x0000001b3ed00000,0x0000001b3ee00000) (1024K)]
  0x000001ac4c8b8bf0 JavaThread "Thread-12"                  daemon [_thread_in_native, id=37496, stack(0x0000001b3ee00000,0x0000001b3ef00000) (1024K)]
  0x000001ac4c8bc700 JavaThread "Thread-13"                  daemon [_thread_in_native, id=26936, stack(0x0000001b3ef00000,0x0000001b3f000000) (1024K)]
  0x000001ac4c8be140 JavaThread "Thread-14"                  daemon [_thread_in_native, id=12112, stack(0x0000001b3f000000,0x0000001b3f100000) (1024K)]
  0x000001ac4c8bcd90 JavaThread "Thread-15"                  daemon [_thread_in_native, id=2128, stack(0x0000001b3f100000,0x0000001b3f200000) (1024K)]
  0x000001ac4c8bd420 JavaThread "Thread-16"                  daemon [_thread_in_native, id=9132, stack(0x0000001b3f200000,0x0000001b3f300000) (1024K)]
  0x000001ac4c8bdab0 JavaThread "Thread-17"                  daemon [_thread_in_native, id=17740, stack(0x0000001b3f300000,0x0000001b3f400000) (1024K)]
  0x000001ac4c8be7d0 JavaThread "Thread-18"                  daemon [_thread_in_native, id=20592, stack(0x0000001b3f400000,0x0000001b3f500000) (1024K)]
  0x000001ac4c8bf4f0 JavaThread "pool-2-thread-1"                   [_thread_blocked, id=30156, stack(0x0000001b3f500000,0x0000001b3f600000) (1024K)]
  0x000001ac4ba7c470 JavaThread "WorkspaceEventsHandler"            [_thread_blocked, id=21992, stack(0x0000001b3fa00000,0x0000001b3fb00000) (1024K)]
  0x000001ac4ba7aa30 JavaThread "pool-1-thread-1"                   [_thread_blocked, id=32480, stack(0x0000001b3fb00000,0x0000001b3fc00000) (1024K)]
  0x000001ac7fc4eac0 JavaThread "ForkJoinPool.commonPool-worker-1" daemon [_thread_blocked, id=30516, stack(0x0000001b3dd00000,0x0000001b3de00000) (1024K)]
  0x000001ac7fc4b640 JavaThread "ForkJoinPool.commonPool-worker-3" daemon [_thread_blocked, id=19028, stack(0x0000001b3f600000,0x0000001b3f700000) (1024K)]
  0x000001ac7fc51f40 JavaThread "ForkJoinPool.commonPool-worker-10" daemon [_thread_blocked, id=11448, stack(0x0000001b43100000,0x0000001b43200000) (1024K)]
  0x000001ac5c9e73a0 JavaThread "ForkJoinPool.commonPool-worker-12" daemon [_thread_blocked, id=24148, stack(0x0000001b43500000,0x0000001b43600000) (1024K)]
  0x000001ac5c9e6680 JavaThread "ForkJoinPool.commonPool-worker-14" daemon [_thread_blocked, id=21628, stack(0x0000001b43700000,0x0000001b43800000) (1024K)]
  0x000001ac5c9e6d10 JavaThread "Cleaner-0"                  daemon [_thread_blocked, id=6552, stack(0x0000001b43900000,0x0000001b43a00000) (1024K)]
  0x000001ac4b22aa50 JavaThread "Java Debug Server"          daemon [_thread_in_native, id=38420, stack(0x0000001b3b100000,0x0000001b3b200000) (1024K)]
  0x000001ac4dafe000 JavaThread "RxSchedulerPurge-1"         daemon [_thread_blocked, id=38872, stack(0x0000001b3b300000,0x0000001b3b400000) (1024K)]
  0x000001ac4dafd2e0 JavaThread "RxCachedWorkerPoolEvictor-1" daemon [_thread_blocked, id=27188, stack(0x0000001b3c500000,0x0000001b3c600000) (1024K)]
  0x000001ac4dafd970 JavaThread "pool-5-thread-3"                   [_thread_in_native, id=28288, stack(0x0000001b3b200000,0x0000001b3b300000) (1024K)]
  0x000001ac4ba7b750 JavaThread "ForkJoinPool.commonPool-worker-19" daemon [_thread_blocked, id=1832, stack(0x0000001b3e100000,0x0000001b3e200000) (1024K)]
  0x000001ac4ba78ff0 JavaThread "Worker-15"                         [_thread_blocked, id=6108, stack(0x0000001b40e00000,0x0000001b40f00000) (1024K)]
  0x000001ac4ba80610 JavaThread "RxNewThreadScheduler-19"    daemon [_thread_blocked, id=1472, stack(0x0000001b3d300000,0x0000001b3d400000) (1024K)]
  0x000001ac5aea2650 JavaThread "Packet Receive Manager"     daemon [_thread_in_native, id=34704, stack(0x0000001b3d500000,0x0000001b3d600000) (1024K)]
  0x000001ac5aea2ce0 JavaThread "Packet Send Manager"        daemon [_thread_blocked, id=24020, stack(0x0000001b3db00000,0x0000001b3dc00000) (1024K)]
  0x000001ac5ae9eb40 JavaThread "Event Hub"                  daemon [_thread_blocked, id=32852, stack(0x0000001b3d900000,0x0000001b3da00000) (1024K)]
  0x000001ac5aea0c10 JavaThread "Worker-16"                         [_thread_blocked, id=24368, stack(0x0000001b3e000000,0x0000001b3e100000) (1024K)]
  0x000001ac5aea3a00 JavaThread "ForkJoinPool.commonPool-worker-23" daemon [_thread_blocked, id=34528, stack(0x0000001b3fc00000,0x0000001b3fd00000) (1024K)]
  0x000001ac604e1240 JavaThread "ForkJoinPool.commonPool-worker-24" daemon [_thread_blocked, id=27824, stack(0x0000001b3fd00000,0x0000001b3fe00000) (1024K)]
  0x000001ac604e1f60 JavaThread "ForkJoinPool.commonPool-worker-25" daemon [_thread_blocked, id=11372, stack(0x0000001b3fe00000,0x0000001b3ff00000) (1024K)]
  0x000001ac604df170 JavaThread "ForkJoinPool.commonPool-worker-26" daemon [_thread_blocked, id=19212, stack(0x0000001b3ff00000,0x0000001b40000000) (1024K)]
  0x000001ac604e25f0 JavaThread "ForkJoinPool.commonPool-worker-28" daemon [_thread_blocked, id=23884, stack(0x0000001b3f800000,0x0000001b3f900000) (1024K)]
  0x000001ac604e2c80 JavaThread "ForkJoinPool.commonPool-worker-27" daemon [_thread_blocked, id=14564, stack(0x0000001b40000000,0x0000001b40100000) (1024K)]
  0x000001ac4db01480 JavaThread "Worker-21: Publish Diagnostics"        [_thread_blocked, id=13964, stack(0x0000001b3d700000,0x0000001b3d800000) (1024K)]
  0x000001ac4db021a0 JavaThread "Compiler Source File Reader" daemon [_thread_blocked, id=28632, stack(0x0000001b3dc00000,0x0000001b3dd00000) (1024K)]
  0x000001ac4db02ec0 JavaThread "Compiler Processing Task"   daemon [_thread_blocked, id=1652, stack(0x0000001b3df00000,0x0000001b3e000000) (1024K)]
  0x000001ac7fc4c9f0 JavaThread "Worker-22"                         [_thread_blocked, id=28252, stack(0x0000001b3e200000,0x0000001b3e300000) (1024K)]
  0x000001ac7fc4afb0 JavaThread "Compiler Source File Reader" daemon [_thread_blocked, id=37712, stack(0x0000001b3e300000,0x0000001b3e400000) (1024K)]
  0x000001ac7fc4fe70 JavaThread "pool-1-thread-10"                  [_thread_blocked, id=31348, stack(0x0000001b40500000,0x0000001b40600000) (1024K)]
  0x000001ac7fc50500 JavaThread "Compiler Source File Reader" daemon [_thread_blocked, id=19380, stack(0x0000001b3f700000,0x0000001b3f800000) (1024K)]
  0x000001ac7fc50b90 JavaThread "ForkJoinPool.commonPool-worker-30" daemon [_thread_blocked, id=26616, stack(0x0000001b3f900000,0x0000001b3fa00000) (1024K)]
  0x000001ac7fc4f150 JavaThread "Compiler Source File Reader" daemon [_thread_blocked, id=25184, stack(0x0000001b40100000,0x0000001b40200000) (1024K)]
  0x000001ac7fc4d710 JavaThread "Compiler Source File Reader" daemon [_thread_blocked, id=28420, stack(0x0000001b40600000,0x0000001b40700000) (1024K)]
  0x000001ac7fc4dda0 JavaThread "Compiler Source File Reader" daemon [_thread_blocked, id=7452, stack(0x0000001b40700000,0x0000001b40800000) (1024K)]
  0x000001ac7fc525d0 JavaThread "Compiler Source File Reader" daemon [_thread_blocked, id=23828, stack(0x0000001b40400000,0x0000001b40500000) (1024K)]
  0x000001ac5ae9f860 JavaThread "Compiler Source File Reader" daemon [_thread_blocked, id=34792, stack(0x0000001b40300000,0x0000001b40400000) (1024K)]
  0x000001ac5aea3370 JavaThread "Compiler Source File Reader" daemon [_thread_blocked, id=32676, stack(0x0000001b40200000,0x0000001b40300000) (1024K)]
  0x000001ac5ae9fef0 JavaThread "Compiler Source File Reader" daemon [_thread_blocked, id=10236, stack(0x0000001b40800000,0x0000001b40900000) (1024K)]
  0x000001ac5aea0580 JavaThread "Compiler Source File Reader" daemon [_thread_blocked, id=17436, stack(0x0000001b40900000,0x0000001b40a00000) (1024K)]
  0x000001ac5aea4720 JavaThread "Compiler Source File Reader" daemon [_thread_blocked, id=16284, stack(0x0000001b40a00000,0x0000001b40b00000) (1024K)]
  0x000001ac4f616b90 JavaThread "C2 CompilerThread1"         daemon [_thread_blocked, id=13164, stack(0x0000001b40b00000,0x0000001b40c00000) (1024K)]
  0x000001ac4f61c420 JavaThread "C2 CompilerThread2"         daemon [_thread_in_native, id=31488, stack(0x0000001b40c00000,0x0000001b40d00000) (1024K)]
  0x000001ac4f61d890 JavaThread "C2 CompilerThread3"         daemon [_thread_in_native, id=20432, stack(0x0000001b40d00000,0x0000001b40e00000) (1024K)]
  0x000001ac58aa23a0 JavaThread "C1 CompilerThread1"         daemon [_thread_blocked, id=15328, stack(0x0000001b40f00000,0x0000001b41000000) (1024K)]
  0x000001ac58aa3140 JavaThread "C1 CompilerThread2"         daemon [_thread_blocked, id=34440, stack(0x0000001b41000000,0x0000001b41100000) (1024K)]
Total: 85

Other Threads:
  0x000001ac6bdcf8e0 VMThread "VM Thread"                           [id=11776, stack(0x0000001b3b700000,0x0000001b3b800000) (1024K)]
  0x000001ac7e6aca00 WatcherThread "VM Periodic Task Thread"        [id=24772, stack(0x0000001b3b600000,0x0000001b3b700000) (1024K)]
  0x000001ac6bd4f650 WorkerThread "GC Thread#0"                     [id=26268, stack(0x0000001b3b500000,0x0000001b3b600000) (1024K)]
  0x000001ac4658d0f0 WorkerThread "GC Thread#1"                     [id=2412, stack(0x0000001b3c800000,0x0000001b3c900000) (1024K)]
  0x000001ac4658d490 WorkerThread "GC Thread#2"                     [id=29980, stack(0x0000001b3c900000,0x0000001b3ca00000) (1024K)]
  0x000001ac4b03c750 WorkerThread "GC Thread#3"                     [id=21148, stack(0x0000001b3ca00000,0x0000001b3cb00000) (1024K)]
  0x000001ac4b03cef0 WorkerThread "GC Thread#4"                     [id=38140, stack(0x0000001b3cb00000,0x0000001b3cc00000) (1024K)]
  0x000001ac46b84950 WorkerThread "GC Thread#5"                     [id=8040, stack(0x0000001b3cc00000,0x0000001b3cd00000) (1024K)]
  0x000001ac46b84cf0 WorkerThread "GC Thread#6"                     [id=29116, stack(0x0000001b3cd00000,0x0000001b3ce00000) (1024K)]
  0x000001ac4b2f0030 WorkerThread "GC Thread#7"                     [id=22736, stack(0x0000001b3cf00000,0x0000001b3d000000) (1024K)]
  0x000001ac46827640 WorkerThread "GC Thread#8"                     [id=33036, stack(0x0000001b3c700000,0x0000001b3c800000) (1024K)]
  0x000001ac7fddbe10 WorkerThread "GC Thread#9"                     [id=38660, stack(0x0000001b3d000000,0x0000001b3d100000) (1024K)]
  0x000001ac7fddb330 WorkerThread "GC Thread#10"                    [id=36236, stack(0x0000001b3d100000,0x0000001b3d200000) (1024K)]
  0x000001ac7fddabf0 WorkerThread "GC Thread#11"                    [id=11164, stack(0x0000001b3d400000,0x0000001b3d500000) (1024K)]
  0x000001ac7fdda4b0 WorkerThread "GC Thread#12"                    [id=13592, stack(0x0000001b3da00000,0x0000001b3db00000) (1024K)]
Total: 15

Threads with active compile tasks:
C2 CompilerThread0  3164173 40233       4       jdk.internal.module.SystemModuleFinders$SystemModuleReader::find (59 bytes)
C2 CompilerThread1  3164173 40280       4       org.eclipse.jdt.internal.compiler.lookup.Scope::minimalErasedCandidates (1730 bytes)
C2 CompilerThread2  3164173 40236       4       jdk.internal.jimage.BasicImageReader::verifyLocation (39 bytes)
C2 CompilerThread3  3164173 40234       4       jdk.internal.module.SystemModuleFinders$SystemModuleReader::containsImageLocation (42 bytes)
Total: 4

VM state: at safepoint (normal execution)

VM Mutex/Monitor currently owned by a thread:  ([mutex/lock_event])
[0x00007fff0b1ae308] Threads_lock - owner thread: 0x000001ac6bdcf8e0
[0x00007fff0b1ae408] Heap_lock - owner thread: 0x000001ac4db01480
[0x00007fff0b1ae888] PSOldGenExpand_lock - owner thread: 0x000001ac4658d0f0

Heap address: 0x0000000080000000, size: 2048 MB, Compressed Oops mode: 32-bit

CDS archive(s) mapped at: [0x000001ac04000000-0x000001ac04ba0000-0x000001ac04ba0000), size 12189696, SharedBaseAddress: 0x000001ac04000000, ArchiveRelocationMode: 1.
Compressed class space mapped at: 0x000001ac05000000-0x000001ac45000000, reserved size: 1073741824
Narrow klass base: 0x000001ac04000000, Narrow klass shift: 0, Narrow klass range: 0x100000000

GC Precious Log:
 CardTable entry size: 512
 CPUs: 16 total, 16 available
 Memory: 16123M
 Large Page Support: Disabled
 NUMA Support: Disabled
 Compressed Oops: Enabled (32-bit)
 Alignments: Space 512K, Generation 512K, Heap 2M
 Heap Min Capacity: 100M
 Heap Initial Capacity: 100M
 Heap Max Capacity: 2G
 Pre-touch: Disabled
 Parallel Workers: 13

Heap:
 PSYoungGen      total 11776K, used 11668K [0x00000000d5580000, 0x00000000d6300000, 0x0000000100000000)
  eden space 10240K, 100% used [0x00000000d5580000,0x00000000d5f80000,0x00000000d5f80000)
  from space 1536K, 93% used [0x00000000d5f80000,0x00000000d60e5200,0x00000000d6100000)
  to   space 1536K, 66% used [0x00000000d6100000,0x00000000d61fe900,0x00000000d6280000)
 ParOldGen       total 1093632K, used 1093626K [0x0000000080000000, 0x00000000c2c00000, 0x00000000d5580000)
  object space 1093632K, 99% used [0x0000000080000000,0x00000000c2bfeba8,0x00000000c2c00000)
 Metaspace       used 104710K, committed 106560K, reserved 1179648K
  class space    used 10133K, committed 11072K, reserved 1048576K

Card table byte_map: [0x000001ac6b6f0000,0x000001ac6bb00000] _byte_map_base: 0x000001ac6b2f0000

Marking Bits: (ParMarkBitMap*) 0x00007fff0b1b31f0
 Begin Bits: [0x000001ac00000000, 0x000001ac02000000)
 End Bits:   [0x000001ac02000000, 0x000001ac04000000)

Polling page: 0x000001ac69cc0000

Metaspace:

Usage:
  Non-class:     92.36 MB used.
      Class:      9.90 MB used.
       Both:    102.26 MB used.

Virtual space:
  Non-class space:      128.00 MB reserved,      93.25 MB ( 73%) committed,  2 nodes.
      Class space:        1.00 GB reserved,      10.81 MB (  1%) committed,  1 nodes.
             Both:        1.12 GB reserved,     104.06 MB (  9%) committed. 

Chunk freelists:
   Non-Class:  2.80 MB
       Class:  5.13 MB
        Both:  7.93 MB

MaxMetaspaceSize: unlimited
CompressedClassSpaceSize: 1.00 GB
Initial GC threshold: 21.00 MB
Current GC threshold: 172.62 MB
CDS: on
 - commit_granule_bytes: 65536.
 - commit_granule_words: 8192.
 - virtual_space_node_default_size: 8388608.
 - enlarge_chunks_in_place: 1.
 - use_allocation_guard: 0.


Internal statistics:

num_allocs_failed_limit: 9.
num_arena_births: 2100.
num_arena_deaths: 366.
num_vsnodes_births: 3.
num_vsnodes_deaths: 0.
num_space_committed: 1664.
num_space_uncommitted: 0.
num_chunks_returned_to_freelist: 443.
num_chunks_taken_from_freelist: 7614.
num_chunk_merges: 123.
num_chunk_splits: 4442.
num_chunks_enlarged: 2349.
num_inconsistent_stats: 0.

CodeHeap 'non-profiled nmethods': size=119168Kb used=26083Kb max_used=31492Kb free=93084Kb
 bounds [0x000001ac76ac0000, 0x000001ac789a0000, 0x000001ac7df20000]
CodeHeap 'profiled nmethods': size=119104Kb used=30232Kb max_used=53557Kb free=88871Kb
 bounds [0x000001ac6ef20000, 0x000001ac723a0000, 0x000001ac76370000]
CodeHeap 'non-nmethods': size=7488Kb used=2697Kb max_used=3330Kb free=4791Kb
 bounds [0x000001ac76370000, 0x000001ac766c0000, 0x000001ac76ac0000]
 total_blobs=15191 nmethods=14290 adapters=798
 compilation: enabled
              stopped_count=0, restarted_count=0
 full_count=0

Compilation events (20 events):
Event: 3161.006 Thread 0x000001ac4f616b90 nmethod 40247 0x000001ac7843e910 code [0x000001ac7843eaa0, 0x000001ac7843eb48]
Event: 3161.006 Thread 0x000001ac4f616b90 40244       4       java.nio.DirectByteBuffer::ix (10 bytes)
Event: 3161.006 Thread 0x000001ac4f616b90 nmethod 40244 0x000001ac7853a490 code [0x000001ac7853a620, 0x000001ac7853a6b0]
Event: 3161.006 Thread 0x000001ac4f616b90 40252       4       java.nio.DirectIntBufferU::ix (10 bytes)
Event: 3161.006 Thread 0x000001ac4f616b90 nmethod 40252 0x000001ac77b4f490 code [0x000001ac77b4f620, 0x000001ac77b4f6b0]
Event: 3161.006 Thread 0x000001ac4f616b90 40276       4       org.eclipse.jdt.internal.core.JavaElement::appendEscapedDelimiter (14 bytes)
Event: 3161.011 Thread 0x000001ac58aa23a0 40279       3       org.eclipse.jdt.internal.compiler.lookup.MethodBinding::getAnnotationTagBits (153 bytes)
Event: 3161.012 Thread 0x000001ac58aa23a0 nmethod 40279 0x000001ac6ff4a910 code [0x000001ac6ff4ab80, 0x000001ac6ff4b938]
Event: 3161.012 Thread 0x000001ac4f616b90 nmethod 40276 0x000001ac7717fb10 code [0x000001ac7717fd20, 0x000001ac77180188]
Event: 3161.012 Thread 0x000001ac4f616b90 40240   !   4       jdk.internal.misc.ScopedMemoryAccess::getByteInternal (34 bytes)
Event: 3161.013 Thread 0x000001ac4f616b90 nmethod 40240 0x000001ac77c40b90 code [0x000001ac77c40d20, 0x000001ac77c40df0]
Event: 3161.013 Thread 0x000001ac4f616b90 40266       4       java.lang.invoke.MemberName::isResolved (13 bytes)
Event: 3161.016 Thread 0x000001ac4f616b90 nmethod 40266 0x000001ac77c46610 code [0x000001ac77c467a0, 0x000001ac77c46830]
Event: 3161.017 Thread 0x000001ac4f616b90 40280       4       org.eclipse.jdt.internal.compiler.lookup.Scope::minimalErasedCandidates (1730 bytes)
Event: 3161.019 Thread 0x000001ac58aa3140 40281       3       org.eclipse.jdt.internal.compiler.lookup.AnnotationBinding::addStandardAnnotations (511 bytes)
Event: 3161.019 Thread 0x000001ac58aa23a0 40282       3       org.eclipse.jdt.core.dom.ASTConverter::buildBodyDeclarations (377 bytes)
Event: 3161.020 Thread 0x000001ac7fbb0050 40283       2       org.eclipse.jdt.internal.compiler.flow.UnconditionalFlowInfo::markAsDefinitelyNonNull (284 bytes)
Event: 3161.020 Thread 0x000001ac7fbb0050 nmethod 40283 0x000001ac703b4f90 code [0x000001ac703b51a0, 0x000001ac703b56e0]
Event: 3161.020 Thread 0x000001ac58aa3140 nmethod 40281 0x000001ac70d70590 code [0x000001ac70d70940, 0x000001ac70d72720]
Event: 3161.021 Thread 0x000001ac58aa23a0 nmethod 40282 0x000001ac6faf1590 code [0x000001ac6faf18c0, 0x000001ac6faf30d0]

GC Heap History (20 events):
Event: 3160.986 GC heap after
{Heap after GC invocations=8647 (full 16):
 PSYoungGen      total 5632K, used 778K [0x00000000d5580000, 0x00000000d5e80000, 0x0000000100000000)
  eden space 4608K, 0% used [0x00000000d5580000,0x00000000d5580000,0x00000000d5a00000)
  from space 1024K, 76% used [0x00000000d5d80000,0x00000000d5e42910,0x00000000d5e80000)
  to   space 1024K, 0% used [0x00000000d5c80000,0x00000000d5c80000,0x00000000d5d80000)
 ParOldGen       total 1084928K, used 1084853K [0x0000000080000000, 0x00000000c2380000, 0x00000000d5580000)
  object space 1084928K, 99% used [0x0000000080000000,0x00000000c236d748,0x00000000c2380000)
 Metaspace       used 104709K, committed 106560K, reserved 1179648K
  class space    used 10133K, committed 11072K, reserved 1048576K
}
Event: 3160.989 GC heap before
{Heap before GC invocations=8648 (full 16):
 PSYoungGen      total 5632K, used 5386K [0x00000000d5580000, 0x00000000d5e80000, 0x0000000100000000)
  eden space 4608K, 100% used [0x00000000d5580000,0x00000000d5a00000,0x00000000d5a00000)
  from space 1024K, 76% used [0x00000000d5d80000,0x00000000d5e42910,0x00000000d5e80000)
  to   space 1024K, 0% used [0x00000000d5c80000,0x00000000d5c80000,0x00000000d5d80000)
 ParOldGen       total 1084928K, used 1084853K [0x0000000080000000, 0x00000000c2380000, 0x00000000d5580000)
  object space 1084928K, 99% used [0x0000000080000000,0x00000000c236d748,0x00000000c2380000)
 Metaspace       used 104709K, committed 106560K, reserved 1179648K
  class space    used 10133K, committed 11072K, reserved 1048576K
}
Event: 3160.991 GC heap after
{Heap after GC invocations=8648 (full 16):
 PSYoungGen      total 5632K, used 660K [0x00000000d5580000, 0x00000000d5e00000, 0x0000000100000000)
  eden space 4608K, 0% used [0x00000000d5580000,0x00000000d5580000,0x00000000d5a00000)
  from space 1024K, 64% used [0x00000000d5c80000,0x00000000d5d25200,0x00000000d5d80000)
  to   space 512K, 0% used [0x00000000d5d80000,0x00000000d5d80000,0x00000000d5e00000)
 ParOldGen       total 1085440K, used 1085367K [0x0000000080000000, 0x00000000c2400000, 0x00000000d5580000)
  object space 1085440K, 99% used [0x0000000080000000,0x00000000c23edc58,0x00000000c2400000)
 Metaspace       used 104709K, committed 106560K, reserved 1179648K
  class space    used 10133K, committed 11072K, reserved 1048576K
}
Event: 3160.995 GC heap before
{Heap before GC invocations=8649 (full 16):
 PSYoungGen      total 5632K, used 5268K [0x00000000d5580000, 0x00000000d5e00000, 0x0000000100000000)
  eden space 4608K, 100% used [0x00000000d5580000,0x00000000d5a00000,0x00000000d5a00000)
  from space 1024K, 64% used [0x00000000d5c80000,0x00000000d5d25200,0x00000000d5d80000)
  to   space 512K, 0% used [0x00000000d5d80000,0x00000000d5d80000,0x00000000d5e00000)
 ParOldGen       total 1085440K, used 1085367K [0x0000000080000000, 0x00000000c2400000, 0x00000000d5580000)
  object space 1085440K, 99% used [0x0000000080000000,0x00000000c23edc58,0x00000000c2400000)
 Metaspace       used 104709K, committed 106560K, reserved 1179648K
  class space    used 10133K, committed 11072K, reserved 1048576K
}
Event: 3160.996 GC heap after
{Heap after GC invocations=8649 (full 16):
 PSYoungGen      total 6144K, used 512K [0x00000000d5580000, 0x00000000d5e00000, 0x0000000100000000)
  eden space 5632K, 0% used [0x00000000d5580000,0x00000000d5580000,0x00000000d5b00000)
  from space 512K, 100% used [0x00000000d5d80000,0x00000000d5e00000,0x00000000d5e00000)
  to   space 1536K, 0% used [0x00000000d5b00000,0x00000000d5b00000,0x00000000d5c80000)
 ParOldGen       total 1086464K, used 1085968K [0x0000000080000000, 0x00000000c2500000, 0x00000000d5580000)
  object space 1086464K, 99% used [0x0000000080000000,0x00000000c2484108,0x00000000c2500000)
 Metaspace       used 104709K, committed 106560K, reserved 1179648K
  class space    used 10133K, committed 11072K, reserved 1048576K
}
Event: 3161.000 GC heap before
{Heap before GC invocations=8650 (full 16):
 PSYoungGen      total 6144K, used 6144K [0x00000000d5580000, 0x00000000d5e00000, 0x0000000100000000)
  eden space 5632K, 100% used [0x00000000d5580000,0x00000000d5b00000,0x00000000d5b00000)
  from space 512K, 100% used [0x00000000d5d80000,0x00000000d5e00000,0x00000000d5e00000)
  to   space 1536K, 0% used [0x00000000d5b00000,0x00000000d5b00000,0x00000000d5c80000)
 ParOldGen       total 1086464K, used 1085968K [0x0000000080000000, 0x00000000c2500000, 0x00000000d5580000)
  object space 1086464K, 99% used [0x0000000080000000,0x00000000c2484108,0x00000000c2500000)
 Metaspace       used 104709K, committed 106560K, reserved 1179648K
  class space    used 10133K, committed 11072K, reserved 1048576K
}
Event: 3161.002 GC heap after
{Heap after GC invocations=8650 (full 16):
 PSYoungGen      total 7168K, used 672K [0x00000000d5580000, 0x00000000d5e80000, 0x0000000100000000)
  eden space 5632K, 0% used [0x00000000d5580000,0x00000000d5580000,0x00000000d5b00000)
  from space 1536K, 43% used [0x00000000d5b00000,0x00000000d5ba8000,0x00000000d5c80000)
  to   space 1024K, 0% used [0x00000000d5d80000,0x00000000d5d80000,0x00000000d5e80000)
 ParOldGen       total 1086464K, used 1086280K [0x0000000080000000, 0x00000000c2500000, 0x00000000d5580000)
  object space 1086464K, 99% used [0x0000000080000000,0x00000000c24d2128,0x00000000c2500000)
 Metaspace       used 104709K, committed 106560K, reserved 1179648K
  class space    used 10133K, committed 11072K, reserved 1048576K
}
Event: 3161.006 GC heap before
{Heap before GC invocations=8651 (full 16):
 PSYoungGen      total 7168K, used 6304K [0x00000000d5580000, 0x00000000d5e80000, 0x0000000100000000)
  eden space 5632K, 100% used [0x00000000d5580000,0x00000000d5b00000,0x00000000d5b00000)
  from space 1536K, 43% used [0x00000000d5b00000,0x00000000d5ba8000,0x00000000d5c80000)
  to   space 1024K, 0% used [0x00000000d5d80000,0x00000000d5d80000,0x00000000d5e80000)
 ParOldGen       total 1086464K, used 1086280K [0x0000000080000000, 0x00000000c2500000, 0x00000000d5580000)
  object space 1086464K, 99% used [0x0000000080000000,0x00000000c24d2128,0x00000000c2500000)
 Metaspace       used 104709K, committed 106560K, reserved 1179648K
  class space    used 10133K, committed 11072K, reserved 1048576K
}
Event: 3161.008 GC heap after
{Heap after GC invocations=8651 (full 16):
 PSYoungGen      total 8192K, used 608K [0x00000000d5580000, 0x00000000d5e80000, 0x0000000100000000)
  eden space 7168K, 0% used [0x00000000d5580000,0x00000000d5580000,0x00000000d5c80000)
  from space 1024K, 59% used [0x00000000d5d80000,0x00000000d5e18000,0x00000000d5e80000)
  to   space 1024K, 0% used [0x00000000d5c80000,0x00000000d5c80000,0x00000000d5d80000)
 ParOldGen       total 1086976K, used 1086752K [0x0000000080000000, 0x00000000c2580000, 0x00000000d5580000)
  object space 1086976K, 99% used [0x0000000080000000,0x00000000c2548168,0x00000000c2580000)
 Metaspace       used 104709K, committed 106560K, reserved 1179648K
  class space    used 10133K, committed 11072K, reserved 1048576K
}
Event: 3161.013 GC heap before
{Heap before GC invocations=8652 (full 16):
 PSYoungGen      total 8192K, used 7776K [0x00000000d5580000, 0x00000000d5e80000, 0x0000000100000000)
  eden space 7168K, 100% used [0x00000000d5580000,0x00000000d5c80000,0x00000000d5c80000)
  from space 1024K, 59% used [0x00000000d5d80000,0x00000000d5e18000,0x00000000d5e80000)
  to   space 1024K, 0% used [0x00000000d5c80000,0x00000000d5c80000,0x00000000d5d80000)
 ParOldGen       total 1086976K, used 1086752K [0x0000000080000000, 0x00000000c2580000, 0x00000000d5580000)
  object space 1086976K, 99% used [0x0000000080000000,0x00000000c2548168,0x00000000c2580000)
 Metaspace       used 104709K, committed 106560K, reserved 1179648K
  class space    used 10133K, committed 11072K, reserved 1048576K
}
Event: 3161.015 GC heap after
{Heap after GC invocations=8652 (full 16):
 PSYoungGen      total 8192K, used 1013K [0x00000000d5580000, 0x00000000d6200000, 0x0000000100000000)
  eden space 7168K, 0% used [0x00000000d5580000,0x00000000d5580000,0x00000000d5c80000)
  from space 1024K, 98% used [0x00000000d5c80000,0x00000000d5d7d4a0,0x00000000d5d80000)
  to   space 2048K, 0% used [0x00000000d6000000,0x00000000d6000000,0x00000000d6200000)
 ParOldGen       total 1087488K, used 1087272K [0x0000000080000000, 0x00000000c2600000, 0x00000000d5580000)
  object space 1087488K, 99% used [0x0000000080000000,0x00000000c25ca188,0x00000000c2600000)
 Metaspace       used 104709K, committed 106560K, reserved 1179648K
  class space    used 10133K, committed 11072K, reserved 1048576K
}
Event: 3161.025 GC heap before
{Heap before GC invocations=8653 (full 16):
 PSYoungGen      total 8192K, used 8181K [0x00000000d5580000, 0x00000000d6200000, 0x0000000100000000)
  eden space 7168K, 100% used [0x00000000d5580000,0x00000000d5c80000,0x00000000d5c80000)
  from space 1024K, 98% used [0x00000000d5c80000,0x00000000d5d7d4a0,0x00000000d5d80000)
  to   space 2048K, 0% used [0x00000000d6000000,0x00000000d6000000,0x00000000d6200000)
 ParOldGen       total 1087488K, used 1087272K [0x0000000080000000, 0x00000000c2600000, 0x00000000d5580000)
  object space 1087488K, 99% used [0x0000000080000000,0x00000000c25ca188,0x00000000c2600000)
 Metaspace       used 104709K, committed 106560K, reserved 1179648K
  class space    used 10133K, committed 11072K, reserved 1048576K
}
Event: 3161.027 GC heap after
{Heap after GC invocations=8653 (full 16):
 PSYoungGen      total 8704K, used 2028K [0x00000000d5580000, 0x00000000d6600000, 0x0000000100000000)
  eden space 6656K, 0% used [0x00000000d5580000,0x00000000d5580000,0x00000000d5c00000)
  from space 2048K, 99% used [0x00000000d6000000,0x00000000d61fb268,0x00000000d6200000)
  to   space 4096K, 0% used [0x00000000d5c00000,0x00000000d5c00000,0x00000000d6000000)
 ParOldGen       total 1089024K, used 1088691K [0x0000000080000000, 0x00000000c2780000, 0x00000000d5580000)
  object space 1089024K, 99% used [0x0000000080000000,0x00000000c272ce18,0x00000000c2780000)
 Metaspace       used 104709K, committed 106560K, reserved 1179648K
  class space    used 10133K, committed 11072K, reserved 1048576K
}
Event: 3161.033 GC heap before
{Heap before GC invocations=8654 (full 16):
 PSYoungGen      total 8704K, used 8684K [0x00000000d5580000, 0x00000000d6600000, 0x0000000100000000)
  eden space 6656K, 100% used [0x00000000d5580000,0x00000000d5c00000,0x00000000d5c00000)
  from space 2048K, 99% used [0x00000000d6000000,0x00000000d61fb268,0x00000000d6200000)
  to   space 4096K, 0% used [0x00000000d5c00000,0x00000000d5c00000,0x00000000d6000000)
 ParOldGen       total 1089024K, used 1088691K [0x0000000080000000, 0x00000000c2780000, 0x00000000d5580000)
  object space 1089024K, 99% used [0x0000000080000000,0x00000000c272ce18,0x00000000c2780000)
 Metaspace       used 104709K, committed 106560K, reserved 1179648K
  class space    used 10133K, committed 11072K, reserved 1048576K
}
Event: 3161.035 GC heap after
{Heap after GC invocations=8654 (full 16):
 PSYoungGen      total 10752K, used 2546K [0x00000000d5580000, 0x00000000d6380000, 0x0000000100000000)
  eden space 6656K, 0% used [0x00000000d5580000,0x00000000d5580000,0x00000000d5c00000)
  from space 4096K, 62% used [0x00000000d5c00000,0x00000000d5e7c9a0,0x00000000d6000000)
  to   space 3072K, 0% used [0x00000000d6080000,0x00000000d6080000,0x00000000d6380000)
 ParOldGen       total 1089536K, used 1089289K [0x0000000080000000, 0x00000000c2800000, 0x00000000d5580000)
  object space 1089536K, 99% used [0x0000000080000000,0x00000000c27c25a8,0x00000000c2800000)
 Metaspace       used 104709K, committed 106560K, reserved 1179648K
  class space    used 10133K, committed 11072K, reserved 1048576K
}
Event: 3161.041 GC heap before
{Heap before GC invocations=8655 (full 16):
 PSYoungGen      total 10752K, used 9202K [0x00000000d5580000, 0x00000000d6380000, 0x0000000100000000)
  eden space 6656K, 100% used [0x00000000d5580000,0x00000000d5c00000,0x00000000d5c00000)
  from space 4096K, 62% used [0x00000000d5c00000,0x00000000d5e7c9a0,0x00000000d6000000)
  to   space 3072K, 0% used [0x00000000d6080000,0x00000000d6080000,0x00000000d6380000)
 ParOldGen       total 1089536K, used 1089289K [0x0000000080000000, 0x00000000c2800000, 0x00000000d5580000)
  object space 1089536K, 99% used [0x0000000080000000,0x00000000c27c25a8,0x00000000c2800000)
 Metaspace       used 104709K, committed 106560K, reserved 1179648K
  class space    used 10133K, committed 11072K, reserved 1048576K
}
Event: 3161.043 GC heap after
{Heap after GC invocations=8655 (full 16):
 PSYoungGen      total 9728K, used 1056K [0x00000000d5580000, 0x00000000d6200000, 0x0000000100000000)
  eden space 8192K, 0% used [0x00000000d5580000,0x00000000d5580000,0x00000000d5d80000)
  from space 1536K, 68% used [0x00000000d6080000,0x00000000d6188160,0x00000000d6200000)
  to   space 2048K, 0% used [0x00000000d5e00000,0x00000000d5e00000,0x00000000d6000000)
 ParOldGen       total 1090048K, used 1090005K [0x0000000080000000, 0x00000000c2880000, 0x00000000d5580000)
  object space 1090048K, 99% used [0x0000000080000000,0x00000000c28757a8,0x00000000c2880000)
 Metaspace       used 104709K, committed 106560K, reserved 1179648K
  class space    used 10133K, committed 11072K, reserved 1048576K
}
Event: 3161.052 GC heap before
{Heap before GC invocations=8656 (full 16):
 PSYoungGen      total 9728K, used 9248K [0x00000000d5580000, 0x00000000d6200000, 0x0000000100000000)
  eden space 8192K, 100% used [0x00000000d5580000,0x00000000d5d80000,0x00000000d5d80000)
  from space 1536K, 68% used [0x00000000d6080000,0x00000000d6188160,0x00000000d6200000)
  to   space 2048K, 0% used [0x00000000d5e00000,0x00000000d5e00000,0x00000000d6000000)
 ParOldGen       total 1090048K, used 1090005K [0x0000000080000000, 0x00000000c2880000, 0x00000000d5580000)
  object space 1090048K, 99% used [0x0000000080000000,0x00000000c28757a8,0x00000000c2880000)
 Metaspace       used 104709K, committed 106560K, reserved 1179648K
  class space    used 10133K, committed 11072K, reserved 1048576K
}
Event: 3161.055 GC heap after
{Heap after GC invocations=8656 (full 16):
 PSYoungGen      total 10752K, used 1220K [0x00000000d5580000, 0x00000000d6280000, 0x0000000100000000)
  eden space 8704K, 0% used [0x00000000d5580000,0x00000000d5580000,0x00000000d5e00000)
  from space 2048K, 59% used [0x00000000d5e00000,0x00000000d5f31210,0x00000000d6000000)
  to   space 1536K, 0% used [0x00000000d6100000,0x00000000d6100000,0x00000000d6280000)
 ParOldGen       total 1091072K, used 1090867K [0x0000000080000000, 0x00000000c2980000, 0x00000000d5580000)
  object space 1091072K, 99% used [0x0000000080000000,0x00000000c294cde8,0x00000000c2980000)
 Metaspace       used 104709K, committed 106560K, reserved 1179648K
  class space    used 10133K, committed 11072K, reserved 1048576K
}
Event: 3161.067 GC heap before
{Heap before GC invocations=8657 (full 16):
 PSYoungGen      total 10752K, used 9924K [0x00000000d5580000, 0x00000000d6280000, 0x0000000100000000)
  eden space 8704K, 100% used [0x00000000d5580000,0x00000000d5e00000,0x00000000d5e00000)
  from space 2048K, 59% used [0x00000000d5e00000,0x00000000d5f31210,0x00000000d6000000)
  to   space 1536K, 0% used [0x00000000d6100000,0x00000000d6100000,0x00000000d6280000)
 ParOldGen       total 1091072K, used 1090867K [0x0000000080000000, 0x00000000c2980000, 0x00000000d5580000)
  object space 1091072K, 99% used [0x0000000080000000,0x00000000c294cde8,0x00000000c2980000)
 Metaspace       used 104709K, committed 106560K, reserved 1179648K
  class space    used 10133K, committed 11072K, reserved 1048576K
}

Dll operation events (14 events):
Event: 0.010 Loaded shared library c:\Users\m1510\.vscode\extensions\redhat.java-1.43.1-win32-x64\jre\21.0.7-win32-x86_64\bin\java.dll
Event: 0.027 Loaded shared library c:\Users\m1510\.vscode\extensions\redhat.java-1.43.1-win32-x64\jre\21.0.7-win32-x86_64\bin\zip.dll
Event: 0.068 Loaded shared library C:\Users\m1510\.vscode\extensions\redhat.java-1.43.1-win32-x64\jre\21.0.7-win32-x86_64\bin\instrument.dll
Event: 0.072 Loaded shared library C:\Users\m1510\.vscode\extensions\redhat.java-1.43.1-win32-x64\jre\21.0.7-win32-x86_64\bin\net.dll
Event: 0.075 Loaded shared library C:\Users\m1510\.vscode\extensions\redhat.java-1.43.1-win32-x64\jre\21.0.7-win32-x86_64\bin\nio.dll
Event: 0.077 Loaded shared library C:\Users\m1510\.vscode\extensions\redhat.java-1.43.1-win32-x64\jre\21.0.7-win32-x86_64\bin\zip.dll
Event: 0.089 Loaded shared library C:\Users\m1510\.vscode\extensions\redhat.java-1.43.1-win32-x64\jre\21.0.7-win32-x86_64\bin\jimage.dll
Event: 0.150 Loaded shared library c:\Users\m1510\.vscode\extensions\redhat.java-1.43.1-win32-x64\jre\21.0.7-win32-x86_64\bin\verify.dll
Event: 8.340 Loaded shared library C:\Users\m1510\AppData\Roaming\Code\User\globalStorage\redhat.java\1.43.1\config_win\org.eclipse.equinox.launcher\org.eclipse.equinox.launcher.win32.win32.x86_64_1.2.1300.v20250331-1702\eclipse_11911.dll
Event: 20.121 Loaded shared library C:\Users\m1510\AppData\Local\Temp\jna-102176048\jna621649196580304845.dll
Event: 103.420 Loaded shared library C:\Users\m1510\.vscode\extensions\redhat.java-1.43.1-win32-x64\jre\21.0.7-win32-x86_64\bin\extnet.dll
Event: 1118.939 Loaded shared library C:\Users\m1510\.vscode\extensions\redhat.java-1.43.1-win32-x64\jre\21.0.7-win32-x86_64\bin\sunmscapi.dll
Event: 1230.886 Loaded shared library C:\Users\m1510\.vscode\extensions\redhat.java-1.43.1-win32-x64\jre\21.0.7-win32-x86_64\bin\management.dll
Event: 1230.890 Loaded shared library C:\Users\m1510\.vscode\extensions\redhat.java-1.43.1-win32-x64\jre\21.0.7-win32-x86_64\bin\management_ext.dll

Deoptimization events (20 events):
Event: 3160.935 Thread 0x000001ac7fc50b90 Uncommon trap: trap_request=0xffffff66 fr.pc=0x000001ac780e902c relative=0x000000000000064c
Event: 3160.935 Thread 0x000001ac7fc50b90 Uncommon trap: reason=speculate_class_check action=maybe_recompile pc=0x000001ac780e902c method=org.eclipse.jdt.internal.compiler.lookup.AnnotationBinding.hashCode()I @ 4 c2
Event: 3160.935 Thread 0x000001ac7fc50b90 DEOPT PACKING pc=0x000001ac780e902c sp=0x0000001b3f9fe3b0
Event: 3160.935 Thread 0x000001ac7fc50b90 DEOPT UNPACKING pc=0x000001ac763c3aa2 sp=0x0000001b3f9fe2e8 mode 2
Event: 3160.935 Thread 0x000001ac7fc50b90 Uncommon trap: trap_request=0xffffffde fr.pc=0x000001ac78481c30 relative=0x0000000000000650
Event: 3160.935 Thread 0x000001ac7fc50b90 Uncommon trap: reason=class_check action=maybe_recompile pc=0x000001ac78481c30 method=org.eclipse.jdt.internal.compiler.lookup.AnnotationBinding.hashCode()I @ 4 c2
Event: 3160.935 Thread 0x000001ac7fc50b90 DEOPT PACKING pc=0x000001ac78481c30 sp=0x0000001b3f9fe340
Event: 3160.935 Thread 0x000001ac7fc50b90 DEOPT UNPACKING pc=0x000001ac763c3aa2 sp=0x0000001b3f9fe2e0 mode 2
Event: 3160.935 Thread 0x000001ac7fc50b90 Uncommon trap: trap_request=0xffffffde fr.pc=0x000001ac78481c30 relative=0x0000000000000650
Event: 3160.935 Thread 0x000001ac7fc50b90 Uncommon trap: reason=class_check action=maybe_recompile pc=0x000001ac78481c30 method=org.eclipse.jdt.internal.compiler.lookup.AnnotationBinding.hashCode()I @ 4 c2
Event: 3160.935 Thread 0x000001ac7fc50b90 DEOPT PACKING pc=0x000001ac78481c30 sp=0x0000001b3f9fe340
Event: 3160.935 Thread 0x000001ac7fc50b90 DEOPT UNPACKING pc=0x000001ac763c3aa2 sp=0x0000001b3f9fe2e0 mode 2
Event: 3160.945 Thread 0x000001ac7fc50b90 Uncommon trap: trap_request=0xffffff45 fr.pc=0x000001ac7771089c relative=0x000000000000131c
Event: 3160.945 Thread 0x000001ac7fc50b90 Uncommon trap: reason=unstable_if action=reinterpret pc=0x000001ac7771089c method=org.eclipse.jdt.internal.core.PackageFragmentRoot.getHandleMemento(Ljava/lang/StringBuilder;)V @ 6 c2
Event: 3160.945 Thread 0x000001ac7fc50b90 DEOPT PACKING pc=0x000001ac7771089c sp=0x0000001b3f9fe7d0
Event: 3160.945 Thread 0x000001ac7fc50b90 DEOPT UNPACKING pc=0x000001ac763c3aa2 sp=0x0000001b3f9fe798 mode 2
Event: 3160.980 Thread 0x000001ac7fc50b90 Uncommon trap: trap_request=0xffffff45 fr.pc=0x000001ac76b5f538 relative=0x0000000000000b98
Event: 3160.980 Thread 0x000001ac7fc50b90 Uncommon trap: reason=unstable_if action=reinterpret pc=0x000001ac76b5f538 method=java.nio.Bits.tryReserveMemory(JJ)Z @ 30 c2
Event: 3160.980 Thread 0x000001ac7fc50b90 DEOPT PACKING pc=0x000001ac76b5f538 sp=0x0000001b3f9fe6e0
Event: 3160.980 Thread 0x000001ac7fc50b90 DEOPT UNPACKING pc=0x000001ac763c3aa2 sp=0x0000001b3f9fe480 mode 2

Classes loaded (20 events):
Event: 2732.117 Loading class jdk/internal/module/IllegalAccessLogger
Event: 2732.117 Loading class jdk/internal/module/IllegalAccessLogger done
Event: 3063.359 Loading class jdk/internal/module/IllegalAccessLogger
Event: 3063.359 Loading class jdk/internal/module/IllegalAccessLogger done
Event: 3084.558 Loading class jdk/internal/module/IllegalAccessLogger
Event: 3084.558 Loading class jdk/internal/module/IllegalAccessLogger done
Event: 3095.181 Loading class jdk/internal/module/IllegalAccessLogger
Event: 3095.181 Loading class jdk/internal/module/IllegalAccessLogger done
Event: 3135.368 Loading class jdk/internal/module/IllegalAccessLogger
Event: 3135.368 Loading class jdk/internal/module/IllegalAccessLogger done
Event: 3142.938 Loading class jdk/internal/module/IllegalAccessLogger
Event: 3142.938 Loading class jdk/internal/module/IllegalAccessLogger done
Event: 3145.211 Loading class jdk/internal/module/IllegalAccessLogger
Event: 3145.211 Loading class jdk/internal/module/IllegalAccessLogger done
Event: 3146.654 Loading class jdk/internal/module/IllegalAccessLogger
Event: 3146.654 Loading class jdk/internal/module/IllegalAccessLogger done
Event: 3160.097 Loading class jdk/internal/module/IllegalAccessLogger
Event: 3160.097 Loading class jdk/internal/module/IllegalAccessLogger done
Event: 3160.883 Loading class javax/xml/transform/TransformerConfigurationException
Event: 3160.884 Loading class javax/xml/transform/TransformerConfigurationException done

Classes unloaded (20 events):
Event: 2427.821 Thread 0x000001ac6bdcf8e0 Unloading class 0x000001ac051a2c00 'java/lang/invoke/LambdaForm$MH+0x000001ac051a2c00'
Event: 2427.821 Thread 0x000001ac6bdcf8e0 Unloading class 0x000001ac051a1c00 'java/lang/invoke/LambdaForm$MH+0x000001ac051a1c00'
Event: 2427.821 Thread 0x000001ac6bdcf8e0 Unloading class 0x000001ac051a1800 'java/lang/invoke/LambdaForm$MH+0x000001ac051a1800'
Event: 2427.821 Thread 0x000001ac6bdcf8e0 Unloading class 0x000001ac051a1400 'java/lang/invoke/LambdaForm$MH+0x000001ac051a1400'
Event: 2427.821 Thread 0x000001ac6bdcf8e0 Unloading class 0x000001ac051a1000 'java/lang/invoke/LambdaForm$MH+0x000001ac051a1000'
Event: 2427.821 Thread 0x000001ac6bdcf8e0 Unloading class 0x000001ac0517fc00 'java/lang/invoke/LambdaForm$MH+0x000001ac0517fc00'
Event: 2427.821 Thread 0x000001ac6bdcf8e0 Unloading class 0x000001ac0517ec00 'java/lang/invoke/LambdaForm$MH+0x000001ac0517ec00'
Event: 2427.821 Thread 0x000001ac6bdcf8e0 Unloading class 0x000001ac0517e800 'java/lang/invoke/LambdaForm$MH+0x000001ac0517e800'
Event: 2427.821 Thread 0x000001ac6bdcf8e0 Unloading class 0x000001ac0517e400 'java/lang/invoke/LambdaForm$MH+0x000001ac0517e400'
Event: 2427.821 Thread 0x000001ac6bdcf8e0 Unloading class 0x000001ac0517d800 'java/lang/invoke/LambdaForm$MH+0x000001ac0517d800'
Event: 2427.821 Thread 0x000001ac6bdcf8e0 Unloading class 0x000001ac0517d000 'java/lang/invoke/LambdaForm$MH+0x000001ac0517d000'
Event: 2427.821 Thread 0x000001ac6bdcf8e0 Unloading class 0x000001ac0501ec00 'java/lang/invoke/LambdaForm$MH+0x000001ac0501ec00'
Event: 2427.821 Thread 0x000001ac6bdcf8e0 Unloading class 0x000001ac05019400 'java/lang/invoke/LambdaForm$MH+0x000001ac05019400'
Event: 2427.821 Thread 0x000001ac6bdcf8e0 Unloading class 0x000001ac05018800 'java/lang/invoke/LambdaForm$MH+0x000001ac05018800'
Event: 2427.821 Thread 0x000001ac6bdcf8e0 Unloading class 0x000001ac05018400 'java/lang/invoke/LambdaForm$MH+0x000001ac05018400'
Event: 2427.821 Thread 0x000001ac6bdcf8e0 Unloading class 0x000001ac05018000 'java/lang/invoke/LambdaForm$MH+0x000001ac05018000'
Event: 2427.821 Thread 0x000001ac6bdcf8e0 Unloading class 0x000001ac05017400 'java/lang/invoke/LambdaForm$MH+0x000001ac05017400'
Event: 2427.821 Thread 0x000001ac6bdcf8e0 Unloading class 0x000001ac05016400 'java/lang/invoke/LambdaForm$MH+0x000001ac05016400'
Event: 2427.821 Thread 0x000001ac6bdcf8e0 Unloading class 0x000001ac05002400 'java/lang/invoke/LambdaForm$MH+0x000001ac05002400'
Event: 2427.821 Thread 0x000001ac6bdcf8e0 Unloading class 0x000001ac05002000 'java/lang/invoke/LambdaForm$MH+0x000001ac05002000'

Classes redefined (0 events):
No events

Internal exceptions (20 events):
Event: 3095.173 Thread 0x000001ac4b229010 Exception <a 'sun/nio/fs/WindowsException'{0x00000000d56e2be8}> (0x00000000d56e2be8) 
thrown [s\src\hotspot\share\prims\jni.cpp, line 520]
Event: 3119.825 Thread 0x000001ac7fc4eac0 Implicit null exception at 0x000001ac7733cb11 to 0x000001ac7733d814
Event: 3119.827 Thread 0x000001ac7fc4eac0 Implicit null exception at 0x000001ac77774de8 to 0x000001ac7777589c
Event: 3119.828 Thread 0x000001ac7fc4eac0 Implicit null exception at 0x000001ac7711aa78 to 0x000001ac7711fbfc
Event: 3119.829 Thread 0x000001ac7fc4eac0 Implicit null exception at 0x000001ac76b7a71d to 0x000001ac76b7a9d4
Event: 3119.831 Thread 0x000001ac7fc4eac0 Implicit null exception at 0x000001ac7786121f to 0x000001ac778615fc
Event: 3120.737 Thread 0x000001ac7fc4b640 Implicit null exception at 0x000001ac78089053 to 0x000001ac78089538
Event: 3124.064 Thread 0x000001ac7fc4b640 Implicit null exception at 0x000001ac76b27435 to 0x000001ac76b2763c
Event: 3124.064 Thread 0x000001ac7fc4b640 Implicit null exception at 0x000001ac76f8748e to 0x000001ac76f87535
Event: 3135.241 Thread 0x000001ac4b229010 Exception <a 'sun/nio/fs/WindowsException'{0x00000000d57ad678}> (0x00000000d57ad678) 
thrown [s\src\hotspot\share\prims\jni.cpp, line 520]
Event: 3135.362 Thread 0x000001ac4b229010 Exception <a 'sun/nio/fs/WindowsException'{0x00000000d55d6350}> (0x00000000d55d6350) 
thrown [s\src\hotspot\share\prims\jni.cpp, line 520]
Event: 3139.905 Thread 0x000001ac7fc4fe70 Exception <a 'java/lang/ClassNotFoundException'{0x00000000d5c29a00}: sun/net/www/protocol/jdt/Handler> (0x00000000d5c29a00) 
thrown [s\src\hotspot\share\classfile\systemDictionary.cpp, line 312]
Event: 3139.905 Thread 0x000001ac7fc4fe70 Exception <a 'java/lang/ClassNotFoundException'{0x00000000d5c2bb00}: sun/net/www/protocol/jdt/Handler> (0x00000000d5c2bb00) 
thrown [s\src\hotspot\share\classfile\systemDictionary.cpp, line 312]
Event: 3139.905 Thread 0x000001ac7fc4fe70 Exception <a 'java/lang/ClassNotFoundException'{0x00000000d5c2d9f0}: sun/net/www/protocol/jdt/Handler> (0x00000000d5c2d9f0) 
thrown [s\src\hotspot\share\classfile\systemDictionary.cpp, line 312]
Event: 3142.801 Thread 0x000001ac4b229010 Exception <a 'sun/nio/fs/WindowsException'{0x00000000d5580758}> (0x00000000d5580758) 
thrown [s\src\hotspot\share\prims\jni.cpp, line 520]
Event: 3142.933 Thread 0x000001ac4b229010 Exception <a 'sun/nio/fs/WindowsException'{0x00000000d55c5578}> (0x00000000d55c5578) 
thrown [s\src\hotspot\share\prims\jni.cpp, line 520]
Event: 3145.084 Thread 0x000001ac4b229010 Exception <a 'sun/nio/fs/WindowsException'{0x00000000d5788958}> (0x00000000d5788958) 
thrown [s\src\hotspot\share\prims\jni.cpp, line 520]
Event: 3145.219 Thread 0x000001ac4b229010 Exception <a 'sun/nio/fs/WindowsException'{0x00000000d5580750}> (0x00000000d5580750) 
thrown [s\src\hotspot\share\prims\jni.cpp, line 520]
Event: 3159.955 Thread 0x000001ac4b229010 Exception <a 'sun/nio/fs/WindowsException'{0x00000000d56021a0}> (0x00000000d56021a0) 
thrown [s\src\hotspot\share\prims\jni.cpp, line 520]
Event: 3160.111 Thread 0x000001ac4b229010 Exception <a 'sun/nio/fs/WindowsException'{0x00000000d56058c0}> (0x00000000d56058c0) 
thrown [s\src\hotspot\share\prims\jni.cpp, line 520]

ZGC Phase Switch (0 events):
No events

VM Operations (20 events):
Event: 3160.986 Executing VM operation: ParallelGCFailedAllocation (Allocation Failure) done
Event: 3160.989 Executing VM operation: ParallelGCFailedAllocation (Allocation Failure)
Event: 3160.991 Executing VM operation: ParallelGCFailedAllocation (Allocation Failure) done
Event: 3160.995 Executing VM operation: ParallelGCFailedAllocation (Allocation Failure)
Event: 3160.996 Executing VM operation: ParallelGCFailedAllocation (Allocation Failure) done
Event: 3161.000 Executing VM operation: ParallelGCFailedAllocation (Allocation Failure)
Event: 3161.002 Executing VM operation: ParallelGCFailedAllocation (Allocation Failure) done
Event: 3161.006 Executing VM operation: ParallelGCFailedAllocation (Allocation Failure)
Event: 3161.008 Executing VM operation: ParallelGCFailedAllocation (Allocation Failure) done
Event: 3161.013 Executing VM operation: ParallelGCFailedAllocation (Allocation Failure)
Event: 3161.015 Executing VM operation: ParallelGCFailedAllocation (Allocation Failure) done
Event: 3161.025 Executing VM operation: ParallelGCFailedAllocation (Allocation Failure)
Event: 3161.027 Executing VM operation: ParallelGCFailedAllocation (Allocation Failure) done
Event: 3161.033 Executing VM operation: ParallelGCFailedAllocation (Allocation Failure)
Event: 3161.035 Executing VM operation: ParallelGCFailedAllocation (Allocation Failure) done
Event: 3161.041 Executing VM operation: ParallelGCFailedAllocation (Allocation Failure)
Event: 3161.043 Executing VM operation: ParallelGCFailedAllocation (Allocation Failure) done
Event: 3161.052 Executing VM operation: ParallelGCFailedAllocation (Allocation Failure)
Event: 3161.055 Executing VM operation: ParallelGCFailedAllocation (Allocation Failure) done
Event: 3161.067 Executing VM operation: ParallelGCFailedAllocation (Allocation Failure)

Memory protections (0 events):
No events

Nmethod flushes (20 events):
Event: 2732.742 Thread 0x000001ac6bdcf8e0 flushing  nmethod 0x000001ac72281190
Event: 2732.742 Thread 0x000001ac6bdcf8e0 flushing  nmethod 0x000001ac72282310
Event: 2732.742 Thread 0x000001ac6bdcf8e0 flushing  nmethod 0x000001ac72282d90
Event: 2732.742 Thread 0x000001ac6bdcf8e0 flushing  nmethod 0x000001ac7228b790
Event: 2732.742 Thread 0x000001ac6bdcf8e0 flushing  nmethod 0x000001ac7228dc10
Event: 2732.742 Thread 0x000001ac6bdcf8e0 flushing  nmethod 0x000001ac722bb810
Event: 2732.742 Thread 0x000001ac6bdcf8e0 flushing  nmethod 0x000001ac722ce990
Event: 2732.742 Thread 0x000001ac6bdcf8e0 flushing  nmethod 0x000001ac722d1090
Event: 2732.742 Thread 0x000001ac6bdcf8e0 flushing  nmethod 0x000001ac722ec410
Event: 2732.742 Thread 0x000001ac6bdcf8e0 flushing  nmethod 0x000001ac722ed810
Event: 2732.742 Thread 0x000001ac6bdcf8e0 flushing  nmethod 0x000001ac722ef610
Event: 2732.742 Thread 0x000001ac6bdcf8e0 flushing  nmethod 0x000001ac72300d10
Event: 2732.742 Thread 0x000001ac6bdcf8e0 flushing  nmethod 0x000001ac7230bf10
Event: 2732.742 Thread 0x000001ac6bdcf8e0 flushing  nmethod 0x000001ac72318e90
Event: 2732.742 Thread 0x000001ac6bdcf8e0 flushing osr nmethod 0x000001ac72319a90
Event: 2732.742 Thread 0x000001ac6bdcf8e0 flushing  nmethod 0x000001ac72335690
Event: 2732.742 Thread 0x000001ac6bdcf8e0 flushing  nmethod 0x000001ac7235c890
Event: 2732.742 Thread 0x000001ac6bdcf8e0 flushing  nmethod 0x000001ac7236ce10
Event: 2732.742 Thread 0x000001ac6bdcf8e0 flushing  nmethod 0x000001ac72370690
Event: 2732.742 Thread 0x000001ac6bdcf8e0 flushing osr nmethod 0x000001ac72375590

Events (20 events):
Event: 3135.352 Thread 0x000001ac4ba78ff0 Thread added: 0x000001ac7fc4f150
Event: 3142.567 Thread 0x000001ac7fbb0050 Thread added: 0x000001ac5d09fa90
Event: 3142.567 Thread 0x000001ac7fbb0050 Thread added: 0x000001ac5d0a0830
Event: 3142.567 Thread 0x000001ac7fbb0050 Thread added: 0x000001ac4f616b90
Event: 3142.918 Thread 0x000001ac5aea0c10 Thread added: 0x000001ac7fc4d710
Event: 3142.945 Thread 0x000001ac5aea0c10 Thread added: 0x000001ac7fc4dda0
Event: 3145.178 Thread 0x000001ac4f616b90 Thread exited: 0x000001ac4f616b90
Event: 3145.198 Thread 0x000001ac5aea0c10 Thread added: 0x000001ac7fc525d0
Event: 3145.220 Thread 0x000001ac5d0a0830 Thread exited: 0x000001ac5d0a0830
Event: 3145.221 Thread 0x000001ac5aea0c10 Thread added: 0x000001ac5ae9f860
Event: 3145.221 Thread 0x000001ac5d09fa90 Thread exited: 0x000001ac5d09fa90
Event: 3146.635 Thread 0x000001ac4ba78ff0 Thread added: 0x000001ac5aea3370
Event: 3146.658 Thread 0x000001ac4ba78ff0 Thread added: 0x000001ac5ae9fef0
Event: 3160.076 Thread 0x000001ac4ba78ff0 Thread added: 0x000001ac5aea0580
Event: 3160.101 Thread 0x000001ac4ba78ff0 Thread added: 0x000001ac5aea4720
Event: 3160.892 Thread 0x000001ac7fbb0050 Thread added: 0x000001ac4f616b90
Event: 3160.893 Thread 0x000001ac7fbb0050 Thread added: 0x000001ac4f61c420
Event: 3160.893 Thread 0x000001ac7fbb0050 Thread added: 0x000001ac4f61d890
Event: 3160.894 Thread 0x000001ac7fbb0050 Thread added: 0x000001ac58aa23a0
Event: 3160.895 Thread 0x000001ac58aa23a0 Thread added: 0x000001ac58aa3140


Dynamic libraries:
0x00007ff78ba30000 - 0x00007ff78ba3e000 	c:\Users\m1510\.vscode\extensions\redhat.java-1.43.1-win32-x64\jre\21.0.7-win32-x86_64\bin\java.exe
0x00007fffbe5a0000 - 0x00007fffbe805000 	C:\WINDOWS\SYSTEM32\ntdll.dll
0x00007fffbcb20000 - 0x00007fffbcbe9000 	C:\WINDOWS\System32\KERNEL32.DLL
0x00007fffbb7b0000 - 0x00007fffbbb98000 	C:\WINDOWS\System32\KERNELBASE.dll
0x00007fffbbba0000 - 0x00007fffbbceb000 	C:\WINDOWS\System32\ucrtbase.dll
0x00007fffb5e30000 - 0x00007fffb5e48000 	c:\Users\m1510\.vscode\extensions\redhat.java-1.43.1-win32-x64\jre\21.0.7-win32-x86_64\bin\jli.dll
0x00007fffb0c10000 - 0x00007fffb0c2e000 	c:\Users\m1510\.vscode\extensions\redhat.java-1.43.1-win32-x64\jre\21.0.7-win32-x86_64\bin\VCRUNTIME140.dll
0x00007fffbd440000 - 0x00007fffbd60a000 	C:\WINDOWS\System32\USER32.dll
0x00007fffbb6f0000 - 0x00007fffbb717000 	C:\WINDOWS\System32\win32u.dll
0x00007fffbc9b0000 - 0x00007fffbc9db000 	C:\WINDOWS\System32\GDI32.dll
0x00007fffbc160000 - 0x00007fffbc297000 	C:\WINDOWS\System32\gdi32full.dll
0x00007fffbc0b0000 - 0x00007fffbc153000 	C:\WINDOWS\System32\msvcp_win.dll
0x00007fffa6bb0000 - 0x00007fffa6e4a000 	C:\WINDOWS\WinSxS\amd64_microsoft.windows.common-controls_6595b64144ccf1df_6.0.26100.4202_none_3e0698d4e335f517\COMCTL32.dll
0x00007fffbc810000 - 0x00007fffbc8b9000 	C:\WINDOWS\System32\msvcrt.dll
0x00007fffbd400000 - 0x00007fffbd430000 	C:\WINDOWS\System32\IMM32.DLL
0x00007fffb5ef0000 - 0x00007fffb5efc000 	c:\Users\m1510\.vscode\extensions\redhat.java-1.43.1-win32-x64\jre\21.0.7-win32-x86_64\bin\vcruntime140_1.dll
0x00007fff8eaa0000 - 0x00007fff8eb2d000 	c:\Users\m1510\.vscode\extensions\redhat.java-1.43.1-win32-x64\jre\21.0.7-win32-x86_64\bin\msvcp140.dll
0x00007fff0a500000 - 0x00007fff0b290000 	c:\Users\m1510\.vscode\extensions\redhat.java-1.43.1-win32-x64\jre\21.0.7-win32-x86_64\bin\server\jvm.dll
0x00007fffbdb50000 - 0x00007fffbdc03000 	C:\WINDOWS\System32\ADVAPI32.dll
0x00007fffbd610000 - 0x00007fffbd6b6000 	C:\WINDOWS\System32\sechost.dll
0x00007fffbce50000 - 0x00007fffbcf65000 	C:\WINDOWS\System32\RPCRT4.dll
0x00007fffbc780000 - 0x00007fffbc7f4000 	C:\WINDOWS\System32\WS2_32.dll
0x00007fffb0fa0000 - 0x00007fffb0fd5000 	C:\WINDOWS\SYSTEM32\WINMM.dll
0x00007fffbb540000 - 0x00007fffbb59e000 	C:\WINDOWS\SYSTEM32\POWRPROF.dll
0x00007fffaa290000 - 0x00007fffaa29b000 	C:\WINDOWS\SYSTEM32\VERSION.dll
0x00007fffbb520000 - 0x00007fffbb534000 	C:\WINDOWS\SYSTEM32\UMPDC.dll
0x00007fffba4b0000 - 0x00007fffba4cb000 	C:\WINDOWS\SYSTEM32\kernel.appcore.dll
0x00007fffb5dc0000 - 0x00007fffb5dca000 	c:\Users\m1510\.vscode\extensions\redhat.java-1.43.1-win32-x64\jre\21.0.7-win32-x86_64\bin\jimage.dll
0x00007fffb8ec0000 - 0x00007fffb9101000 	C:\WINDOWS\SYSTEM32\DBGHELP.DLL
0x00007fffbd6c0000 - 0x00007fffbda45000 	C:\WINDOWS\System32\combase.dll
0x00007fffbcbf0000 - 0x00007fffbccd1000 	C:\WINDOWS\System32\OLEAUT32.dll
0x00007fffaa250000 - 0x00007fffaa289000 	C:\WINDOWS\SYSTEM32\dbgcore.DLL
0x00007fffbc2a0000 - 0x00007fffbc339000 	C:\WINDOWS\System32\bcryptPrimitives.dll
0x00007fffb5d90000 - 0x00007fffb5d9f000 	c:\Users\m1510\.vscode\extensions\redhat.java-1.43.1-win32-x64\jre\21.0.7-win32-x86_64\bin\instrument.dll
0x00007fffb0790000 - 0x00007fffb07af000 	c:\Users\m1510\.vscode\extensions\redhat.java-1.43.1-win32-x64\jre\21.0.7-win32-x86_64\bin\java.dll
0x00007fffbdd50000 - 0x00007fffbe492000 	C:\WINDOWS\System32\SHELL32.dll
0x00007fffbbf30000 - 0x00007fffbc0a4000 	C:\WINDOWS\System32\wintypes.dll
0x00007fffb9320000 - 0x00007fffb9b78000 	C:\WINDOWS\SYSTEM32\windows.storage.dll
0x00007fffbda50000 - 0x00007fffbdb41000 	C:\WINDOWS\System32\SHCORE.dll
0x00007fffbcab0000 - 0x00007fffbcb1a000 	C:\WINDOWS\System32\shlwapi.dll
0x00007fffbb600000 - 0x00007fffbb62f000 	C:\WINDOWS\SYSTEM32\profapi.dll
0x00007fffb0750000 - 0x00007fffb0768000 	c:\Users\m1510\.vscode\extensions\redhat.java-1.43.1-win32-x64\jre\21.0.7-win32-x86_64\bin\zip.dll
0x00007fffb4b90000 - 0x00007fffb4ba0000 	C:\Users\m1510\.vscode\extensions\redhat.java-1.43.1-win32-x64\jre\21.0.7-win32-x86_64\bin\net.dll
0x00007fffb43e0000 - 0x00007fffb44fe000 	C:\WINDOWS\SYSTEM32\WINHTTP.dll
0x00007fffbaa20000 - 0x00007fffbaa8a000 	C:\WINDOWS\system32\mswsock.dll
0x00007fffa7a50000 - 0x00007fffa7a66000 	C:\Users\m1510\.vscode\extensions\redhat.java-1.43.1-win32-x64\jre\21.0.7-win32-x86_64\bin\nio.dll
0x00007fffb08f0000 - 0x00007fffb0900000 	c:\Users\m1510\.vscode\extensions\redhat.java-1.43.1-win32-x64\jre\21.0.7-win32-x86_64\bin\verify.dll
0x00007fffa3f90000 - 0x00007fffa3fd5000 	C:\Users\m1510\AppData\Roaming\Code\User\globalStorage\redhat.java\1.43.1\config_win\org.eclipse.equinox.launcher\org.eclipse.equinox.launcher.win32.win32.x86_64_1.2.1300.v20250331-1702\eclipse_11911.dll
0x00007fffbc340000 - 0x00007fffbc4de000 	C:\WINDOWS\System32\ole32.dll
0x00007fffbacd0000 - 0x00007fffbaceb000 	C:\WINDOWS\SYSTEM32\CRYPTSP.dll
0x00007fffba410000 - 0x00007fffba44a000 	C:\WINDOWS\system32\rsaenh.dll
0x00007fffbaac0000 - 0x00007fffbaaeb000 	C:\WINDOWS\SYSTEM32\USERENV.dll
0x00007fffbb5d0000 - 0x00007fffbb5f6000 	C:\WINDOWS\SYSTEM32\bcrypt.dll
0x00007fffbacf0000 - 0x00007fffbacfc000 	C:\WINDOWS\SYSTEM32\CRYPTBASE.dll
0x00007fffb9ee0000 - 0x00007fffb9f13000 	C:\WINDOWS\SYSTEM32\IPHLPAPI.DLL
0x00007fffbc920000 - 0x00007fffbc92a000 	C:\WINDOWS\System32\NSI.dll
0x00007fff99240000 - 0x00007fff99289000 	C:\Users\m1510\AppData\Local\Temp\jna-102176048\jna621649196580304845.dll
0x00007fffbdc10000 - 0x00007fffbdc18000 	C:\WINDOWS\System32\PSAPI.DLL
0x00007fffb48f0000 - 0x00007fffb490f000 	C:\WINDOWS\SYSTEM32\dhcpcsvc6.DLL
0x00007fffb4800000 - 0x00007fffb4825000 	C:\WINDOWS\SYSTEM32\dhcpcsvc.DLL
0x00007fffba5d0000 - 0x00007fffba606000 	C:\WINDOWS\SYSTEM32\ntmarta.dll
0x00007fffb5f50000 - 0x00007fffb5f59000 	C:\Users\m1510\.vscode\extensions\redhat.java-1.43.1-win32-x64\jre\21.0.7-win32-x86_64\bin\extnet.dll
0x00007fffb5f40000 - 0x00007fffb5f4e000 	C:\Users\m1510\.vscode\extensions\redhat.java-1.43.1-win32-x64\jre\21.0.7-win32-x86_64\bin\sunmscapi.dll
0x00007fffbbcf0000 - 0x00007fffbbe67000 	C:\WINDOWS\System32\CRYPT32.dll
0x00007fffbaef0000 - 0x00007fffbaf20000 	C:\WINDOWS\SYSTEM32\ncrypt.dll
0x00007fffbaea0000 - 0x00007fffbaedf000 	C:\WINDOWS\SYSTEM32\NTASN1.dll
0x00007fff960c0000 - 0x00007fff960c8000 	C:\WINDOWS\system32\wshunix.dll
0x00007fffb5f20000 - 0x00007fffb5f2a000 	C:\Users\m1510\.vscode\extensions\redhat.java-1.43.1-win32-x64\jre\21.0.7-win32-x86_64\bin\management.dll
0x00007fffb5f10000 - 0x00007fffb5f1b000 	C:\Users\m1510\.vscode\extensions\redhat.java-1.43.1-win32-x64\jre\21.0.7-win32-x86_64\bin\management_ext.dll

dbghelp: loaded successfully - version: 4.0.5 - missing functions: none
symbol engine: initialized successfully - sym options: 0x614 - pdb path: .;c:\Users\m1510\.vscode\extensions\redhat.java-1.43.1-win32-x64\jre\21.0.7-win32-x86_64\bin;C:\WINDOWS\SYSTEM32;C:\WINDOWS\WinSxS\amd64_microsoft.windows.common-controls_6595b64144ccf1df_6.0.26100.4202_none_3e0698d4e335f517;c:\Users\m1510\.vscode\extensions\redhat.java-1.43.1-win32-x64\jre\21.0.7-win32-x86_64\bin\server;C:\Users\m1510\AppData\Roaming\Code\User\globalStorage\redhat.java\1.43.1\config_win\org.eclipse.equinox.launcher\org.eclipse.equinox.launcher.win32.win32.x86_64_1.2.1300.v20250331-1702;C:\Users\m1510\AppData\Local\Temp\jna-102176048

VM Arguments:
jvm_args: --add-modules=ALL-SYSTEM --add-opens=java.base/java.util=ALL-UNNAMED --add-opens=java.base/java.lang=ALL-UNNAMED --add-opens=java.base/sun.nio.fs=ALL-UNNAMED -Declipse.application=org.eclipse.jdt.ls.core.id1 -Dosgi.bundles.defaultStartLevel=4 -Declipse.product=org.eclipse.jdt.ls.core.product -Djava.import.generatesMetadataFilesAtProjectRoot=false -DDetectVMInstallationsJob.disabled=true -Dfile.encoding=utf8 -XX:+UseParallelGC -XX:GCTimeRatio=4 -XX:AdaptiveSizePolicyWeight=90 -Dsun.zip.disableMemoryMapping=true -Xmx2G -Xms100m -Xlog:disable -javaagent:c:\Users\m1510\.vscode\extensions\redhat.java-1.43.1-win32-x64\lombok\lombok-1.18.39-4050.jar -XX:+HeapDumpOnOutOfMemoryError -XX:HeapDumpPath=c:\Users\m1510\AppData\Roaming\Code\User\workspaceStorage\638328d4e911d6bdb8e6bd2aaac90979\redhat.java -Daether.dependencyCollector.impl=bf 
java_command: c:\Users\m1510\.vscode\extensions\redhat.java-1.43.1-win32-x64\server\plugins\org.eclipse.equinox.launcher_1.7.0.v20250519-0528.jar -configuration c:\Users\m1510\AppData\Roaming\Code\User\globalStorage\redhat.java\1.43.1\config_win -data c:\Users\m1510\AppData\Roaming\Code\User\workspaceStorage\638328d4e911d6bdb8e6bd2aaac90979\redhat.java\jdt_ws --pipe=\\.\pipe\lsp-dd251b43e8071a93fd727657987579c6-sock
java_class_path (initial): c:\Users\m1510\.vscode\extensions\redhat.java-1.43.1-win32-x64\server\plugins\org.eclipse.equinox.launcher_1.7.0.v20250519-0528.jar
Launcher Type: SUN_STANDARD

[Global flags]
    uintx AdaptiveSizePolicyWeight                 = 90                                        {product} {command line}
     intx CICompilerCount                          = 12                                        {product} {ergonomic}
    uintx GCTimeRatio                              = 4                                         {product} {command line}
     bool HeapDumpOnOutOfMemoryError               = true                                   {manageable} {command line}
    ccstr HeapDumpPath                             = c:\Users\m1510\AppData\Roaming\Code\User\workspaceStorage\638328d4e911d6bdb8e6bd2aaac90979\redhat.java         {manageable} {command line}
   size_t InitialHeapSize                          = 104857600                                 {product} {command line}
   size_t MaxHeapSize                              = 2147483648                                {product} {command line}
   size_t MaxNewSize                               = 715653120                                 {product} {ergonomic}
   size_t MinHeapDeltaBytes                        = 524288                                    {product} {ergonomic}
   size_t MinHeapSize                              = 104857600                                 {product} {command line}
   size_t NewSize                                  = 34603008                                  {product} {ergonomic}
    uintx NonNMethodCodeHeapSize                   = 7602480                                {pd product} {ergonomic}
    uintx NonProfiledCodeHeapSize                  = 122027880                              {pd product} {ergonomic}
   size_t OldSize                                  = 70254592                                  {product} {ergonomic}
    uintx ProfiledCodeHeapSize                     = 122027880                              {pd product} {ergonomic}
    uintx ReservedCodeCacheSize                    = 251658240                              {pd product} {ergonomic}
     bool SegmentedCodeCache                       = true                                      {product} {ergonomic}
   size_t SoftMaxHeapSize                          = 2147483648                             {manageable} {ergonomic}
     bool UseCompressedOops                        = true                           {product lp64_product} {ergonomic}
     bool UseLargePagesIndividualAllocation        = false                                  {pd product} {ergonomic}
     bool UseParallelGC                            = true                                      {product} {command line}

Logging:
Log output configuration:
 #0: stdout all=off uptime,level,tags foldmultilines=false
 #1: stderr all=off uptime,level,tags foldmultilines=false

Environment Variables:
JAVA_HOME=D:\JAVA\jdk23
CLASSPATH=.;D:\JAVA\jdk23\lib;D:\JAVA\jdk23\lib\tools.jar
PATH=C:\WINDOWS\system32;C:\WINDOWS;C:\WINDOWS\System32\Wbem;C:\WINDOWS\System32\WindowsPowerShell\v1.0\;C:\WINDOWS\System32\OpenSSH\;C:\Program Files\dotnet\;C:\Program Files\mingw64\bin;C:\Program Files\TortoiseGit\bin;D:\jdk22\bin;D:\Git\Git\cmd;D:\Matlab2024b\bin;C:\Program Files\Microsoft SQL Server\150\Tools\Binn\;D:\Node\;C:\Program Files\Microsoft SQL Server\Client SDK\ODBC\170\Tools\Binn\;C:\Program Files\dotnet\;D:\Windows Kits\10\Windows Performance Toolkit\;D:\JAVA\jdk23\bin;D:\JAVA\jdk23\jre\bin;D:\Maven\apache-maven-3.9.10\bin;C:\Program Files\MySQL\MySQL Shell 8.0\bin\;C:\Program Files\dotnet\;C:\Users\m1510\AppData\Local\Microsoft\WindowsApps;D:\Edge download\x86_64-8.1.0-release-win32-seh-rt_v6-rev0\mingw64\bin;D:\PyCharm 2024.2\bin;;D:\PyCharm\PyCharm Community Edition 2024.2.1\bin;;D:\anaconda3\Library\mingw-w64;C:\Users\m1510\AppData\Roaming\npm;D:\MySql\MySQL Server 8.0\bin\;C:\Users\m1510\.dotnet\tools;D:\cursor\cursor\resources\app\bin;D:\Fiddler;D:\Microsoft VS Code\bin;D:\IntelliJ IDEA Community Edition 2025.1.3\bin;
USERNAME=m1510
OS=Windows_NT
PROCESSOR_IDENTIFIER=Intel64 Family 6 Model 186 Stepping 2, GenuineIntel
TMP=C:\Users\m1510\AppData\Local\Temp
TEMP=C:\Users\m1510\AppData\Local\Temp




Periodic native trim disabled

---------------  S Y S T E M  ---------------

OS:
 Windows 11 , 64 bit Build 26100 (10.0.26100.4202)
OS uptime: 4 days 0:22 hours
Hyper-V role detected

CPU: total 16 (initial active 16) (8 cores per cpu, 2 threads per core) family 6 model 186 stepping 2 microcode 0x410e, cx8, cmov, fxsr, ht, mmx, 3dnowpref, sse, sse2, sse3, ssse3, sse4.1, sse4.2, popcnt, lzcnt, tsc, tscinvbit, avx, avx2, aes, erms, clmul, bmi1, bmi2, adx, sha, fma, vzeroupper, clflush, clflushopt, clwb, hv, serialize, rdtscp, rdpid, fsrm, f16c, cet_ibt, cet_ss
Processor Information for processor 0
  Max Mhz: 2600, Current Mhz: 2600, Mhz Limit: 2600
Processor Information for processor 1
  Max Mhz: 2600, Current Mhz: 2600, Mhz Limit: 2600
Processor Information for processor 2
  Max Mhz: 2600, Current Mhz: 2600, Mhz Limit: 2600
Processor Information for processor 3
  Max Mhz: 2600, Current Mhz: 2600, Mhz Limit: 2600
Processor Information for processor 4
  Max Mhz: 2600, Current Mhz: 2600, Mhz Limit: 2600
Processor Information for processor 5
  Max Mhz: 2600, Current Mhz: 2600, Mhz Limit: 2600
Processor Information for processor 6
  Max Mhz: 2600, Current Mhz: 2600, Mhz Limit: 2600
Processor Information for processor 7
  Max Mhz: 2600, Current Mhz: 2600, Mhz Limit: 2600
Processor Information for processor 8
  Max Mhz: 2600, Current Mhz: 2600, Mhz Limit: 2600
Processor Information for processor 9
  Max Mhz: 2600, Current Mhz: 1505, Mhz Limit: 2600
Processor Information for processor 10
  Max Mhz: 2600, Current Mhz: 2600, Mhz Limit: 2600
Processor Information for processor 11
  Max Mhz: 2600, Current Mhz: 2600, Mhz Limit: 2600
Processor Information for processor 12
  Max Mhz: 2600, Current Mhz: 2600, Mhz Limit: 2600
Processor Information for processor 13
  Max Mhz: 2600, Current Mhz: 2600, Mhz Limit: 2600
Processor Information for processor 14
  Max Mhz: 2600, Current Mhz: 1505, Mhz Limit: 2600
Processor Information for processor 15
  Max Mhz: 2600, Current Mhz: 2600, Mhz Limit: 2600

Memory: 4k page, system-wide physical 16123M (976M free)
TotalPageFile size 60056M (AvailPageFile size 6M)
current process WorkingSet (physical memory assigned to process): 1491M, peak: 1762M
current process commit charge ("private bytes"): 1603M, peak: 1914M

vm_info: OpenJDK 64-Bit Server VM (21.0.7+6-LTS) for windows-amd64 JRE (21.0.7+6-LTS), built on 2025-04-15T00:00:00Z by "admin" with MS VC++ 17.7 (VS2022)

END.
