#
# There is insufficient memory for the Java Runtime Environment to continue.
# Native memory allocation (malloc) failed to allocate 4372016 bytes. Error detail: Chunk::new
# Possible reasons:
#   The system is out of physical RAM or swap space
#   This process is running with CompressedOops enabled, and the Java Heap may be blocking the growth of the native heap
# Possible solutions:
#   Reduce memory load on the system
#   Increase physical memory or swap space
#   Check if swap backing store is full
#   Decrease Java heap size (-Xmx/-Xms)
#   Decrease number of Java threads
#   Decrease Java thread stack sizes (-Xss)
#   Set larger code cache with -XX:ReservedCodeCacheSize=
#   JVM is running with Unscaled Compressed Oops mode in which the Java heap is
#     placed in the first 4GB address space. The Java Heap base address is the
#     maximum limit for the native heap growth. Please use -XX:HeapBaseMinAddress
#     to set the Java Heap base and to place the Java Heap above 4GB virtual address.
# This output file may be truncated or incomplete.
#
#  Out of Memory Error (arena.cpp:168), pid=36876, tid=26568
#
# JRE version: OpenJDK Runtime Environment Temurin-21.0.7+6 (21.0.7+6) (build 21.0.7+6-LTS)
# Java VM: OpenJDK 64-Bit Server VM Temurin-21.0.7+6 (21.0.7+6-LTS, mixed mode, sharing, tiered, compressed oops, compressed class ptrs, parallel gc, windows-amd64)
# No core dump will be written. Minidumps are not enabled by default on client versions of Windows
#

---------------  S U M M A R Y ------------

Command Line: --add-modules=ALL-SYSTEM --add-opens=java.base/java.util=ALL-UNNAMED --add-opens=java.base/java.lang=ALL-UNNAMED --add-opens=java.base/sun.nio.fs=ALL-UNNAMED -Declipse.application=org.eclipse.jdt.ls.core.id1 -Dosgi.bundles.defaultStartLevel=4 -Declipse.product=org.eclipse.jdt.ls.core.product -Djava.import.generatesMetadataFilesAtProjectRoot=false -DDetectVMInstallationsJob.disabled=true -Dfile.encoding=utf8 -XX:+UseParallelGC -XX:GCTimeRatio=4 -XX:AdaptiveSizePolicyWeight=90 -Dsun.zip.disableMemoryMapping=true -Xmx2G -Xms100m -Xlog:disable -javaagent:c:\Users\m1510\.vscode\extensions\redhat.java-1.43.1-win32-x64\lombok\lombok-1.18.39-4050.jar -XX:+HeapDumpOnOutOfMemoryError -XX:HeapDumpPath=c:\Users\m1510\AppData\Roaming\Code\User\workspaceStorage\638328d4e911d6bdb8e6bd2aaac90979\redhat.java -Daether.dependencyCollector.impl=bf c:\Users\m1510\.vscode\extensions\redhat.java-1.43.1-win32-x64\server\plugins\org.eclipse.equinox.launcher_1.7.0.v20250519-0528.jar -configuration c:\Users\m1510\AppData\Roaming\Code\User\globalStorage\redhat.java\1.43.1\config_win -data c:\Users\m1510\AppData\Roaming\Code\User\workspaceStorage\638328d4e911d6bdb8e6bd2aaac90979\redhat.java\jdt_ws --pipe=\\.\pipe\lsp-5c5a182e50a8b0fc876d36d742e9a8b3-sock

Host: 13th Gen Intel(R) Core(TM) i5-13500H, 16 cores, 15G,  Windows 11 , 64 bit Build 26100 (10.0.26100.4202)
Time: Wed Jul  2 16:33:39 2025  Windows 11 , 64 bit Build 26100 (10.0.26100.4202) elapsed time: 33.646733 seconds (0d 0h 0m 33s)

---------------  T H R E A D  ---------------

Current thread (0x00000293540cae90):  JavaThread "C2 CompilerThread3" daemon [_thread_in_native, id=26568, stack(0x000000e54f700000,0x000000e54f800000) (1024K)]


Current CompileTask:
C2:33646 19375   !   4       lombok.eclipse.agent.PatchExtensionMethod::resolveType (870 bytes)

Stack: [0x000000e54f700000,0x000000e54f800000]
Native frames: (J=compiled Java code, j=interpreted, Vv=VM code, C=native code)
V  [jvm.dll+0x6ce119]
V  [jvm.dll+0x8a84a1]
V  [jvm.dll+0x8aa9ce]
V  [jvm.dll+0x8ab0b3]
V  [jvm.dll+0x27f8a6]
V  [jvm.dll+0xc507d]
V  [jvm.dll+0xc55b3]
V  [jvm.dll+0x3b68f2]
V  [jvm.dll+0x382aa5]
V  [jvm.dll+0x381f0a]
V  [jvm.dll+0x247af0]
V  [jvm.dll+0x2470cf]
V  [jvm.dll+0x1c760e]
V  [jvm.dll+0x25695a]
V  [jvm.dll+0x254efa]
V  [jvm.dll+0x3f03f6]
V  [jvm.dll+0x851f6b]
V  [jvm.dll+0x6cc7dd]
C  [ucrtbase.dll+0x37b0]
C  [KERNEL32.DLL+0x2e8d7]
C  [ntdll.dll+0x3c34c]


---------------  P R O C E S S  ---------------

Threads class SMR info:
_java_thread_list=0x0000029360eeafe0, length=114, elements={
0x0000029372a7b1d0, 0x000002937c6e6fc0, 0x000002937c6e76c0, 0x000002937c6eaf60,
0x000002937dab4fb0, 0x000002937dab6180, 0x000002937dabbf70, 0x000002937dac1290,
0x000002937dac7b90, 0x000002937dbbd540, 0x000002937f3f1710, 0x000002935447ad60,
0x00000293546929c0, 0x00000293545db010, 0x00000293545db670, 0x0000029354c247c0,
0x00000293549d5f30, 0x00000293549f1b10, 0x00000293549f1480, 0x00000293549ee690,
0x00000293549eed20, 0x00000293549ef3b0, 0x0000029355c04ad0, 0x0000029355c04440,
0x0000029355c03090, 0x0000029355c03db0, 0x0000029355c03720, 0x0000029355c057f0,
0x0000029355c02370, 0x0000029355c05e80, 0x0000029355c06ba0, 0x0000029355c07230,
0x0000029355c078c0, 0x0000029355c06510, 0x0000029355c07f50, 0x0000029355c085e0,
0x0000029355c08c70, 0x0000029355c09300, 0x0000029357231c50, 0x000002935722ee60,
0x00000293572315c0, 0x00000293572308a0, 0x0000029357230f30, 0x000002935722f4f0,
0x000002935722fb80, 0x00000293572322e0, 0x0000029357233690, 0x0000029357235df0,
0x0000029357233d20, 0x00000293549f0df0, 0x000002937dce3d90, 0x000002937dce5140,
0x000002937dce4420, 0x000002937dce57d0, 0x000002937dce5e60, 0x000002937dce3700,
0x000002937dce7f30, 0x000002937dce6b80, 0x000002937dce78a0, 0x000002937dce4ab0,
0x000002937dce92e0, 0x000002937dce9970, 0x000002937dce64f0, 0x000002937dcea000,
0x000002937dce8c50, 0x000002937dce7210, 0x000002937dcead20, 0x00000293549f00d0,
0x000002936464f320, 0x0000029364650040, 0x000002936464d250, 0x000002936464ec90,
0x000002936464f9b0, 0x00000293646506d0, 0x0000029364650d60, 0x000002936464d8e0,
0x00000293646513f0, 0x000002936464df70, 0x0000029364652e30, 0x00000293646541e0,
0x00000293646534c0, 0x0000029364654870, 0x0000029364653b50, 0x0000029361d7b550,
0x0000029361d79b10, 0x0000029361d780d0, 0x0000029361d7a1a0, 0x0000029361d7a830,
0x0000029361d7bbe0, 0x0000029361d7aec0, 0x0000029361d78760, 0x0000029361d7c270,
0x0000029361d78df0, 0x00000293625d2170, 0x00000293625d2800, 0x00000293625cfa10,
0x00000293625d4f60, 0x00000293625d3bb0, 0x00000293625d48d0, 0x00000293625d4240,
0x00000293625d3520, 0x00000293625d5c80, 0x00000293625d6310, 0x00000293625d69a0,
0x0000029361d7dcb0, 0x0000029361d7e9d0, 0x0000029361d7e340, 0x00000293641fa4b0,
0x00000293641f9790, 0x000002936308f5f0, 0x0000029357f5ef90, 0x00000293540c9a20,
0x00000293540cae90, 0x00000293540cb560
}

Java Threads: ( => current thread )
  0x0000029372a7b1d0 JavaThread "main"                              [_thread_blocked, id=34204, stack(0x000000e54e500000,0x000000e54e600000) (1024K)]
  0x000002937c6e6fc0 JavaThread "Reference Handler"          daemon [_thread_blocked, id=13360, stack(0x000000e54e900000,0x000000e54ea00000) (1024K)]
  0x000002937c6e76c0 JavaThread "Finalizer"                  daemon [_thread_blocked, id=30500, stack(0x000000e54ea00000,0x000000e54eb00000) (1024K)]
  0x000002937c6eaf60 JavaThread "Signal Dispatcher"          daemon [_thread_blocked, id=34888, stack(0x000000e54eb00000,0x000000e54ec00000) (1024K)]
  0x000002937dab4fb0 JavaThread "Attach Listener"            daemon [_thread_blocked, id=17224, stack(0x000000e54ec00000,0x000000e54ed00000) (1024K)]
  0x000002937dab6180 JavaThread "Service Thread"             daemon [_thread_blocked, id=14076, stack(0x000000e54ed00000,0x000000e54ee00000) (1024K)]
  0x000002937dabbf70 JavaThread "Monitor Deflation Thread"   daemon [_thread_blocked, id=37744, stack(0x000000e54ee00000,0x000000e54ef00000) (1024K)]
  0x000002937dac1290 JavaThread "C2 CompilerThread0"         daemon [_thread_in_native, id=13400, stack(0x000000e54ef00000,0x000000e54f000000) (1024K)]
  0x000002937dac7b90 JavaThread "C1 CompilerThread0"         daemon [_thread_blocked, id=36492, stack(0x000000e54f000000,0x000000e54f100000) (1024K)]
  0x000002937dbbd540 JavaThread "Common-Cleaner"             daemon [_thread_blocked, id=31272, stack(0x000000e54f100000,0x000000e54f200000) (1024K)]
  0x000002937f3f1710 JavaThread "Notification Thread"        daemon [_thread_blocked, id=36500, stack(0x000000e54f600000,0x000000e54f700000) (1024K)]
  0x000002935447ad60 JavaThread "Active Thread: Equinox Container: 797f1c68-ff1d-4863-b2d5-4ace6c9a066f"        [_thread_blocked, id=15456, stack(0x000000e550000000,0x000000e550100000) (1024K)]
  0x00000293546929c0 JavaThread "Refresh Thread: Equinox Container: 797f1c68-ff1d-4863-b2d5-4ace6c9a066f" daemon [_thread_blocked, id=22456, stack(0x000000e550200000,0x000000e550300000) (1024K)]
  0x00000293545db010 JavaThread "Framework Event Dispatcher: Equinox Container: 797f1c68-ff1d-4863-b2d5-4ace6c9a066f" daemon [_thread_blocked, id=22648, stack(0x000000e550300000,0x000000e550400000) (1024K)]
  0x00000293545db670 JavaThread "Start Level: Equinox Container: 797f1c68-ff1d-4863-b2d5-4ace6c9a066f" daemon [_thread_blocked, id=23868, stack(0x000000e550400000,0x000000e550500000) (1024K)]
  0x0000029354c247c0 JavaThread "Bundle File Closer"         daemon [_thread_blocked, id=31752, stack(0x000000e550800000,0x000000e550900000) (1024K)]
  0x00000293549d5f30 JavaThread "SCR Component Actor"        daemon [_thread_blocked, id=4116, stack(0x000000e550900000,0x000000e550a00000) (1024K)]
  0x00000293549f1b10 JavaThread "Worker-JM"                         [_thread_blocked, id=34960, stack(0x000000e550c00000,0x000000e550d00000) (1024K)]
  0x00000293549f1480 JavaThread "JNA Cleaner"                daemon [_thread_blocked, id=20468, stack(0x000000e550d00000,0x000000e550e00000) (1024K)]
  0x00000293549ee690 JavaThread "Worker-0: Java indexing... "        [_thread_blocked, id=8068, stack(0x000000e550e00000,0x000000e550f00000) (1024K)]
  0x00000293549eed20 JavaThread "Worker-1"                          [_thread_blocked, id=6636, stack(0x000000e550f00000,0x000000e551000000) (1024K)]
  0x00000293549ef3b0 JavaThread "Worker-2"                          [_thread_blocked, id=26024, stack(0x000000e551000000,0x000000e551100000) (1024K)]
  0x0000029355c04ad0 JavaThread "Java indexing"              daemon [_thread_in_native, id=7164, stack(0x000000e551100000,0x000000e551200000) (1024K)]
  0x0000029355c04440 JavaThread "Worker-3"                          [_thread_blocked, id=19880, stack(0x000000e551200000,0x000000e551300000) (1024K)]
  0x0000029355c03090 JavaThread "Worker-4"                          [_thread_blocked, id=17348, stack(0x000000e551600000,0x000000e551700000) (1024K)]
  0x0000029355c03db0 JavaThread "Worker-5"                          [_thread_blocked, id=33076, stack(0x000000e551700000,0x000000e551800000) (1024K)]
  0x0000029355c03720 JavaThread "Thread-2"                   daemon [_thread_in_native, id=29952, stack(0x000000e551800000,0x000000e551900000) (1024K)]
  0x0000029355c057f0 JavaThread "Thread-3"                   daemon [_thread_in_native, id=38628, stack(0x000000e551900000,0x000000e551a00000) (1024K)]
  0x0000029355c02370 JavaThread "Thread-4"                   daemon [_thread_in_native, id=31344, stack(0x000000e551a00000,0x000000e551b00000) (1024K)]
  0x0000029355c05e80 JavaThread "Thread-5"                   daemon [_thread_in_native, id=18212, stack(0x000000e551b00000,0x000000e551c00000) (1024K)]
  0x0000029355c06ba0 JavaThread "Thread-6"                   daemon [_thread_in_native, id=34064, stack(0x000000e551c00000,0x000000e551d00000) (1024K)]
  0x0000029355c07230 JavaThread "Thread-7"                   daemon [_thread_in_native, id=7612, stack(0x000000e551d00000,0x000000e551e00000) (1024K)]
  0x0000029355c078c0 JavaThread "Thread-8"                   daemon [_thread_in_native, id=32860, stack(0x000000e551e00000,0x000000e551f00000) (1024K)]
  0x0000029355c06510 JavaThread "Thread-9"                   daemon [_thread_in_native, id=26876, stack(0x000000e551f00000,0x000000e552000000) (1024K)]
  0x0000029355c07f50 JavaThread "Thread-10"                  daemon [_thread_in_native, id=29612, stack(0x000000e552000000,0x000000e552100000) (1024K)]
  0x0000029355c085e0 JavaThread "Worker-6"                          [_thread_blocked, id=10788, stack(0x000000e552100000,0x000000e552200000) (1024K)]
  0x0000029355c08c70 JavaThread "Thread-11"                  daemon [_thread_in_native, id=13264, stack(0x000000e552200000,0x000000e552300000) (1024K)]
  0x0000029355c09300 JavaThread "Thread-12"                  daemon [_thread_in_native, id=34552, stack(0x000000e552300000,0x000000e552400000) (1024K)]
  0x0000029357231c50 JavaThread "Thread-13"                  daemon [_thread_in_native, id=3324, stack(0x000000e552400000,0x000000e552500000) (1024K)]
  0x000002935722ee60 JavaThread "Thread-14"                  daemon [_thread_in_native, id=27208, stack(0x000000e552500000,0x000000e552600000) (1024K)]
  0x00000293572315c0 JavaThread "Thread-15"                  daemon [_thread_in_native, id=28112, stack(0x000000e552600000,0x000000e552700000) (1024K)]
  0x00000293572308a0 JavaThread "Thread-16"                  daemon [_thread_in_native, id=24908, stack(0x000000e552700000,0x000000e552800000) (1024K)]
  0x0000029357230f30 JavaThread "Thread-17"                  daemon [_thread_in_native, id=11540, stack(0x000000e552800000,0x000000e552900000) (1024K)]
  0x000002935722f4f0 JavaThread "Thread-18"                  daemon [_thread_in_native, id=35048, stack(0x000000e552900000,0x000000e552a00000) (1024K)]
  0x000002935722fb80 JavaThread "pool-2-thread-1"                   [_thread_blocked, id=34740, stack(0x000000e552c00000,0x000000e552d00000) (1024K)]
  0x00000293572322e0 JavaThread "Worker-7"                          [_thread_blocked, id=5700, stack(0x000000e552e00000,0x000000e552f00000) (1024K)]
  0x0000029357233690 JavaThread "WorkspaceEventsHandler"            [_thread_blocked, id=22164, stack(0x000000e552f00000,0x000000e553000000) (1024K)]
  0x0000029357235df0 JavaThread "pool-1-thread-1"                   [_thread_blocked, id=18568, stack(0x000000e553000000,0x000000e553100000) (1024K)]
  0x0000029357233d20 JavaThread "LocalFile Deleter"          daemon [_thread_blocked, id=14272, stack(0x000000e553100000,0x000000e553200000) (1024K)]
  0x00000293549f0df0 JavaThread "LocalFile Deleter"          daemon [_thread_blocked, id=23748, stack(0x000000e553200000,0x000000e553300000) (1024K)]
  0x000002937dce3d90 JavaThread "LocalFile Deleter"          daemon [_thread_blocked, id=30668, stack(0x000000e553300000,0x000000e553400000) (1024K)]
  0x000002937dce5140 JavaThread "LocalFile Deleter"          daemon [_thread_blocked, id=31604, stack(0x000000e553400000,0x000000e553500000) (1024K)]
  0x000002937dce4420 JavaThread "LocalFile Deleter"          daemon [_thread_blocked, id=456, stack(0x000000e553500000,0x000000e553600000) (1024K)]
  0x000002937dce57d0 JavaThread "LocalFile Deleter"          daemon [_thread_blocked, id=23280, stack(0x000000e553600000,0x000000e553700000) (1024K)]
  0x000002937dce5e60 JavaThread "LocalFile Deleter"          daemon [_thread_blocked, id=30508, stack(0x000000e553700000,0x000000e553800000) (1024K)]
  0x000002937dce3700 JavaThread "LocalFile Deleter"          daemon [_thread_blocked, id=37948, stack(0x000000e553800000,0x000000e553900000) (1024K)]
  0x000002937dce7f30 JavaThread "LocalFile Deleter"          daemon [_thread_blocked, id=37292, stack(0x000000e553900000,0x000000e553a00000) (1024K)]
  0x000002937dce6b80 JavaThread "LocalFile Deleter"          daemon [_thread_blocked, id=29264, stack(0x000000e553a00000,0x000000e553b00000) (1024K)]
  0x000002937dce78a0 JavaThread "LocalFile Deleter"          daemon [_thread_blocked, id=25148, stack(0x000000e553b00000,0x000000e553c00000) (1024K)]
  0x000002937dce4ab0 JavaThread "LocalFile Deleter"          daemon [_thread_blocked, id=1672, stack(0x000000e553c00000,0x000000e553d00000) (1024K)]
  0x000002937dce92e0 JavaThread "LocalFile Deleter"          daemon [_thread_blocked, id=36032, stack(0x000000e553d00000,0x000000e553e00000) (1024K)]
  0x000002937dce9970 JavaThread "LocalFile Deleter"          daemon [_thread_blocked, id=13328, stack(0x000000e553e00000,0x000000e553f00000) (1024K)]
  0x000002937dce64f0 JavaThread "LocalFile Deleter"          daemon [_thread_blocked, id=37940, stack(0x000000e553f00000,0x000000e554000000) (1024K)]
  0x000002937dcea000 JavaThread "LocalFile Deleter"          daemon [_thread_blocked, id=26452, stack(0x000000e554000000,0x000000e554100000) (1024K)]
  0x000002937dce8c50 JavaThread "Compiler Source File Reader" daemon [_thread_blocked, id=6304, stack(0x000000e550a00000,0x000000e550b00000) (1024K)]
  0x000002937dce7210 JavaThread "Compiler Source File Reader" daemon [_thread_blocked, id=30140, stack(0x000000e554100000,0x000000e554200000) (1024K)]
  0x000002937dcead20 JavaThread "Compiler Source File Reader" daemon [_thread_blocked, id=34404, stack(0x000000e554200000,0x000000e554300000) (1024K)]
  0x00000293549f00d0 JavaThread "Compiler Source File Reader" daemon [_thread_blocked, id=16020, stack(0x000000e554300000,0x000000e554400000) (1024K)]
  0x000002936464f320 JavaThread "Compiler Source File Reader" daemon [_thread_blocked, id=28556, stack(0x000000e554400000,0x000000e554500000) (1024K)]
  0x0000029364650040 JavaThread "Compiler Source File Reader" daemon [_thread_blocked, id=16336, stack(0x000000e554500000,0x000000e554600000) (1024K)]
  0x000002936464d250 JavaThread "Compiler Source File Reader" daemon [_thread_blocked, id=37584, stack(0x000000e554600000,0x000000e554700000) (1024K)]
  0x000002936464ec90 JavaThread "Compiler Source File Reader" daemon [_thread_blocked, id=31008, stack(0x000000e554700000,0x000000e554800000) (1024K)]
  0x000002936464f9b0 JavaThread "Compiler Source File Reader" daemon [_thread_blocked, id=24656, stack(0x000000e554800000,0x000000e554900000) (1024K)]
  0x00000293646506d0 JavaThread "Compiler Source File Reader" daemon [_thread_blocked, id=36900, stack(0x000000e554900000,0x000000e554a00000) (1024K)]
  0x0000029364650d60 JavaThread "Compiler Source File Reader" daemon [_thread_blocked, id=11236, stack(0x000000e554a00000,0x000000e554b00000) (1024K)]
  0x000002936464d8e0 JavaThread "Compiler Source File Reader" daemon [_thread_blocked, id=21856, stack(0x000000e554b00000,0x000000e554c00000) (1024K)]
  0x00000293646513f0 JavaThread "Compiler Source File Reader" daemon [_thread_blocked, id=19796, stack(0x000000e554c00000,0x000000e554d00000) (1024K)]
  0x000002936464df70 JavaThread "Compiler Source File Reader" daemon [_thread_blocked, id=19616, stack(0x000000e554d00000,0x000000e554e00000) (1024K)]
  0x0000029364652e30 JavaThread "Compiler Processing Task"   daemon [_thread_blocked, id=31612, stack(0x000000e554e00000,0x000000e554f00000) (1024K)]
  0x00000293646541e0 JavaThread "Compiler Class File Writer" daemon [_thread_blocked, id=5256, stack(0x000000e554f00000,0x000000e555000000) (1024K)]
  0x00000293646534c0 JavaThread "Compiler Class File Writer" daemon [_thread_blocked, id=7176, stack(0x000000e555000000,0x000000e555100000) (1024K)]
  0x0000029364654870 JavaThread "Compiler Class File Writer" daemon [_thread_blocked, id=26168, stack(0x000000e555100000,0x000000e555200000) (1024K)]
  0x0000029364653b50 JavaThread "Compiler Class File Writer" daemon [_thread_blocked, id=36572, stack(0x000000e555200000,0x000000e555300000) (1024K)]
  0x0000029361d7b550 JavaThread "Compiler Class File Writer" daemon [_thread_blocked, id=9360, stack(0x000000e555300000,0x000000e555400000) (1024K)]
  0x0000029361d79b10 JavaThread "Compiler Class File Writer" daemon [_thread_blocked, id=29616, stack(0x000000e555400000,0x000000e555500000) (1024K)]
  0x0000029361d780d0 JavaThread "Compiler Class File Writer" daemon [_thread_blocked, id=29164, stack(0x000000e555500000,0x000000e555600000) (1024K)]
  0x0000029361d7a1a0 JavaThread "Compiler Class File Writer" daemon [_thread_blocked, id=35588, stack(0x000000e555600000,0x000000e555700000) (1024K)]
  0x0000029361d7a830 JavaThread "Compiler Class File Writer" daemon [_thread_blocked, id=21344, stack(0x000000e555700000,0x000000e555800000) (1024K)]
  0x0000029361d7bbe0 JavaThread "Compiler Class File Writer" daemon [_thread_blocked, id=28200, stack(0x000000e555800000,0x000000e555900000) (1024K)]
  0x0000029361d7aec0 JavaThread "Compiler Class File Writer" daemon [_thread_blocked, id=33428, stack(0x000000e555900000,0x000000e555a00000) (1024K)]
  0x0000029361d78760 JavaThread "Compiler Class File Writer" daemon [_thread_blocked, id=12996, stack(0x000000e555a00000,0x000000e555b00000) (1024K)]
  0x0000029361d7c270 JavaThread "Compiler Class File Writer" daemon [_thread_blocked, id=5028, stack(0x000000e555b00000,0x000000e555c00000) (1024K)]
  0x0000029361d78df0 JavaThread "Compiler Class File Writer" daemon [_thread_blocked, id=38656, stack(0x000000e555c00000,0x000000e555d00000) (1024K)]
  0x00000293625d2170 JavaThread "ForkJoinPool.commonPool-worker-1" daemon [_thread_blocked, id=4752, stack(0x000000e551300000,0x000000e551400000) (1024K)]
  0x00000293625d2800 JavaThread "ForkJoinPool.commonPool-worker-2" daemon [_thread_blocked, id=29116, stack(0x000000e552a00000,0x000000e552b00000) (1024K)]
  0x00000293625cfa10 JavaThread "ForkJoinPool.commonPool-worker-3" daemon [_thread_blocked, id=33036, stack(0x000000e555f00000,0x000000e556000000) (1024K)]
  0x00000293625d4f60 JavaThread "ForkJoinPool.commonPool-worker-4" daemon [_thread_blocked, id=29152, stack(0x000000e552d00000,0x000000e552e00000) (1024K)]
  0x00000293625d3bb0 JavaThread "ForkJoinPool.commonPool-worker-5" daemon [_thread_blocked, id=34100, stack(0x000000e555d00000,0x000000e555e00000) (1024K)]
  0x00000293625d48d0 JavaThread "ForkJoinPool.commonPool-worker-6" daemon [_thread_blocked, id=23884, stack(0x000000e555e00000,0x000000e555f00000) (1024K)]
  0x00000293625d4240 JavaThread "ForkJoinPool.commonPool-worker-7" daemon [_thread_blocked, id=34528, stack(0x000000e556200000,0x000000e556300000) (1024K)]
  0x00000293625d3520 JavaThread "ForkJoinPool.commonPool-worker-8" daemon [_thread_blocked, id=19212, stack(0x000000e556300000,0x000000e556400000) (1024K)]
  0x00000293625d5c80 JavaThread "ForkJoinPool.commonPool-worker-9" daemon [_thread_blocked, id=12464, stack(0x000000e556400000,0x000000e556500000) (1024K)]
  0x00000293625d6310 JavaThread "ForkJoinPool.commonPool-worker-10" daemon [_thread_blocked, id=17436, stack(0x000000e556500000,0x000000e556600000) (1024K)]
  0x00000293625d69a0 JavaThread "ForkJoinPool.commonPool-worker-11" daemon [_thread_blocked, id=21668, stack(0x000000e556600000,0x000000e556700000) (1024K)]
  0x0000029361d7dcb0 JavaThread "ForkJoinPool.commonPool-worker-12" daemon [_thread_blocked, id=8820, stack(0x000000e556700000,0x000000e556800000) (1024K)]
  0x0000029361d7e9d0 JavaThread "ForkJoinPool.commonPool-worker-13" daemon [_thread_blocked, id=11684, stack(0x000000e556800000,0x000000e556900000) (1024K)]
  0x0000029361d7e340 JavaThread "ForkJoinPool.commonPool-worker-14" daemon [_thread_blocked, id=7452, stack(0x000000e556900000,0x000000e556a00000) (1024K)]
  0x00000293641fa4b0 JavaThread "Cleaner-0"                  daemon [_thread_blocked, id=6956, stack(0x000000e556b00000,0x000000e556c00000) (1024K)]
  0x00000293641f9790 JavaThread "ForkJoinPool.commonPool-worker-15" daemon [_thread_blocked, id=37712, stack(0x000000e556c00000,0x000000e556d00000) (1024K)]
  0x000002936308f5f0 JavaThread "C1 CompilerThread1"         daemon [_thread_in_vm, id=23256, stack(0x000000e54f200000,0x000000e54f300000) (1024K)]
  0x0000029357f5ef90 JavaThread "C2 CompilerThread1"         daemon [_thread_in_native, id=23740, stack(0x000000e54f400000,0x000000e54f500000) (1024K)]
  0x00000293540c9a20 JavaThread "C2 CompilerThread2"         daemon [_thread_blocked, id=10116, stack(0x000000e54f500000,0x000000e54f600000) (1024K)]
=>0x00000293540cae90 JavaThread "C2 CompilerThread3"         daemon [_thread_in_native, id=26568, stack(0x000000e54f700000,0x000000e54f800000) (1024K)]
  0x00000293540cb560 JavaThread "C2 CompilerThread4"         daemon [_thread_in_native, id=11068, stack(0x000000e54fe00000,0x000000e54ff00000) (1024K)]
Total: 114

Other Threads:
  0x000002937c6e41b0 VMThread "VM Thread"                           [id=31688, stack(0x000000e54e800000,0x000000e54e900000) (1024K)]
  0x0000029374cc9460 WatcherThread "VM Periodic Task Thread"        [id=17416, stack(0x000000e54e700000,0x000000e54e800000) (1024K)]
  0x0000029374c7cf40 WorkerThread "GC Thread#0"                     [id=34608, stack(0x000000e54e600000,0x000000e54e700000) (1024K)]
  0x000002937fb619d0 WorkerThread "GC Thread#1"                     [id=7312, stack(0x000000e54f800000,0x000000e54f900000) (1024K)]
  0x000002937fb62180 WorkerThread "GC Thread#2"                     [id=36084, stack(0x000000e54f900000,0x000000e54fa00000) (1024K)]
  0x000002937fb62520 WorkerThread "GC Thread#3"                     [id=36832, stack(0x000000e54fa00000,0x000000e54fb00000) (1024K)]
  0x000002937f969110 WorkerThread "GC Thread#4"                     [id=35736, stack(0x000000e54fb00000,0x000000e54fc00000) (1024K)]
  0x000002937f9694b0 WorkerThread "GC Thread#5"                     [id=31080, stack(0x000000e54fc00000,0x000000e54fd00000) (1024K)]
  0x000002937f969850 WorkerThread "GC Thread#6"                     [id=8868, stack(0x000000e54fd00000,0x000000e54fe00000) (1024K)]
  0x00000293548799f0 WorkerThread "GC Thread#7"                     [id=19840, stack(0x000000e550100000,0x000000e550200000) (1024K)]
  0x00000293540f21f0 WorkerThread "GC Thread#8"                     [id=3060, stack(0x000000e550500000,0x000000e550600000) (1024K)]
  0x00000293549f5640 WorkerThread "GC Thread#9"                     [id=21136, stack(0x000000e550600000,0x000000e550700000) (1024K)]
  0x00000293546ec150 WorkerThread "GC Thread#10"                    [id=35656, stack(0x000000e550700000,0x000000e550800000) (1024K)]
  0x00000293546ec4f0 WorkerThread "GC Thread#11"                    [id=28516, stack(0x000000e550b00000,0x000000e550c00000) (1024K)]
  0x00000293546ecfd0 WorkerThread "GC Thread#12"                    [id=16388, stack(0x000000e54ff00000,0x000000e550000000) (1024K)]
Total: 15

Threads with active compile tasks:
C2 CompilerThread0  34690 19432 %s!   4       org.eclipse.jdt.internal.core.index.DiskIndex::readCategoryTable @ 260 (743 bytes)
C1 CompilerThread1  35696 19445       3       com.google.gson.stream.JsonReader::peekNumber (486 bytes)
C2 CompilerThread1  35696 19376       4       lombok.eclipse.agent.PatchExtensionMethod::getTypeNode (47 bytes)
C2 CompilerThread3  35696 19375   !   4       lombok.eclipse.agent.PatchExtensionMethod::resolveType (870 bytes)
C2 CompilerThread4  35696 19438       4       org.eclipse.jdt.internal.core.index.DiskIndex::readChunk (266 bytes)
Total: 5

VM state: not at safepoint (normal execution)

VM Mutex/Monitor currently owned by a thread:  ([mutex/lock_event])
[0x00007fff0b1ace88] MethodCompileQueue_lock - owner thread: 0x000002936308f5f0
[0x00007fff0b1ae208] CodeCache_lock - owner thread: 0x000002936308f5f0
[0x00007fff0b1ae388] Compile_lock - owner thread: 0x000002936308f5f0

Heap address: 0x0000000080000000, size: 2048 MB, Compressed Oops mode: 32-bit

CDS archive(s) mapped at: [0x000002930f000000-0x000002930fba0000-0x000002930fba0000), size 12189696, SharedBaseAddress: 0x000002930f000000, ArchiveRelocationMode: 1.
Compressed class space mapped at: 0x0000029310000000-0x0000029350000000, reserved size: 1073741824
Narrow klass base: 0x000002930f000000, Narrow klass shift: 0, Narrow klass range: 0x100000000

GC Precious Log:
 CardTable entry size: 512
 CPUs: 16 total, 16 available
 Memory: 16123M
 Large Page Support: Disabled
 NUMA Support: Disabled
 Compressed Oops: Enabled (32-bit)
 Alignments: Space 512K, Generation 512K, Heap 2M
 Heap Min Capacity: 100M
 Heap Initial Capacity: 100M
 Heap Max Capacity: 2G
 Pre-touch: Disabled
 Parallel Workers: 13

Heap:
 PSYoungGen      total 4608K, used 1482K [0x00000000d5580000, 0x00000000d5b80000, 0x0000000100000000)
  eden space 3072K, 16% used [0x00000000d5580000,0x00000000d55fe100,0x00000000d5880000)
  from space 1536K, 63% used [0x00000000d5a00000,0x00000000d5af4808,0x00000000d5b80000)
  to   space 1536K, 0% used [0x00000000d5880000,0x00000000d5880000,0x00000000d5a00000)
 ParOldGen       total 954368K, used 953963K [0x0000000080000000, 0x00000000ba400000, 0x00000000d5580000)
  object space 954368K, 99% used [0x0000000080000000,0x00000000ba39ac58,0x00000000ba400000)
 Metaspace       used 76035K, committed 77760K, reserved 1179648K
  class space    used 7383K, committed 8192K, reserved 1048576K

Card table byte_map: [0x0000029374620000,0x0000029374a30000] _byte_map_base: 0x0000029374220000

Marking Bits: (ParMarkBitMap*) 0x00007fff0b1b31f0
 Begin Bits: [0x0000029378100000, 0x000002937a100000)
 End Bits:   [0x000002937a100000, 0x000002937c100000)

Polling page: 0x0000029374400000

Metaspace:

Usage:
  Non-class:     67.04 MB used.
      Class:      7.21 MB used.
       Both:     74.25 MB used.

Virtual space:
  Non-class space:      128.00 MB reserved,      67.94 MB ( 53%) committed,  2 nodes.
      Class space:        1.00 GB reserved,       8.00 MB ( <1%) committed,  1 nodes.
             Both:        1.12 GB reserved,      75.94 MB (  7%) committed. 

Chunk freelists:
   Non-Class:  11.39 MB
       Class:  7.98 MB
        Both:  19.38 MB

MaxMetaspaceSize: unlimited
CompressedClassSpaceSize: 1.00 GB
Initial GC threshold: 21.00 MB
Current GC threshold: 119.69 MB
CDS: on
 - commit_granule_bytes: 65536.
 - commit_granule_words: 8192.
 - virtual_space_node_default_size: 8388608.
 - enlarge_chunks_in_place: 1.
 - use_allocation_guard: 0.


Internal statistics:

num_allocs_failed_limit: 15.
num_arena_births: 1466.
num_arena_deaths: 22.
num_vsnodes_births: 3.
num_vsnodes_deaths: 0.
num_space_committed: 1214.
num_space_uncommitted: 0.
num_chunks_returned_to_freelist: 41.
num_chunks_taken_from_freelist: 5240.
num_chunk_merges: 18.
num_chunk_splits: 3146.
num_chunks_enlarged: 1714.
num_inconsistent_stats: 0.

CodeHeap 'non-profiled nmethods': size=119168Kb used=18648Kb max_used=18648Kb free=100519Kb
 bounds [0x0000029307ba0000, 0x0000029308de0000, 0x000002930f000000]
CodeHeap 'profiled nmethods': size=119104Kb used=43192Kb max_used=43192Kb free=75911Kb
 bounds [0x0000029300000000, 0x0000029302a30000, 0x0000029307450000]
CodeHeap 'non-nmethods': size=7488Kb used=2045Kb max_used=3285Kb free=5442Kb
 bounds [0x0000029307450000, 0x0000029307790000, 0x0000029307ba0000]
 total_blobs=17731 nmethods=16928 adapters=703
 compilation: enabled
              stopped_count=0, restarted_count=0
 full_count=0

Compilation events (20 events):
Event: 33.529 Thread 0x00000293540cb560 19434       4       org.eclipse.jdt.ls.core.internal.filesystem.JLSFsUtils::isProjectMetadataFile (71 bytes)
Event: 33.530 Thread 0x000002936308f5f0 19435   !   3       org.eclipse.core.internal.filebuffers.SynchronizableDocument::getLineOfOffset (30 bytes)
Event: 33.531 Thread 0x000002936308f5f0 nmethod 19435 0x0000029302a27590 code [0x0000029302a27820, 0x0000029302a28460]
Event: 33.534 Thread 0x000002937dac7b90 19436       3       org.eclipse.jdt.internal.core.util.Util::toUnresolvedTypeSignature (49 bytes)
Event: 33.535 Thread 0x000002937dac7b90 nmethod 19436 0x0000029302a28990 code [0x0000029302a28b80, 0x0000029302a28f90]
Event: 33.536 Thread 0x000002937dac7b90 19437       3       org.eclipse.jdt.internal.core.JavaProject::getPackageFragmentRoot (207 bytes)
Event: 33.537 Thread 0x000002937dac7b90 nmethod 19437 0x0000029302a29190 code [0x0000029302a295a0, 0x0000029302a2b718]
Event: 33.549 Thread 0x00000293540cb560 nmethod 19434 0x0000029308dd1490 code [0x0000029308dd16e0, 0x0000029308dd1f90]
Event: 33.549 Thread 0x00000293540cb560 19438       4       org.eclipse.jdt.internal.core.index.DiskIndex::readChunk (266 bytes)
Event: 33.554 Thread 0x00000293540c9a20 nmethod 19433 0x0000029308dd2610 code [0x0000029308dd2980, 0x0000029308dd3a28]
Event: 33.554 Thread 0x000002936308f5f0 19440       3       java.util.concurrent.ForkJoinPool$WorkQueue::casSlotToNull (20 bytes)
Event: 33.555 Thread 0x00000293540c9a20 19439       4       com.google.gson.stream.JsonReader::peekKeyword (272 bytes)
Event: 33.555 Thread 0x000002936308f5f0 nmethod 19440 0x0000029302a2c290 code [0x0000029302a2c420, 0x0000029302a2c560]
Event: 33.560 Thread 0x00000293540c9a20 nmethod 19439 0x0000029308dd4710 code [0x0000029308dd4900, 0x0000029308dd4e40]
Event: 33.562 Thread 0x000002936308f5f0 19441       3       java.lang.Class::getDeclaredConstructor (31 bytes)
Event: 33.562 Thread 0x000002936308f5f0 nmethod 19441 0x0000029302a2c610 code [0x0000029302a2c880, 0x0000029302a2d0e8]
Event: 33.567 Thread 0x00000293540c9a20 19443       4       java.lang.invoke.MethodHandles$Lookup::checkField (58 bytes)
Event: 33.571 Thread 0x00000293540c9a20 nmethod 19443 0x0000029308dd5590 code [0x0000029308dd5780, 0x0000029308dd5b98]
Event: 33.573 Thread 0x000002936308f5f0 19444       1       sun.reflect.generics.reflectiveObjects.TypeVariableImpl::getName (5 bytes)
Event: 33.573 Thread 0x000002936308f5f0 nmethod 19444 0x0000029308dd5f10 code [0x0000029308dd60a0, 0x0000029308dd6168]

GC Heap History (20 events):
Event: 33.383 GC heap after
{Heap after GC invocations=2373 (full 4):
 PSYoungGen      total 2560K, used 592K [0x00000000d5580000, 0x00000000d5980000, 0x0000000100000000)
  eden space 1536K, 0% used [0x00000000d5580000,0x00000000d5580000,0x00000000d5700000)
  from space 1024K, 57% used [0x00000000d5800000,0x00000000d58941f8,0x00000000d5900000)
  to   space 512K, 0% used [0x00000000d5900000,0x00000000d5900000,0x00000000d5980000)
 ParOldGen       total 944640K, used 944240K [0x0000000080000000, 0x00000000b9a80000, 0x00000000d5580000)
  object space 944640K, 99% used [0x0000000080000000,0x00000000b9a1c248,0x00000000b9a80000)
 Metaspace       used 75933K, committed 77632K, reserved 1179648K
  class space    used 7365K, committed 8128K, reserved 1048576K
}
Event: 33.404 GC heap before
{Heap before GC invocations=2374 (full 4):
 PSYoungGen      total 2560K, used 2128K [0x00000000d5580000, 0x00000000d5980000, 0x0000000100000000)
  eden space 1536K, 100% used [0x00000000d5580000,0x00000000d5700000,0x00000000d5700000)
  from space 1024K, 57% used [0x00000000d5800000,0x00000000d58941f8,0x00000000d5900000)
  to   space 512K, 0% used [0x00000000d5900000,0x00000000d5900000,0x00000000d5980000)
 ParOldGen       total 944640K, used 944240K [0x0000000080000000, 0x00000000b9a80000, 0x00000000d5580000)
  object space 944640K, 99% used [0x0000000080000000,0x00000000b9a1c248,0x00000000b9a80000)
 Metaspace       used 75933K, committed 77632K, reserved 1179648K
  class space    used 7365K, committed 8128K, reserved 1048576K
}
Event: 33.406 GC heap after
{Heap after GC invocations=2374 (full 4):
 PSYoungGen      total 2560K, used 496K [0x00000000d5580000, 0x00000000d5a80000, 0x0000000100000000)
  eden space 2048K, 0% used [0x00000000d5580000,0x00000000d5580000,0x00000000d5780000)
  from space 512K, 96% used [0x00000000d5900000,0x00000000d597c010,0x00000000d5980000)
  to   space 1536K, 0% used [0x00000000d5780000,0x00000000d5780000,0x00000000d5900000)
 ParOldGen       total 945152K, used 944767K [0x0000000080000000, 0x00000000b9b00000, 0x00000000d5580000)
  object space 945152K, 99% used [0x0000000080000000,0x00000000b9a9fd50,0x00000000b9b00000)
 Metaspace       used 75933K, committed 77632K, reserved 1179648K
  class space    used 7365K, committed 8128K, reserved 1048576K
}
Event: 33.410 GC heap before
{Heap before GC invocations=2375 (full 4):
 PSYoungGen      total 2560K, used 2544K [0x00000000d5580000, 0x00000000d5a80000, 0x0000000100000000)
  eden space 2048K, 100% used [0x00000000d5580000,0x00000000d5780000,0x00000000d5780000)
  from space 512K, 96% used [0x00000000d5900000,0x00000000d597c010,0x00000000d5980000)
  to   space 1536K, 0% used [0x00000000d5780000,0x00000000d5780000,0x00000000d5900000)
 ParOldGen       total 945152K, used 944767K [0x0000000080000000, 0x00000000b9b00000, 0x00000000d5580000)
  object space 945152K, 99% used [0x0000000080000000,0x00000000b9a9fd50,0x00000000b9b00000)
 Metaspace       used 75933K, committed 77632K, reserved 1179648K
  class space    used 7365K, committed 8128K, reserved 1048576K
}
Event: 33.412 GC heap after
{Heap after GC invocations=2375 (full 4):
 PSYoungGen      total 3584K, used 1531K [0x00000000d5580000, 0x00000000d5d00000, 0x0000000100000000)
  eden space 2048K, 0% used [0x00000000d5580000,0x00000000d5580000,0x00000000d5780000)
  from space 1536K, 99% used [0x00000000d5780000,0x00000000d58fed20,0x00000000d5900000)
  to   space 2560K, 0% used [0x00000000d5a80000,0x00000000d5a80000,0x00000000d5d00000)
 ParOldGen       total 945664K, used 945301K [0x0000000080000000, 0x00000000b9b80000, 0x00000000d5580000)
  object space 945664K, 99% used [0x0000000080000000,0x00000000b9b25750,0x00000000b9b80000)
 Metaspace       used 75933K, committed 77632K, reserved 1179648K
  class space    used 7365K, committed 8128K, reserved 1048576K
}
Event: 33.427 GC heap before
{Heap before GC invocations=2376 (full 4):
 PSYoungGen      total 3584K, used 3579K [0x00000000d5580000, 0x00000000d5d00000, 0x0000000100000000)
  eden space 2048K, 100% used [0x00000000d5580000,0x00000000d5780000,0x00000000d5780000)
  from space 1536K, 99% used [0x00000000d5780000,0x00000000d58fed20,0x00000000d5900000)
  to   space 2560K, 0% used [0x00000000d5a80000,0x00000000d5a80000,0x00000000d5d00000)
 ParOldGen       total 945664K, used 945301K [0x0000000080000000, 0x00000000b9b80000, 0x00000000d5580000)
  object space 945664K, 99% used [0x0000000080000000,0x00000000b9b25750,0x00000000b9b80000)
 Metaspace       used 75933K, committed 77632K, reserved 1179648K
  class space    used 7365K, committed 8128K, reserved 1048576K
}
Event: 33.429 GC heap after
{Heap after GC invocations=2376 (full 4):
 PSYoungGen      total 4096K, used 1239K [0x00000000d5580000, 0x00000000d5c00000, 0x0000000100000000)
  eden space 2560K, 0% used [0x00000000d5580000,0x00000000d5580000,0x00000000d5800000)
  from space 1536K, 80% used [0x00000000d5a80000,0x00000000d5bb5d30,0x00000000d5c00000)
  to   space 1536K, 0% used [0x00000000d5900000,0x00000000d5900000,0x00000000d5a80000)
 ParOldGen       total 947200K, used 946742K [0x0000000080000000, 0x00000000b9d00000, 0x00000000d5580000)
  object space 947200K, 99% used [0x0000000080000000,0x00000000b9c8dbc8,0x00000000b9d00000)
 Metaspace       used 75933K, committed 77632K, reserved 1179648K
  class space    used 7365K, committed 8128K, reserved 1048576K
}
Event: 33.443 GC heap before
{Heap before GC invocations=2377 (full 4):
 PSYoungGen      total 4096K, used 3799K [0x00000000d5580000, 0x00000000d5c00000, 0x0000000100000000)
  eden space 2560K, 100% used [0x00000000d5580000,0x00000000d5800000,0x00000000d5800000)
  from space 1536K, 80% used [0x00000000d5a80000,0x00000000d5bb5d30,0x00000000d5c00000)
  to   space 1536K, 0% used [0x00000000d5900000,0x00000000d5900000,0x00000000d5a80000)
 ParOldGen       total 947200K, used 946742K [0x0000000080000000, 0x00000000b9d00000, 0x00000000d5580000)
  object space 947200K, 99% used [0x0000000080000000,0x00000000b9c8dbc8,0x00000000b9d00000)
 Metaspace       used 75933K, committed 77632K, reserved 1179648K
  class space    used 7365K, committed 8128K, reserved 1048576K
}
Event: 33.445 GC heap after
{Heap after GC invocations=2377 (full 4):
 PSYoungGen      total 4096K, used 1252K [0x00000000d5580000, 0x00000000d5b00000, 0x0000000100000000)
  eden space 2560K, 0% used [0x00000000d5580000,0x00000000d5580000,0x00000000d5800000)
  from space 1536K, 81% used [0x00000000d5900000,0x00000000d5a39010,0x00000000d5a80000)
  to   space 512K, 0% used [0x00000000d5a80000,0x00000000d5a80000,0x00000000d5b00000)
 ParOldGen       total 948224K, used 947724K [0x0000000080000000, 0x00000000b9e00000, 0x00000000d5580000)
  object space 948224K, 99% used [0x0000000080000000,0x00000000b9d830d8,0x00000000b9e00000)
 Metaspace       used 75933K, committed 77632K, reserved 1179648K
  class space    used 7365K, committed 8128K, reserved 1048576K
}
Event: 33.467 GC heap before
{Heap before GC invocations=2378 (full 4):
 PSYoungGen      total 4096K, used 3812K [0x00000000d5580000, 0x00000000d5b00000, 0x0000000100000000)
  eden space 2560K, 100% used [0x00000000d5580000,0x00000000d5800000,0x00000000d5800000)
  from space 1536K, 81% used [0x00000000d5900000,0x00000000d5a39010,0x00000000d5a80000)
  to   space 512K, 0% used [0x00000000d5a80000,0x00000000d5a80000,0x00000000d5b00000)
 ParOldGen       total 948224K, used 947724K [0x0000000080000000, 0x00000000b9e00000, 0x00000000d5580000)
  object space 948224K, 99% used [0x0000000080000000,0x00000000b9d830d8,0x00000000b9e00000)
 Metaspace       used 75933K, committed 77632K, reserved 1179648K
  class space    used 7365K, committed 8128K, reserved 1048576K
}
Event: 33.469 GC heap after
{Heap after GC invocations=2378 (full 4):
 PSYoungGen      total 3072K, used 512K [0x00000000d5580000, 0x00000000d5c00000, 0x0000000100000000)
  eden space 2560K, 0% used [0x00000000d5580000,0x00000000d5580000,0x00000000d5800000)
  from space 512K, 100% used [0x00000000d5a80000,0x00000000d5b00000,0x00000000d5b00000)
  to   space 2048K, 0% used [0x00000000d5800000,0x00000000d5800000,0x00000000d5a00000)
 ParOldGen       total 949248K, used 948975K [0x0000000080000000, 0x00000000b9f00000, 0x00000000d5580000)
  object space 949248K, 99% used [0x0000000080000000,0x00000000b9ebbf88,0x00000000b9f00000)
 Metaspace       used 75933K, committed 77632K, reserved 1179648K
  class space    used 7365K, committed 8128K, reserved 1048576K
}
Event: 33.485 GC heap before
{Heap before GC invocations=2379 (full 4):
 PSYoungGen      total 3072K, used 3071K [0x00000000d5580000, 0x00000000d5c00000, 0x0000000100000000)
  eden space 2560K, 99% used [0x00000000d5580000,0x00000000d57ffff8,0x00000000d5800000)
  from space 512K, 100% used [0x00000000d5a80000,0x00000000d5b00000,0x00000000d5b00000)
  to   space 2048K, 0% used [0x00000000d5800000,0x00000000d5800000,0x00000000d5a00000)
 ParOldGen       total 949248K, used 948975K [0x0000000080000000, 0x00000000b9f00000, 0x00000000d5580000)
  object space 949248K, 99% used [0x0000000080000000,0x00000000b9ebbf88,0x00000000b9f00000)
 Metaspace       used 75933K, committed 77632K, reserved 1179648K
  class space    used 7365K, committed 8128K, reserved 1048576K
}
Event: 33.487 GC heap after
{Heap after GC invocations=2379 (full 4):
 PSYoungGen      total 4608K, used 1600K [0x00000000d5580000, 0x00000000d5c00000, 0x0000000100000000)
  eden space 2560K, 0% used [0x00000000d5580000,0x00000000d5580000,0x00000000d5800000)
  from space 2048K, 78% used [0x00000000d5800000,0x00000000d5990000,0x00000000d5a00000)
  to   space 2048K, 0% used [0x00000000d5a00000,0x00000000d5a00000,0x00000000d5c00000)
 ParOldGen       total 949760K, used 949512K [0x0000000080000000, 0x00000000b9f80000, 0x00000000d5580000)
  object space 949760K, 99% used [0x0000000080000000,0x00000000b9f422f0,0x00000000b9f80000)
 Metaspace       used 75933K, committed 77632K, reserved 1179648K
  class space    used 7365K, committed 8128K, reserved 1048576K
}
Event: 33.506 GC heap before
{Heap before GC invocations=2380 (full 4):
 PSYoungGen      total 4608K, used 4160K [0x00000000d5580000, 0x00000000d5c00000, 0x0000000100000000)
  eden space 2560K, 100% used [0x00000000d5580000,0x00000000d5800000,0x00000000d5800000)
  from space 2048K, 78% used [0x00000000d5800000,0x00000000d5990000,0x00000000d5a00000)
  to   space 2048K, 0% used [0x00000000d5a00000,0x00000000d5a00000,0x00000000d5c00000)
 ParOldGen       total 949760K, used 949512K [0x0000000080000000, 0x00000000b9f80000, 0x00000000d5580000)
  object space 949760K, 99% used [0x0000000080000000,0x00000000b9f422f0,0x00000000b9f80000)
 Metaspace       used 75933K, committed 77632K, reserved 1179648K
  class space    used 7365K, committed 8128K, reserved 1048576K
}
Event: 33.508 GC heap after
{Heap after GC invocations=2380 (full 4):
 PSYoungGen      total 3584K, used 864K [0x00000000d5580000, 0x00000000d5b00000, 0x0000000100000000)
  eden space 2560K, 0% used [0x00000000d5580000,0x00000000d5580000,0x00000000d5800000)
  from space 1024K, 84% used [0x00000000d5a00000,0x00000000d5ad8000,0x00000000d5b00000)
  to   space 1536K, 0% used [0x00000000d5800000,0x00000000d5800000,0x00000000d5980000)
 ParOldGen       total 950784K, used 950472K [0x0000000080000000, 0x00000000ba080000, 0x00000000d5580000)
  object space 950784K, 99% used [0x0000000080000000,0x00000000ba032360,0x00000000ba080000)
 Metaspace       used 75933K, committed 77632K, reserved 1179648K
  class space    used 7365K, committed 8128K, reserved 1048576K
}
Event: 33.532 GC heap before
{Heap before GC invocations=2381 (full 4):
 PSYoungGen      total 3584K, used 3424K [0x00000000d5580000, 0x00000000d5b00000, 0x0000000100000000)
  eden space 2560K, 100% used [0x00000000d5580000,0x00000000d5800000,0x00000000d5800000)
  from space 1024K, 84% used [0x00000000d5a00000,0x00000000d5ad8000,0x00000000d5b00000)
  to   space 1536K, 0% used [0x00000000d5800000,0x00000000d5800000,0x00000000d5980000)
 ParOldGen       total 950784K, used 950472K [0x0000000080000000, 0x00000000ba080000, 0x00000000d5580000)
  object space 950784K, 99% used [0x0000000080000000,0x00000000ba032360,0x00000000ba080000)
 Metaspace       used 75933K, committed 77632K, reserved 1179648K
  class space    used 7365K, committed 8128K, reserved 1048576K
}
Event: 33.534 GC heap after
{Heap after GC invocations=2381 (full 4):
 PSYoungGen      total 4096K, used 1504K [0x00000000d5580000, 0x00000000d5d00000, 0x0000000100000000)
  eden space 2560K, 0% used [0x00000000d5580000,0x00000000d5580000,0x00000000d5800000)
  from space 1536K, 97% used [0x00000000d5800000,0x00000000d5978008,0x00000000d5980000)
  to   space 2560K, 0% used [0x00000000d5a80000,0x00000000d5a80000,0x00000000d5d00000)
 ParOldGen       total 951296K, used 951168K [0x0000000080000000, 0x00000000ba100000, 0x00000000d5580000)
  object space 951296K, 99% used [0x0000000080000000,0x00000000ba0e0160,0x00000000ba100000)
 Metaspace       used 75933K, committed 77632K, reserved 1179648K
  class space    used 7365K, committed 8128K, reserved 1048576K
}
Event: 33.550 GC heap before
{Heap before GC invocations=2382 (full 4):
 PSYoungGen      total 4096K, used 4064K [0x00000000d5580000, 0x00000000d5d00000, 0x0000000100000000)
  eden space 2560K, 100% used [0x00000000d5580000,0x00000000d5800000,0x00000000d5800000)
  from space 1536K, 97% used [0x00000000d5800000,0x00000000d5978008,0x00000000d5980000)
  to   space 2560K, 0% used [0x00000000d5a80000,0x00000000d5a80000,0x00000000d5d00000)
 ParOldGen       total 951296K, used 951168K [0x0000000080000000, 0x00000000ba100000, 0x00000000d5580000)
  object space 951296K, 99% used [0x0000000080000000,0x00000000ba0e0160,0x00000000ba100000)
 Metaspace       used 75933K, committed 77632K, reserved 1179648K
  class space    used 7365K, committed 8128K, reserved 1048576K
}
Event: 33.552 GC heap after
{Heap after GC invocations=2382 (full 4):
 PSYoungGen      total 4096K, used 1330K [0x00000000d5580000, 0x00000000d5c00000, 0x0000000100000000)
  eden space 2560K, 0% used [0x00000000d5580000,0x00000000d5580000,0x00000000d5800000)
  from space 1536K, 86% used [0x00000000d5a80000,0x00000000d5bcc808,0x00000000d5c00000)
  to   space 2048K, 0% used [0x00000000d5800000,0x00000000d5800000,0x00000000d5a00000)
 ParOldGen       total 952832K, used 952459K [0x0000000080000000, 0x00000000ba280000, 0x00000000d5580000)
  object space 952832K, 99% used [0x0000000080000000,0x00000000ba222ce0,0x00000000ba280000)
 Metaspace       used 75933K, committed 77632K, reserved 1179648K
  class space    used 7365K, committed 8128K, reserved 1048576K
}
Event: 33.577 GC heap before
{Heap before GC invocations=2383 (full 4):
 PSYoungGen      total 4096K, used 3890K [0x00000000d5580000, 0x00000000d5c00000, 0x0000000100000000)
  eden space 2560K, 100% used [0x00000000d5580000,0x00000000d5800000,0x00000000d5800000)
  from space 1536K, 86% used [0x00000000d5a80000,0x00000000d5bcc808,0x00000000d5c00000)
  to   space 2048K, 0% used [0x00000000d5800000,0x00000000d5800000,0x00000000d5a00000)
 ParOldGen       total 952832K, used 952459K [0x0000000080000000, 0x00000000ba280000, 0x00000000d5580000)
  object space 952832K, 99% used [0x0000000080000000,0x00000000ba222ce0,0x00000000ba280000)
 Metaspace       used 76034K, committed 77760K, reserved 1179648K
  class space    used 7383K, committed 8192K, reserved 1048576K
}

Dll operation events (10 events):
Event: 0.023 Loaded shared library c:\Users\m1510\.vscode\extensions\redhat.java-1.43.1-win32-x64\jre\21.0.7-win32-x86_64\bin\java.dll
Event: 0.046 Loaded shared library c:\Users\m1510\.vscode\extensions\redhat.java-1.43.1-win32-x64\jre\21.0.7-win32-x86_64\bin\zip.dll
Event: 0.092 Loaded shared library C:\Users\m1510\.vscode\extensions\redhat.java-1.43.1-win32-x64\jre\21.0.7-win32-x86_64\bin\instrument.dll
Event: 0.097 Loaded shared library C:\Users\m1510\.vscode\extensions\redhat.java-1.43.1-win32-x64\jre\21.0.7-win32-x86_64\bin\net.dll
Event: 0.101 Loaded shared library C:\Users\m1510\.vscode\extensions\redhat.java-1.43.1-win32-x64\jre\21.0.7-win32-x86_64\bin\nio.dll
Event: 0.105 Loaded shared library C:\Users\m1510\.vscode\extensions\redhat.java-1.43.1-win32-x64\jre\21.0.7-win32-x86_64\bin\zip.dll
Event: 0.117 Loaded shared library C:\Users\m1510\.vscode\extensions\redhat.java-1.43.1-win32-x64\jre\21.0.7-win32-x86_64\bin\jimage.dll
Event: 0.180 Loaded shared library c:\Users\m1510\.vscode\extensions\redhat.java-1.43.1-win32-x64\jre\21.0.7-win32-x86_64\bin\verify.dll
Event: 0.950 Loaded shared library C:\Users\m1510\AppData\Roaming\Code\User\globalStorage\redhat.java\1.43.1\config_win\org.eclipse.equinox.launcher\org.eclipse.equinox.launcher.win32.win32.x86_64_1.2.1300.v20250331-1702\eclipse_11911.dll
Event: 2.018 Loaded shared library C:\Users\m1510\AppData\Local\Temp\jna-102176048\jna5083518930143370275.dll

Deoptimization events (20 events):
Event: 33.255 Thread 0x0000029355c04ad0 DEOPT PACKING pc=0x0000029308a8f1a4 sp=0x000000e5511feca0
Event: 33.255 Thread 0x0000029355c04ad0 DEOPT UNPACKING pc=0x00000293074a3aa2 sp=0x000000e5511fec78 mode 2
Event: 33.258 Thread 0x0000029355c04ad0 DEOPT PACKING pc=0x0000029300d5f99c sp=0x000000e5511fedb0
Event: 33.258 Thread 0x0000029355c04ad0 DEOPT UNPACKING pc=0x00000293074a4242 sp=0x000000e5511fe328 mode 0
Event: 33.267 Thread 0x0000029355c04ad0 DEOPT PACKING pc=0x0000029302592ed5 sp=0x000000e5511fefb0
Event: 33.267 Thread 0x0000029355c04ad0 DEOPT UNPACKING pc=0x00000293074a4242 sp=0x000000e5511fe4a8 mode 0
Event: 33.282 Thread 0x0000029355c04ad0 Uncommon trap: trap_request=0xffffff45 fr.pc=0x000002930899ca5c relative=0x0000000000005ffc
Event: 33.282 Thread 0x0000029355c04ad0 Uncommon trap: reason=unstable_if action=reinterpret pc=0x000002930899ca5c method=org.eclipse.jdt.internal.core.index.DiskIndex.readCategoryTable([CZ)Lorg/eclipse/jdt/internal/compiler/util/HashtableOfObject; @ 416 c2
Event: 33.282 Thread 0x0000029355c04ad0 DEOPT PACKING pc=0x000002930899ca5c sp=0x000000e5511fed50
Event: 33.282 Thread 0x0000029355c04ad0 DEOPT UNPACKING pc=0x00000293074a3aa2 sp=0x000000e5511fed28 mode 2
Event: 33.283 Thread 0x0000029355c04ad0 DEOPT PACKING pc=0x0000029300d5f99c sp=0x000000e5511fee60
Event: 33.283 Thread 0x0000029355c04ad0 DEOPT UNPACKING pc=0x00000293074a4242 sp=0x000000e5511fe3d8 mode 0
Event: 33.327 Thread 0x0000029355c04ad0 DEOPT PACKING pc=0x0000029302592ed5 sp=0x000000e5511fefb0
Event: 33.327 Thread 0x0000029355c04ad0 DEOPT UNPACKING pc=0x00000293074a4242 sp=0x000000e5511fe4a8 mode 0
Event: 33.369 Thread 0x0000029355c04ad0 DEOPT PACKING pc=0x0000029302592ed5 sp=0x000000e5511fefb0
Event: 33.369 Thread 0x0000029355c04ad0 DEOPT UNPACKING pc=0x00000293074a4242 sp=0x000000e5511fe4a8 mode 0
Event: 33.412 Thread 0x0000029355c04ad0 DEOPT PACKING pc=0x0000029302592ed5 sp=0x000000e5511fefb0
Event: 33.412 Thread 0x0000029355c04ad0 DEOPT UNPACKING pc=0x00000293074a4242 sp=0x000000e5511fe4a8 mode 0
Event: 33.545 Thread 0x0000029355c04ad0 DEOPT PACKING pc=0x00000293025997f9 sp=0x000000e5511fec30
Event: 33.545 Thread 0x0000029355c04ad0 DEOPT UNPACKING pc=0x00000293074a4242 sp=0x000000e5511fe2d8 mode 0

Classes loaded (20 events):
Event: 30.866 Loading class sun/util/locale/provider/TimeZoneNameProviderImpl done
Event: 30.866 Loading class sun/util/cldr/CLDRTimeZoneNameProviderImpl done
Event: 30.867 Loading class sun/util/locale/provider/BaseLocaleDataMetaInfo
Event: 30.867 Loading class sun/util/locale/provider/BaseLocaleDataMetaInfo done
Event: 30.870 Loading class sun/util/resources/cldr/TimeZoneNames
Event: 30.870 Loading class sun/util/resources/TimeZoneNamesBundle
Event: 30.870 Loading class sun/util/resources/OpenListResourceBundle
Event: 30.870 Loading class sun/util/resources/OpenListResourceBundle done
Event: 30.870 Loading class sun/util/resources/TimeZoneNamesBundle done
Event: 30.870 Loading class sun/util/resources/cldr/TimeZoneNames done
Event: 30.870 Loading class sun/util/resources/cldr/TimeZoneNames_en
Event: 30.872 Loading class sun/util/resources/cldr/TimeZoneNames_en done
Event: 30.872 Loading class sun/util/resources/cldr/TimeZoneNames_en_US
Event: 30.872 Loading class sun/util/resources/cldr/TimeZoneNames_en_US done
Event: 30.873 Loading class sun/util/cldr/CLDRBaseLocaleDataMetaInfo$TZCanonicalIDMapHolder
Event: 30.874 Loading class sun/util/cldr/CLDRBaseLocaleDataMetaInfo$TZCanonicalIDMapHolder done
Event: 30.875 Loading class sun/util/resources/TimeZoneNames
Event: 30.876 Loading class sun/util/resources/TimeZoneNames done
Event: 30.876 Loading class sun/util/resources/TimeZoneNames_en
Event: 30.877 Loading class sun/util/resources/TimeZoneNames_en done

Classes unloaded (11 events):
Event: 2.326 Thread 0x000002937c6e41b0 Unloading class 0x00000293101a4400 'java/lang/invoke/LambdaForm$MH+0x00000293101a4400'
Event: 2.326 Thread 0x000002937c6e41b0 Unloading class 0x00000293101a4000 'java/lang/invoke/LambdaForm$MH+0x00000293101a4000'
Event: 2.326 Thread 0x000002937c6e41b0 Unloading class 0x00000293101a3c00 'java/lang/invoke/LambdaForm$MH+0x00000293101a3c00'
Event: 2.326 Thread 0x000002937c6e41b0 Unloading class 0x00000293101a3800 'java/lang/invoke/LambdaForm$MH+0x00000293101a3800'
Event: 2.326 Thread 0x000002937c6e41b0 Unloading class 0x00000293101a3400 'java/lang/invoke/LambdaForm$BMH+0x00000293101a3400'
Event: 2.326 Thread 0x000002937c6e41b0 Unloading class 0x00000293101a3000 'java/lang/invoke/LambdaForm$DMH+0x00000293101a3000'
Event: 2.326 Thread 0x000002937c6e41b0 Unloading class 0x00000293101a2000 'java/lang/invoke/LambdaForm$DMH+0x00000293101a2000'
Event: 20.681 Thread 0x000002937c6e41b0 Unloading class 0x00000293106c1000 'java/lang/invoke/LambdaForm$DMH+0x00000293106c1000'
Event: 20.681 Thread 0x000002937c6e41b0 Unloading class 0x00000293106c1400 'java/lang/invoke/LambdaForm$DMH+0x00000293106c1400'
Event: 20.681 Thread 0x000002937c6e41b0 Unloading class 0x00000293106c0c00 'java/lang/invoke/LambdaForm$DMH+0x00000293106c0c00'
Event: 20.681 Thread 0x000002937c6e41b0 Unloading class 0x00000293106c0400 'java/lang/invoke/LambdaForm$DMH+0x00000293106c0400'

Classes redefined (0 events):
No events

Internal exceptions (20 events):
Event: 32.006 Thread 0x0000029355c04ad0 Exception <a 'sun/nio/fs/WindowsException'{0x00000000d57a5650}> (0x00000000d57a5650) 
thrown [s\src\hotspot\share\prims\jni.cpp, line 520]
Event: 32.064 Thread 0x0000029355c04ad0 Exception <a 'sun/nio/fs/WindowsException'{0x00000000d566ef78}> (0x00000000d566ef78) 
thrown [s\src\hotspot\share\prims\jni.cpp, line 520]
Event: 32.073 Thread 0x0000029355c04ad0 Exception <a 'sun/nio/fs/WindowsException'{0x00000000d5681ca0}> (0x00000000d5681ca0) 
thrown [s\src\hotspot\share\prims\jni.cpp, line 520]
Event: 32.116 Thread 0x0000029355c04ad0 Exception <a 'sun/nio/fs/WindowsException'{0x00000000d5633b38}> (0x00000000d5633b38) 
thrown [s\src\hotspot\share\prims\jni.cpp, line 520]
Event: 32.219 Thread 0x0000029355c04ad0 Exception <a 'sun/nio/fs/WindowsException'{0x00000000d56bce40}> (0x00000000d56bce40) 
thrown [s\src\hotspot\share\prims\jni.cpp, line 520]
Event: 32.255 Thread 0x0000029355c04ad0 Exception <a 'sun/nio/fs/WindowsException'{0x00000000d559bf58}> (0x00000000d559bf58) 
thrown [s\src\hotspot\share\prims\jni.cpp, line 520]
Event: 32.264 Thread 0x0000029355c04ad0 Exception <a 'sun/nio/fs/WindowsException'{0x00000000d55b7a48}> (0x00000000d55b7a48) 
thrown [s\src\hotspot\share\prims\jni.cpp, line 520]
Event: 32.302 Thread 0x0000029355c04ad0 Exception <a 'sun/nio/fs/WindowsException'{0x00000000d5582350}> (0x00000000d5582350) 
thrown [s\src\hotspot\share\prims\jni.cpp, line 520]
Event: 32.365 Thread 0x0000029355c04ad0 Exception <a 'sun/nio/fs/WindowsException'{0x00000000d56d8d38}> (0x00000000d56d8d38) 
thrown [s\src\hotspot\share\prims\jni.cpp, line 520]
Event: 32.389 Thread 0x0000029355c04ad0 Exception <a 'sun/nio/fs/WindowsException'{0x00000000d5780d30}> (0x00000000d5780d30) 
thrown [s\src\hotspot\share\prims\jni.cpp, line 520]
Event: 32.416 Thread 0x0000029355c04ad0 Exception <a 'sun/nio/fs/WindowsException'{0x00000000d587b710}> (0x00000000d587b710) 
thrown [s\src\hotspot\share\prims\jni.cpp, line 520]
Event: 32.442 Thread 0x0000029355c04ad0 Exception <a 'sun/nio/fs/WindowsException'{0x00000000d5676448}> (0x00000000d5676448) 
thrown [s\src\hotspot\share\prims\jni.cpp, line 520]
Event: 32.523 Thread 0x0000029355c04ad0 Exception <a 'sun/nio/fs/WindowsException'{0x00000000d57eb690}> (0x00000000d57eb690) 
thrown [s\src\hotspot\share\prims\jni.cpp, line 520]
Event: 32.548 Thread 0x0000029355c04ad0 Exception <a 'sun/nio/fs/WindowsException'{0x00000000d5604a90}> (0x00000000d5604a90) 
thrown [s\src\hotspot\share\prims\jni.cpp, line 520]
Event: 32.574 Thread 0x0000029355c04ad0 Exception <a 'sun/nio/fs/WindowsException'{0x00000000d570b448}> (0x00000000d570b448) 
thrown [s\src\hotspot\share\prims\jni.cpp, line 520]
Event: 32.598 Thread 0x0000029355c04ad0 Exception <a 'sun/nio/fs/WindowsException'{0x00000000d5838cd8}> (0x00000000d5838cd8) 
thrown [s\src\hotspot\share\prims\jni.cpp, line 520]
Event: 32.641 Thread 0x0000029355c04ad0 Exception <a 'sun/nio/fs/WindowsException'{0x00000000d58091e0}> (0x00000000d58091e0) 
thrown [s\src\hotspot\share\prims\jni.cpp, line 520]
Event: 33.211 Thread 0x0000029355c04ad0 Exception <a 'sun/nio/fs/WindowsException'{0x00000000d57a17e8}> (0x00000000d57a17e8) 
thrown [s\src\hotspot\share\prims\jni.cpp, line 520]
Event: 33.554 Thread 0x0000029357235df0 Exception <a 'java/lang/IncompatibleClassChangeError'{0x00000000d559e800}: Found class java.lang.Object, but interface was expected> (0x00000000d559e800) 
thrown [s\src\hotspot\share\interpreter\linkResolver.cpp, line 840]
Event: 33.562 Thread 0x00000293625d69a0 Exception <a 'java/lang/NoSuchMethodError'{0x00000000d56634e0}: 'java.lang.Object java.lang.invoke.DirectMethodHandle$Holder.invokeStatic(java.lang.Object, int, int, java.lang.Object)'> (0x00000000d56634e0) 
thrown [s\src\hotspot\share\interpreter\linkResolver.cpp, line 773]

ZGC Phase Switch (0 events):
No events

VM Operations (20 events):
Event: 33.383 Executing VM operation: ParallelGCFailedAllocation (Allocation Failure) done
Event: 33.404 Executing VM operation: ParallelGCFailedAllocation (Allocation Failure)
Event: 33.406 Executing VM operation: ParallelGCFailedAllocation (Allocation Failure) done
Event: 33.410 Executing VM operation: ParallelGCFailedAllocation (Allocation Failure)
Event: 33.412 Executing VM operation: ParallelGCFailedAllocation (Allocation Failure) done
Event: 33.427 Executing VM operation: ParallelGCFailedAllocation (Allocation Failure)
Event: 33.429 Executing VM operation: ParallelGCFailedAllocation (Allocation Failure) done
Event: 33.443 Executing VM operation: ParallelGCFailedAllocation (Allocation Failure)
Event: 33.445 Executing VM operation: ParallelGCFailedAllocation (Allocation Failure) done
Event: 33.467 Executing VM operation: ParallelGCFailedAllocation (Allocation Failure)
Event: 33.469 Executing VM operation: ParallelGCFailedAllocation (Allocation Failure) done
Event: 33.485 Executing VM operation: ParallelGCFailedAllocation (Allocation Failure)
Event: 33.487 Executing VM operation: ParallelGCFailedAllocation (Allocation Failure) done
Event: 33.506 Executing VM operation: ParallelGCFailedAllocation (Allocation Failure)
Event: 33.508 Executing VM operation: ParallelGCFailedAllocation (Allocation Failure) done
Event: 33.532 Executing VM operation: ParallelGCFailedAllocation (Allocation Failure)
Event: 33.534 Executing VM operation: ParallelGCFailedAllocation (Allocation Failure) done
Event: 33.550 Executing VM operation: ParallelGCFailedAllocation (Allocation Failure)
Event: 33.552 Executing VM operation: ParallelGCFailedAllocation (Allocation Failure) done
Event: 33.577 Executing VM operation: ParallelGCFailedAllocation (Allocation Failure)

Memory protections (0 events):
No events

Nmethod flushes (20 events):
Event: 20.707 Thread 0x000002937c6e41b0 flushing  nmethod 0x0000029301444e90
Event: 20.707 Thread 0x000002937c6e41b0 flushing  nmethod 0x000002930144e310
Event: 20.707 Thread 0x000002937c6e41b0 flushing  nmethod 0x0000029301454c90
Event: 20.707 Thread 0x000002937c6e41b0 flushing  nmethod 0x0000029301460510
Event: 20.707 Thread 0x000002937c6e41b0 flushing  nmethod 0x0000029301460d90
Event: 20.707 Thread 0x000002937c6e41b0 flushing  nmethod 0x000002930146e890
Event: 20.707 Thread 0x000002937c6e41b0 flushing  nmethod 0x0000029301476290
Event: 20.707 Thread 0x000002937c6e41b0 flushing  nmethod 0x0000029301492c10
Event: 20.707 Thread 0x000002937c6e41b0 flushing  nmethod 0x000002930149ee10
Event: 20.707 Thread 0x000002937c6e41b0 flushing  nmethod 0x00000293014d3410
Event: 20.707 Thread 0x000002937c6e41b0 flushing  nmethod 0x00000293014d3790
Event: 20.707 Thread 0x000002937c6e41b0 flushing  nmethod 0x00000293014d6810
Event: 20.707 Thread 0x000002937c6e41b0 flushing  nmethod 0x0000029301523290
Event: 20.707 Thread 0x000002937c6e41b0 flushing  nmethod 0x000002930152ea90
Event: 20.707 Thread 0x000002937c6e41b0 flushing  nmethod 0x000002930154ca90
Event: 20.707 Thread 0x000002937c6e41b0 flushing  nmethod 0x000002930154ce10
Event: 20.707 Thread 0x000002937c6e41b0 flushing  nmethod 0x0000029301564490
Event: 20.707 Thread 0x000002937c6e41b0 flushing  nmethod 0x000002930157c610
Event: 20.707 Thread 0x000002937c6e41b0 flushing  nmethod 0x0000029301594c90
Event: 20.707 Thread 0x000002937c6e41b0 flushing  nmethod 0x000002930159a510

Events (20 events):
Event: 23.251 Thread 0x000002937fb07eb0 Thread exited: 0x000002937fb07eb0
Event: 23.718 Thread 0x000002937dbc5540 Thread exited: 0x000002937dbc5540
Event: 23.718 Thread 0x000002937f528c30 Thread exited: 0x000002937f528c30
Event: 23.809 Thread 0x000002937dbc4a90 Thread exited: 0x000002937dbc4a90
Event: 23.809 Thread 0x000002937dbc3fe0 Thread exited: 0x000002937dbc3fe0
Event: 25.174 Thread 0x00000293641f9e20 Thread exited: 0x00000293641f9e20
Event: 29.287 Thread 0x000002937dac7b90 Thread added: 0x000002936308f5f0
Event: 29.448 Thread 0x000002936308f5f0 Thread exited: 0x000002936308f5f0
Event: 30.832 Thread 0x000002937dac7b90 Thread added: 0x000002936308f5f0
Event: 30.832 Thread 0x000002937dac7b90 Thread added: 0x0000029357f5fd30
Event: 30.832 Thread 0x000002937dac7b90 Thread added: 0x0000029357f5ef90
Event: 30.843 Thread 0x0000029357f5fd30 Thread added: 0x0000029357f61f40
Event: 30.844 Thread 0x000002937dac7b90 Thread added: 0x00000293540cc300
Event: 30.999 Thread 0x00000293540cc300 Thread exited: 0x00000293540cc300
Event: 31.102 Thread 0x0000029357f61f40 Thread exited: 0x0000029357f61f40
Event: 32.007 Thread 0x0000029357f5ef90 Thread exited: 0x0000029357f5ef90
Event: 32.653 Thread 0x000002936308f5f0 Thread added: 0x0000029357f5ef90
Event: 32.708 Thread 0x000002936308f5f0 Thread added: 0x00000293540c9a20
Event: 32.711 Thread 0x000002936308f5f0 Thread added: 0x00000293540cae90
Event: 32.726 Thread 0x00000293540c9a20 Thread added: 0x00000293540cb560


Dynamic libraries:
0x00007ff78ba30000 - 0x00007ff78ba3e000 	c:\Users\m1510\.vscode\extensions\redhat.java-1.43.1-win32-x64\jre\21.0.7-win32-x86_64\bin\java.exe
0x00007fffbe5a0000 - 0x00007fffbe805000 	C:\WINDOWS\SYSTEM32\ntdll.dll
0x00007fffbcb20000 - 0x00007fffbcbe9000 	C:\WINDOWS\System32\KERNEL32.DLL
0x00007fffbb7b0000 - 0x00007fffbbb98000 	C:\WINDOWS\System32\KERNELBASE.dll
0x00007fffbbba0000 - 0x00007fffbbceb000 	C:\WINDOWS\System32\ucrtbase.dll
0x00007fffb5f40000 - 0x00007fffb5f58000 	c:\Users\m1510\.vscode\extensions\redhat.java-1.43.1-win32-x64\jre\21.0.7-win32-x86_64\bin\jli.dll
0x00007fffb5f10000 - 0x00007fffb5f2e000 	c:\Users\m1510\.vscode\extensions\redhat.java-1.43.1-win32-x64\jre\21.0.7-win32-x86_64\bin\VCRUNTIME140.dll
0x00007fffbd440000 - 0x00007fffbd60a000 	C:\WINDOWS\System32\USER32.dll
0x00007fffbb6f0000 - 0x00007fffbb717000 	C:\WINDOWS\System32\win32u.dll
0x00007fffbc9b0000 - 0x00007fffbc9db000 	C:\WINDOWS\System32\GDI32.dll
0x00007fffbc160000 - 0x00007fffbc297000 	C:\WINDOWS\System32\gdi32full.dll
0x00007fffbc0b0000 - 0x00007fffbc153000 	C:\WINDOWS\System32\msvcp_win.dll
0x00007fffa6bb0000 - 0x00007fffa6e4a000 	C:\WINDOWS\WinSxS\amd64_microsoft.windows.common-controls_6595b64144ccf1df_6.0.26100.4202_none_3e0698d4e335f517\COMCTL32.dll
0x00007fffbc810000 - 0x00007fffbc8b9000 	C:\WINDOWS\System32\msvcrt.dll
0x00007fffbd400000 - 0x00007fffbd430000 	C:\WINDOWS\System32\IMM32.DLL
0x00007fffb5f00000 - 0x00007fffb5f0c000 	c:\Users\m1510\.vscode\extensions\redhat.java-1.43.1-win32-x64\jre\21.0.7-win32-x86_64\bin\vcruntime140_1.dll
0x00007fff95b50000 - 0x00007fff95bdd000 	c:\Users\m1510\.vscode\extensions\redhat.java-1.43.1-win32-x64\jre\21.0.7-win32-x86_64\bin\msvcp140.dll
0x00007fff0a500000 - 0x00007fff0b290000 	c:\Users\m1510\.vscode\extensions\redhat.java-1.43.1-win32-x64\jre\21.0.7-win32-x86_64\bin\server\jvm.dll
0x00007fffbdb50000 - 0x00007fffbdc03000 	C:\WINDOWS\System32\ADVAPI32.dll
0x00007fffbd610000 - 0x00007fffbd6b6000 	C:\WINDOWS\System32\sechost.dll
0x00007fffbce50000 - 0x00007fffbcf65000 	C:\WINDOWS\System32\RPCRT4.dll
0x00007fffbc780000 - 0x00007fffbc7f4000 	C:\WINDOWS\System32\WS2_32.dll
0x00007fffaa290000 - 0x00007fffaa29b000 	C:\WINDOWS\SYSTEM32\VERSION.dll
0x00007fffbb540000 - 0x00007fffbb59e000 	C:\WINDOWS\SYSTEM32\POWRPROF.dll
0x00007fffb0fa0000 - 0x00007fffb0fd5000 	C:\WINDOWS\SYSTEM32\WINMM.dll
0x00007fffbb520000 - 0x00007fffbb534000 	C:\WINDOWS\SYSTEM32\UMPDC.dll
0x00007fffba4b0000 - 0x00007fffba4cb000 	C:\WINDOWS\SYSTEM32\kernel.appcore.dll
0x00007fffb5ef0000 - 0x00007fffb5efa000 	c:\Users\m1510\.vscode\extensions\redhat.java-1.43.1-win32-x64\jre\21.0.7-win32-x86_64\bin\jimage.dll
0x00007fffb8ec0000 - 0x00007fffb9101000 	C:\WINDOWS\SYSTEM32\DBGHELP.DLL
0x00007fffbd6c0000 - 0x00007fffbda45000 	C:\WINDOWS\System32\combase.dll
0x00007fffbcbf0000 - 0x00007fffbccd1000 	C:\WINDOWS\System32\OLEAUT32.dll
0x00007fffaa250000 - 0x00007fffaa289000 	C:\WINDOWS\SYSTEM32\dbgcore.DLL
0x00007fffbc2a0000 - 0x00007fffbc339000 	C:\WINDOWS\System32\bcryptPrimitives.dll
0x00007fffb5e40000 - 0x00007fffb5e4f000 	c:\Users\m1510\.vscode\extensions\redhat.java-1.43.1-win32-x64\jre\21.0.7-win32-x86_64\bin\instrument.dll
0x00007fffb0c10000 - 0x00007fffb0c2f000 	c:\Users\m1510\.vscode\extensions\redhat.java-1.43.1-win32-x64\jre\21.0.7-win32-x86_64\bin\java.dll
0x00007fffbdd50000 - 0x00007fffbe492000 	C:\WINDOWS\System32\SHELL32.dll
0x00007fffbbf30000 - 0x00007fffbc0a4000 	C:\WINDOWS\System32\wintypes.dll
0x00007fffb9320000 - 0x00007fffb9b78000 	C:\WINDOWS\SYSTEM32\windows.storage.dll
0x00007fffbda50000 - 0x00007fffbdb41000 	C:\WINDOWS\System32\SHCORE.dll
0x00007fffbcab0000 - 0x00007fffbcb1a000 	C:\WINDOWS\System32\shlwapi.dll
0x00007fffbb600000 - 0x00007fffbb62f000 	C:\WINDOWS\SYSTEM32\profapi.dll
0x00007fffb0790000 - 0x00007fffb07a8000 	c:\Users\m1510\.vscode\extensions\redhat.java-1.43.1-win32-x64\jre\21.0.7-win32-x86_64\bin\zip.dll
0x00007fffb5dc0000 - 0x00007fffb5dd0000 	C:\Users\m1510\.vscode\extensions\redhat.java-1.43.1-win32-x64\jre\21.0.7-win32-x86_64\bin\net.dll
0x00007fffb43e0000 - 0x00007fffb44fe000 	C:\WINDOWS\SYSTEM32\WINHTTP.dll
0x00007fffbaa20000 - 0x00007fffbaa8a000 	C:\WINDOWS\system32\mswsock.dll
0x00007fffb0770000 - 0x00007fffb0786000 	C:\Users\m1510\.vscode\extensions\redhat.java-1.43.1-win32-x64\jre\21.0.7-win32-x86_64\bin\nio.dll
0x00007fffb5e30000 - 0x00007fffb5e40000 	c:\Users\m1510\.vscode\extensions\redhat.java-1.43.1-win32-x64\jre\21.0.7-win32-x86_64\bin\verify.dll
0x00007fffa3f90000 - 0x00007fffa3fd5000 	C:\Users\m1510\AppData\Roaming\Code\User\globalStorage\redhat.java\1.43.1\config_win\org.eclipse.equinox.launcher\org.eclipse.equinox.launcher.win32.win32.x86_64_1.2.1300.v20250331-1702\eclipse_11911.dll
0x00007fffbc340000 - 0x00007fffbc4de000 	C:\WINDOWS\System32\ole32.dll
0x00007fffbacd0000 - 0x00007fffbaceb000 	C:\WINDOWS\SYSTEM32\CRYPTSP.dll
0x00007fffba410000 - 0x00007fffba44a000 	C:\WINDOWS\system32\rsaenh.dll
0x00007fffbaac0000 - 0x00007fffbaaeb000 	C:\WINDOWS\SYSTEM32\USERENV.dll
0x00007fffbb5d0000 - 0x00007fffbb5f6000 	C:\WINDOWS\SYSTEM32\bcrypt.dll
0x00007fffbacf0000 - 0x00007fffbacfc000 	C:\WINDOWS\SYSTEM32\CRYPTBASE.dll
0x00007fffb9ee0000 - 0x00007fffb9f13000 	C:\WINDOWS\SYSTEM32\IPHLPAPI.DLL
0x00007fffbc920000 - 0x00007fffbc92a000 	C:\WINDOWS\System32\NSI.dll
0x00007fff9eb30000 - 0x00007fff9eb79000 	C:\Users\m1510\AppData\Local\Temp\jna-102176048\jna5083518930143370275.dll
0x00007fffbdc10000 - 0x00007fffbdc18000 	C:\WINDOWS\System32\PSAPI.DLL
0x00007fffb48f0000 - 0x00007fffb490f000 	C:\WINDOWS\SYSTEM32\dhcpcsvc6.DLL
0x00007fffb4800000 - 0x00007fffb4825000 	C:\WINDOWS\SYSTEM32\dhcpcsvc.DLL
0x00007fffba5d0000 - 0x00007fffba606000 	C:\WINDOWS\SYSTEM32\ntmarta.dll

dbghelp: loaded successfully - version: 4.0.5 - missing functions: none
symbol engine: initialized successfully - sym options: 0x614 - pdb path: .;c:\Users\m1510\.vscode\extensions\redhat.java-1.43.1-win32-x64\jre\21.0.7-win32-x86_64\bin;C:\WINDOWS\SYSTEM32;C:\WINDOWS\WinSxS\amd64_microsoft.windows.common-controls_6595b64144ccf1df_6.0.26100.4202_none_3e0698d4e335f517;c:\Users\m1510\.vscode\extensions\redhat.java-1.43.1-win32-x64\jre\21.0.7-win32-x86_64\bin\server;C:\Users\m1510\AppData\Roaming\Code\User\globalStorage\redhat.java\1.43.1\config_win\org.eclipse.equinox.launcher\org.eclipse.equinox.launcher.win32.win32.x86_64_1.2.1300.v20250331-1702;C:\Users\m1510\AppData\Local\Temp\jna-102176048

VM Arguments:
jvm_args: --add-modules=ALL-SYSTEM --add-opens=java.base/java.util=ALL-UNNAMED --add-opens=java.base/java.lang=ALL-UNNAMED --add-opens=java.base/sun.nio.fs=ALL-UNNAMED -Declipse.application=org.eclipse.jdt.ls.core.id1 -Dosgi.bundles.defaultStartLevel=4 -Declipse.product=org.eclipse.jdt.ls.core.product -Djava.import.generatesMetadataFilesAtProjectRoot=false -DDetectVMInstallationsJob.disabled=true -Dfile.encoding=utf8 -XX:+UseParallelGC -XX:GCTimeRatio=4 -XX:AdaptiveSizePolicyWeight=90 -Dsun.zip.disableMemoryMapping=true -Xmx2G -Xms100m -Xlog:disable -javaagent:c:\Users\m1510\.vscode\extensions\redhat.java-1.43.1-win32-x64\lombok\lombok-1.18.39-4050.jar -XX:+HeapDumpOnOutOfMemoryError -XX:HeapDumpPath=c:\Users\m1510\AppData\Roaming\Code\User\workspaceStorage\638328d4e911d6bdb8e6bd2aaac90979\redhat.java -Daether.dependencyCollector.impl=bf 
java_command: c:\Users\m1510\.vscode\extensions\redhat.java-1.43.1-win32-x64\server\plugins\org.eclipse.equinox.launcher_1.7.0.v20250519-0528.jar -configuration c:\Users\m1510\AppData\Roaming\Code\User\globalStorage\redhat.java\1.43.1\config_win -data c:\Users\m1510\AppData\Roaming\Code\User\workspaceStorage\638328d4e911d6bdb8e6bd2aaac90979\redhat.java\jdt_ws --pipe=\\.\pipe\lsp-5c5a182e50a8b0fc876d36d742e9a8b3-sock
java_class_path (initial): c:\Users\m1510\.vscode\extensions\redhat.java-1.43.1-win32-x64\server\plugins\org.eclipse.equinox.launcher_1.7.0.v20250519-0528.jar
Launcher Type: SUN_STANDARD

[Global flags]
    uintx AdaptiveSizePolicyWeight                 = 90                                        {product} {command line}
     intx CICompilerCount                          = 12                                        {product} {ergonomic}
    uintx GCTimeRatio                              = 4                                         {product} {command line}
     bool HeapDumpOnOutOfMemoryError               = true                                   {manageable} {command line}
    ccstr HeapDumpPath                             = c:\Users\m1510\AppData\Roaming\Code\User\workspaceStorage\638328d4e911d6bdb8e6bd2aaac90979\redhat.java         {manageable} {command line}
   size_t InitialHeapSize                          = 104857600                                 {product} {command line}
   size_t MaxHeapSize                              = 2147483648                                {product} {command line}
   size_t MaxNewSize                               = 715653120                                 {product} {ergonomic}
   size_t MinHeapDeltaBytes                        = 524288                                    {product} {ergonomic}
   size_t MinHeapSize                              = 104857600                                 {product} {command line}
   size_t NewSize                                  = 34603008                                  {product} {ergonomic}
    uintx NonNMethodCodeHeapSize                   = 7602480                                {pd product} {ergonomic}
    uintx NonProfiledCodeHeapSize                  = 122027880                              {pd product} {ergonomic}
   size_t OldSize                                  = 70254592                                  {product} {ergonomic}
    uintx ProfiledCodeHeapSize                     = 122027880                              {pd product} {ergonomic}
    uintx ReservedCodeCacheSize                    = 251658240                              {pd product} {ergonomic}
     bool SegmentedCodeCache                       = true                                      {product} {ergonomic}
   size_t SoftMaxHeapSize                          = 2147483648                             {manageable} {ergonomic}
     bool UseCompressedOops                        = true                           {product lp64_product} {ergonomic}
     bool UseLargePagesIndividualAllocation        = false                                  {pd product} {ergonomic}
     bool UseParallelGC                            = true                                      {product} {command line}

Logging:
Log output configuration:
 #0: stdout all=off uptime,level,tags foldmultilines=false
 #1: stderr all=off uptime,level,tags foldmultilines=false

Environment Variables:
JAVA_HOME=D:\JAVA\jdk23
CLASSPATH=.;D:\JAVA\jdk23\lib;D:\JAVA\jdk23\lib\tools.jar
PATH=C:\WINDOWS\system32;C:\WINDOWS;C:\WINDOWS\System32\Wbem;C:\WINDOWS\System32\WindowsPowerShell\v1.0\;C:\WINDOWS\System32\OpenSSH\;C:\Program Files\dotnet\;C:\Program Files\mingw64\bin;C:\Program Files\TortoiseGit\bin;D:\jdk22\bin;D:\Git\Git\cmd;D:\Matlab2024b\bin;C:\Program Files\Microsoft SQL Server\150\Tools\Binn\;D:\Node\;C:\Program Files\Microsoft SQL Server\Client SDK\ODBC\170\Tools\Binn\;C:\Program Files\dotnet\;D:\Windows Kits\10\Windows Performance Toolkit\;D:\JAVA\jdk23\bin;D:\JAVA\jdk23\jre\bin;D:\Maven\apache-maven-3.9.10\bin;C:\Program Files\MySQL\MySQL Shell 8.0\bin\;C:\Program Files\dotnet\;C:\Users\m1510\AppData\Local\Microsoft\WindowsApps;D:\Edge download\x86_64-8.1.0-release-win32-seh-rt_v6-rev0\mingw64\bin;D:\PyCharm 2024.2\bin;;D:\PyCharm\PyCharm Community Edition 2024.2.1\bin;;D:\anaconda3\Library\mingw-w64;C:\Users\m1510\AppData\Roaming\npm;D:\MySql\MySQL Server 8.0\bin\;C:\Users\m1510\.dotnet\tools;D:\cursor\cursor\resources\app\bin;D:\Fiddler;D:\Microsoft VS Code\bin;D:\IntelliJ IDEA Community Edition 2025.1.3\bin;
USERNAME=m1510
OS=Windows_NT
PROCESSOR_IDENTIFIER=Intel64 Family 6 Model 186 Stepping 2, GenuineIntel
TMP=C:\Users\m1510\AppData\Local\Temp
TEMP=C:\Users\m1510\AppData\Local\Temp




Periodic native trim disabled

---------------  S Y S T E M  ---------------

OS:
 Windows 11 , 64 bit Build 26100 (10.0.26100.4202)
OS uptime: 4 days 0:25 hours
Hyper-V role detected

CPU: total 16 (initial active 16) (8 cores per cpu, 2 threads per core) family 6 model 186 stepping 2 microcode 0x410e, cx8, cmov, fxsr, ht, mmx, 3dnowpref, sse, sse2, sse3, ssse3, sse4.1, sse4.2, popcnt, lzcnt, tsc, tscinvbit, avx, avx2, aes, erms, clmul, bmi1, bmi2, adx, sha, fma, vzeroupper, clflush, clflushopt, clwb, hv, serialize, rdtscp, rdpid, fsrm, f16c, cet_ibt, cet_ss
Processor Information for the first 16 processors :
  Max Mhz: 2600, Current Mhz: 2600, Mhz Limit: 2600

Memory: 4k page, system-wide physical 16123M (1158M free)
TotalPageFile size 60056M (AvailPageFile size 0M)
current process WorkingSet (physical memory assigned to process): 1438M, peak: 1438M
current process commit charge ("private bytes"): 1383M, peak: 1385M

vm_info: OpenJDK 64-Bit Server VM (21.0.7+6-LTS) for windows-amd64 JRE (21.0.7+6-LTS), built on 2025-04-15T00:00:00Z by "admin" with MS VC++ 17.7 (VS2022)

END.
