#
# There is insufficient memory for the Java Runtime Environment to continue.
# Native memory allocation (malloc) failed to allocate 1489856 bytes. Error detail: Chunk::new
# Possible reasons:
#   The system is out of physical RAM or swap space
#   This process is running with CompressedOops enabled, and the Java Heap may be blocking the growth of the native heap
# Possible solutions:
#   Reduce memory load on the system
#   Increase physical memory or swap space
#   Check if swap backing store is full
#   Decrease Java heap size (-Xmx/-Xms)
#   Decrease number of Java threads
#   Decrease Java thread stack sizes (-Xss)
#   Set larger code cache with -XX:ReservedCodeCacheSize=
#   JVM is running with Unscaled Compressed Oops mode in which the Java heap is
#     placed in the first 4GB address space. The Java Heap base address is the
#     maximum limit for the native heap growth. Please use -XX:HeapBaseMinAddress
#     to set the Java Heap base and to place the Java Heap above 4GB virtual address.
# This output file may be truncated or incomplete.
#
#  Out of Memory Error (arena.cpp:168), pid=29684, tid=33572
#
# JRE version: OpenJDK Runtime Environment Temurin-21.0.7+6 (21.0.7+6) (build 21.0.7+6-LTS)
# Java VM: OpenJDK 64-Bit Server VM Temurin-21.0.7+6 (21.0.7+6-LTS, mixed mode, sharing, tiered, compressed oops, compressed class ptrs, parallel gc, windows-amd64)
# No core dump will be written. Minidumps are not enabled by default on client versions of Windows
#

---------------  S U M M A R Y ------------

Command Line: --add-modules=ALL-SYSTEM --add-opens=java.base/java.util=ALL-UNNAMED --add-opens=java.base/java.lang=ALL-UNNAMED --add-opens=java.base/sun.nio.fs=ALL-UNNAMED -Declipse.application=org.eclipse.jdt.ls.core.id1 -Dosgi.bundles.defaultStartLevel=4 -Declipse.product=org.eclipse.jdt.ls.core.product -Djava.import.generatesMetadataFilesAtProjectRoot=false -DDetectVMInstallationsJob.disabled=true -Dfile.encoding=utf8 -XX:+UseParallelGC -XX:GCTimeRatio=4 -XX:AdaptiveSizePolicyWeight=90 -Dsun.zip.disableMemoryMapping=true -Xmx2G -Xms100m -Xlog:disable -javaagent:c:\Users\m1510\.vscode\extensions\redhat.java-1.43.1-win32-x64\lombok\lombok-1.18.39-4050.jar -XX:+HeapDumpOnOutOfMemoryError -XX:HeapDumpPath=c:\Users\m1510\AppData\Roaming\Code\User\workspaceStorage\638328d4e911d6bdb8e6bd2aaac90979\redhat.java -Daether.dependencyCollector.impl=bf c:\Users\m1510\.vscode\extensions\redhat.java-1.43.1-win32-x64\server\plugins\org.eclipse.equinox.launcher_1.7.0.v20250519-0528.jar -configuration c:\Users\m1510\AppData\Roaming\Code\User\globalStorage\redhat.java\1.43.1\config_win -data c:\Users\m1510\AppData\Roaming\Code\User\workspaceStorage\638328d4e911d6bdb8e6bd2aaac90979\redhat.java\jdt_ws --pipe=\\.\pipe\lsp-c963f2d086bd67eabe60c5ab105b36d8-sock

Host: 13th Gen Intel(R) Core(TM) i5-13500H, 16 cores, 15G,  Windows 11 , 64 bit Build 26100 (10.0.26100.4202)
Time: Wed Jul  2 16:32:20 2025  Windows 11 , 64 bit Build 26100 (10.0.26100.4202) elapsed time: 71.612692 seconds (0d 0h 1m 11s)

---------------  T H R E A D  ---------------

Current thread (0x000001f359620720):  JavaThread "C2 CompilerThread2" daemon [_thread_in_native, id=33572, stack(0x00000008c9c00000,0x00000008c9d00000) (1024K)]


Current CompileTask:
C2:71612 22528       4       org.eclipse.jdt.internal.codeassist.CompletionEngine::createTypeProposal (397 bytes)

Stack: [0x00000008c9c00000,0x00000008c9d00000]
Native frames: (J=compiled Java code, j=interpreted, Vv=VM code, C=native code)
V  [jvm.dll+0x6ce119]
V  [jvm.dll+0x8a84a1]
V  [jvm.dll+0x8aa9ce]
V  [jvm.dll+0x8ab0b3]
V  [jvm.dll+0x27f8a6]
V  [jvm.dll+0xc507d]
V  [jvm.dll+0xc55b3]
V  [jvm.dll+0x3b692c]
V  [jvm.dll+0x382aa5]
V  [jvm.dll+0x381f0a]
V  [jvm.dll+0x247af0]
V  [jvm.dll+0x2470cf]
V  [jvm.dll+0x1c760e]
V  [jvm.dll+0x25695a]
V  [jvm.dll+0x254efa]
V  [jvm.dll+0x3f03f6]
V  [jvm.dll+0x851f6b]
V  [jvm.dll+0x6cc7dd]
C  [ucrtbase.dll+0x37b0]
C  [KERNEL32.DLL+0x2e8d7]
C  [ntdll.dll+0x3c34c]


---------------  P R O C E S S  ---------------

Threads class SMR info:
_java_thread_list=0x000001f35c4835b0, length=113, elements={
0x000001f368faa9f0, 0x000001f37f15d820, 0x000001f37f15e4d0, 0x000001f37f164040,
0x000001f37f165170, 0x000001f37f165f70, 0x000001f37f188960, 0x000001f36b4a1d50,
0x000001f36b4ac8b0, 0x000001f36b45daf0, 0x000001f37f4cdef0, 0x000001f34abe2b70,
0x000001f34a671420, 0x000001f34a681290, 0x000001f34a653790, 0x000001f34adc5320,
0x000001f34b144540, 0x000001f34a93d600, 0x000001f34a93e320, 0x000001f34a93dc90,
0x000001f34a93e9b0, 0x000001f34a93b530, 0x000001f34a93c8e0, 0x000001f34c984100,
0x000001f34c9819a0, 0x000001f34c984e20, 0x000001f34c982030, 0x000001f34c984790,
0x000001f34c9826c0, 0x000001f34c9854b0, 0x000001f34c985b40, 0x000001f34c9861d0,
0x000001f34c982d50, 0x000001f34c983a70, 0x000001f34c986860, 0x000001f34c9833e0,
0x000001f34c9882a0, 0x000001f34c987580, 0x000001f34c988930, 0x000001f34c987c10,
0x000001f34c988fc0, 0x000001f34c986ef0, 0x000001f34dc05d60, 0x000001f34dc063f0,
0x000001f34dc08b50, 0x000001f34dc06a80, 0x000001f34dc0a590, 0x000001f34dc09870,
0x000001f34dc084c0, 0x000001f34dc0ac20, 0x000001f34dc077a0, 0x000001f34dc0b2b0,
0x000001f34dc0b940, 0x000001f34dc0bfd0, 0x000001f34dc0c660, 0x000001f34dc0d380,
0x000001f35b8cd5a0, 0x000001f35b8cfd00, 0x000001f35b8cefe0, 0x000001f35b8cf670,
0x000001f35b8ce2c0, 0x000001f35b8cdc30, 0x000001f35b8ccf10, 0x000001f35b8ce950,
0x000001f35b8cc880, 0x000001f35b8d2af0, 0x000001f35b8d3180, 0x000001f35b8d3810,
0x000001f35b8d10b0, 0x000001f35b8d1740, 0x000001f35b8d0390, 0x000001f35b8d1dd0,
0x000001f35b8d2460, 0x000001f35b8d3ea0, 0x000001f35b8d0a20, 0x000001f35ad68850,
0x000001f35ad68ee0, 0x000001f35ad69570, 0x000001f35ad66e10, 0x000001f35ad66780,
0x000001f35ad6afb0, 0x000001f35ad6d080, 0x000001f35ad6c9f0, 0x000001f35ad6c360,
0x000001f35ad6d710, 0x000001f35ad6b640, 0x000001f35ad6bcd0, 0x000001f35ad6a290,
0x000001f35ad6a920, 0x000001f34a93c250, 0x000001f35781db90, 0x000001f35781f5d0,
0x000001f357820980, 0x000001f357821010, 0x000001f357821d30, 0x000001f3578223c0,
0x000001f357823e00, 0x000001f357824490, 0x000001f357824b20, 0x000001f3578230e0,
0x000001f34bedda70, 0x000001f34bedd3e0, 0x000001f34bedee20, 0x000001f34bedf4b0,
0x000001f34bedfb40, 0x000001f34bedcd50, 0x000001f34bede790, 0x000001f35ad681c0,
0x000001f35961c9d0, 0x000001f35961c300, 0x000001f34aeac640, 0x000001f3596214c0,
0x000001f359620720
}

Java Threads: ( => current thread )
  0x000001f368faa9f0 JavaThread "main"                              [_thread_blocked, id=35212, stack(0x00000008c9e00000,0x00000008c9f00000) (1024K)]
  0x000001f37f15d820 JavaThread "Reference Handler"          daemon [_thread_blocked, id=35220, stack(0x00000008ca200000,0x00000008ca300000) (1024K)]
  0x000001f37f15e4d0 JavaThread "Finalizer"                  daemon [_thread_blocked, id=14144, stack(0x00000008ca300000,0x00000008ca400000) (1024K)]
  0x000001f37f164040 JavaThread "Signal Dispatcher"          daemon [_thread_blocked, id=36036, stack(0x00000008ca400000,0x00000008ca500000) (1024K)]
  0x000001f37f165170 JavaThread "Attach Listener"            daemon [_thread_blocked, id=27256, stack(0x00000008ca500000,0x00000008ca600000) (1024K)]
  0x000001f37f165f70 JavaThread "Service Thread"             daemon [_thread_blocked, id=17704, stack(0x00000008ca600000,0x00000008ca700000) (1024K)]
  0x000001f37f188960 JavaThread "Monitor Deflation Thread"   daemon [_thread_blocked, id=38348, stack(0x00000008ca700000,0x00000008ca800000) (1024K)]
  0x000001f36b4a1d50 JavaThread "C2 CompilerThread0"         daemon [_thread_in_native, id=37740, stack(0x00000008ca800000,0x00000008ca900000) (1024K)]
  0x000001f36b4ac8b0 JavaThread "C1 CompilerThread0"         daemon [_thread_blocked, id=34316, stack(0x00000008ca900000,0x00000008caa00000) (1024K)]
  0x000001f36b45daf0 JavaThread "Common-Cleaner"             daemon [_thread_blocked, id=10276, stack(0x00000008caa00000,0x00000008cab00000) (1024K)]
  0x000001f37f4cdef0 JavaThread "Notification Thread"        daemon [_thread_blocked, id=34244, stack(0x00000008cb000000,0x00000008cb100000) (1024K)]
  0x000001f34abe2b70 JavaThread "Active Thread: Equinox Container: 5cdd0c8d-4093-4bf0-8262-51cd22ceeb35"        [_thread_blocked, id=11152, stack(0x00000008cb900000,0x00000008cba00000) (1024K)]
  0x000001f34a671420 JavaThread "Refresh Thread: Equinox Container: 5cdd0c8d-4093-4bf0-8262-51cd22ceeb35" daemon [_thread_blocked, id=35648, stack(0x00000008cbb00000,0x00000008cbc00000) (1024K)]
  0x000001f34a681290 JavaThread "Framework Event Dispatcher: Equinox Container: 5cdd0c8d-4093-4bf0-8262-51cd22ceeb35" daemon [_thread_blocked, id=35896, stack(0x00000008cbc00000,0x00000008cbd00000) (1024K)]
  0x000001f34a653790 JavaThread "Start Level: Equinox Container: 5cdd0c8d-4093-4bf0-8262-51cd22ceeb35" daemon [_thread_blocked, id=38624, stack(0x00000008cbd00000,0x00000008cbe00000) (1024K)]
  0x000001f34adc5320 JavaThread "Bundle File Closer"         daemon [_thread_blocked, id=35516, stack(0x00000008cc100000,0x00000008cc200000) (1024K)]
  0x000001f34b144540 JavaThread "SCR Component Actor"        daemon [_thread_blocked, id=26592, stack(0x00000008cc200000,0x00000008cc300000) (1024K)]
  0x000001f34a93d600 JavaThread "Worker-JM"                         [_thread_blocked, id=29588, stack(0x00000008cc500000,0x00000008cc600000) (1024K)]
  0x000001f34a93e320 JavaThread "JNA Cleaner"                daemon [_thread_blocked, id=29900, stack(0x00000008cb800000,0x00000008cb900000) (1024K)]
  0x000001f34a93dc90 JavaThread "Worker-0"                          [_thread_blocked, id=26156, stack(0x00000008cc700000,0x00000008cc800000) (1024K)]
  0x000001f34a93e9b0 JavaThread "Worker-1"                          [_thread_blocked, id=36072, stack(0x00000008cc800000,0x00000008cc900000) (1024K)]
  0x000001f34a93b530 JavaThread "Worker-2"                          [_thread_blocked, id=17068, stack(0x00000008cc900000,0x00000008cca00000) (1024K)]
  0x000001f34a93c8e0 JavaThread "Java indexing"              daemon [_thread_in_native, id=1928, stack(0x00000008cca00000,0x00000008ccb00000) (1024K)]
  0x000001f34c984100 JavaThread "Worker-3"                          [_thread_blocked, id=30032, stack(0x00000008ccb00000,0x00000008ccc00000) (1024K)]
  0x000001f34c9819a0 JavaThread "Worker-4"                          [_thread_blocked, id=8408, stack(0x00000008ccf00000,0x00000008cd000000) (1024K)]
  0x000001f34c984e20 JavaThread "Worker-5"                          [_thread_blocked, id=13176, stack(0x00000008cd000000,0x00000008cd100000) (1024K)]
  0x000001f34c982030 JavaThread "Thread-2"                   daemon [_thread_in_native, id=26512, stack(0x00000008cd100000,0x00000008cd200000) (1024K)]
  0x000001f34c984790 JavaThread "Thread-3"                   daemon [_thread_in_native, id=36240, stack(0x00000008cd200000,0x00000008cd300000) (1024K)]
  0x000001f34c9826c0 JavaThread "Thread-4"                   daemon [_thread_in_native, id=8804, stack(0x00000008cd300000,0x00000008cd400000) (1024K)]
  0x000001f34c9854b0 JavaThread "Thread-5"                   daemon [_thread_in_native, id=28008, stack(0x00000008cd400000,0x00000008cd500000) (1024K)]
  0x000001f34c985b40 JavaThread "Thread-6"                   daemon [_thread_in_native, id=16188, stack(0x00000008cd500000,0x00000008cd600000) (1024K)]
  0x000001f34c9861d0 JavaThread "Thread-7"                   daemon [_thread_in_native, id=4024, stack(0x00000008cd600000,0x00000008cd700000) (1024K)]
  0x000001f34c982d50 JavaThread "Thread-8"                   daemon [_thread_in_native, id=10160, stack(0x00000008cd700000,0x00000008cd800000) (1024K)]
  0x000001f34c983a70 JavaThread "Thread-9"                   daemon [_thread_in_native, id=3156, stack(0x00000008cd800000,0x00000008cd900000) (1024K)]
  0x000001f34c986860 JavaThread "Thread-10"                  daemon [_thread_in_native, id=22100, stack(0x00000008cd900000,0x00000008cda00000) (1024K)]
  0x000001f34c9833e0 JavaThread "Thread-11"                  daemon [_thread_in_native, id=38752, stack(0x00000008cda00000,0x00000008cdb00000) (1024K)]
  0x000001f34c9882a0 JavaThread "Thread-12"                  daemon [_thread_in_native, id=22168, stack(0x00000008cdb00000,0x00000008cdc00000) (1024K)]
  0x000001f34c987580 JavaThread "Thread-13"                  daemon [_thread_in_native, id=17028, stack(0x00000008cdc00000,0x00000008cdd00000) (1024K)]
  0x000001f34c988930 JavaThread "Thread-14"                  daemon [_thread_in_native, id=25796, stack(0x00000008cdd00000,0x00000008cde00000) (1024K)]
  0x000001f34c987c10 JavaThread "Thread-15"                  daemon [_thread_in_native, id=38552, stack(0x00000008cde00000,0x00000008cdf00000) (1024K)]
  0x000001f34c988fc0 JavaThread "Thread-16"                  daemon [_thread_in_native, id=20780, stack(0x00000008cdf00000,0x00000008ce000000) (1024K)]
  0x000001f34c986ef0 JavaThread "Thread-17"                  daemon [_thread_blocked, id=15072, stack(0x00000008ce000000,0x00000008ce100000) (1024K)]
  0x000001f34dc05d60 JavaThread "Thread-18"                  daemon [_thread_in_native, id=8956, stack(0x00000008ce100000,0x00000008ce200000) (1024K)]
  0x000001f34dc063f0 JavaThread "pool-2-thread-1"                   [_thread_blocked, id=6940, stack(0x00000008ce200000,0x00000008ce300000) (1024K)]
  0x000001f34dc08b50 JavaThread "Worker-6: Validate documents"        [_thread_blocked, id=14044, stack(0x00000008ce600000,0x00000008ce700000) (1024K)]
  0x000001f34dc06a80 JavaThread "Worker-7"                          [_thread_blocked, id=27004, stack(0x00000008ce700000,0x00000008ce800000) (1024K)]
  0x000001f34dc0a590 JavaThread "WorkspaceEventsHandler"            [_thread_blocked, id=38288, stack(0x00000008ce800000,0x00000008ce900000) (1024K)]
  0x000001f34dc09870 JavaThread "pool-1-thread-1"                   [_thread_blocked, id=35356, stack(0x00000008ce900000,0x00000008cea00000) (1024K)]
  0x000001f34dc084c0 JavaThread "LocalFile Deleter"          daemon [_thread_blocked, id=24036, stack(0x00000008cea00000,0x00000008ceb00000) (1024K)]
  0x000001f34dc0ac20 JavaThread "LocalFile Deleter"          daemon [_thread_blocked, id=4112, stack(0x00000008ceb00000,0x00000008cec00000) (1024K)]
  0x000001f34dc077a0 JavaThread "LocalFile Deleter"          daemon [_thread_blocked, id=32980, stack(0x00000008cec00000,0x00000008ced00000) (1024K)]
  0x000001f34dc0b2b0 JavaThread "LocalFile Deleter"          daemon [_thread_blocked, id=6424, stack(0x00000008ced00000,0x00000008cee00000) (1024K)]
  0x000001f34dc0b940 JavaThread "LocalFile Deleter"          daemon [_thread_blocked, id=29672, stack(0x00000008cee00000,0x00000008cef00000) (1024K)]
  0x000001f34dc0bfd0 JavaThread "LocalFile Deleter"          daemon [_thread_blocked, id=22088, stack(0x00000008cef00000,0x00000008cf000000) (1024K)]
  0x000001f34dc0c660 JavaThread "LocalFile Deleter"          daemon [_thread_blocked, id=31620, stack(0x00000008cf000000,0x00000008cf100000) (1024K)]
  0x000001f34dc0d380 JavaThread "LocalFile Deleter"          daemon [_thread_blocked, id=36100, stack(0x00000008cf200000,0x00000008cf300000) (1024K)]
  0x000001f35b8cd5a0 JavaThread "LocalFile Deleter"          daemon [_thread_blocked, id=37088, stack(0x00000008cf300000,0x00000008cf400000) (1024K)]
  0x000001f35b8cfd00 JavaThread "LocalFile Deleter"          daemon [_thread_blocked, id=9908, stack(0x00000008cf400000,0x00000008cf500000) (1024K)]
  0x000001f35b8cefe0 JavaThread "LocalFile Deleter"          daemon [_thread_blocked, id=5204, stack(0x00000008cf500000,0x00000008cf600000) (1024K)]
  0x000001f35b8cf670 JavaThread "LocalFile Deleter"          daemon [_thread_blocked, id=38344, stack(0x00000008cf600000,0x00000008cf700000) (1024K)]
  0x000001f35b8ce2c0 JavaThread "LocalFile Deleter"          daemon [_thread_blocked, id=29932, stack(0x00000008cf700000,0x00000008cf800000) (1024K)]
  0x000001f35b8cdc30 JavaThread "LocalFile Deleter"          daemon [_thread_blocked, id=27416, stack(0x00000008cf800000,0x00000008cf900000) (1024K)]
  0x000001f35b8ccf10 JavaThread "LocalFile Deleter"          daemon [_thread_blocked, id=16224, stack(0x00000008cf900000,0x00000008cfa00000) (1024K)]
  0x000001f35b8ce950 JavaThread "Compiler Source File Reader" daemon [_thread_blocked, id=2616, stack(0x00000008cfa00000,0x00000008cfb00000) (1024K)]
  0x000001f35b8cc880 JavaThread "Compiler Source File Reader" daemon [_thread_blocked, id=9248, stack(0x00000008cfb00000,0x00000008cfc00000) (1024K)]
  0x000001f35b8d2af0 JavaThread "Compiler Source File Reader" daemon [_thread_blocked, id=26092, stack(0x00000008cfc00000,0x00000008cfd00000) (1024K)]
  0x000001f35b8d3180 JavaThread "Compiler Source File Reader" daemon [_thread_blocked, id=25468, stack(0x00000008cfd00000,0x00000008cfe00000) (1024K)]
  0x000001f35b8d3810 JavaThread "Compiler Source File Reader" daemon [_thread_blocked, id=34688, stack(0x00000008cfe00000,0x00000008cff00000) (1024K)]
  0x000001f35b8d10b0 JavaThread "Compiler Source File Reader" daemon [_thread_blocked, id=18928, stack(0x00000008cff00000,0x00000008d0000000) (1024K)]
  0x000001f35b8d1740 JavaThread "Compiler Source File Reader" daemon [_thread_blocked, id=36260, stack(0x00000008d0000000,0x00000008d0100000) (1024K)]
  0x000001f35b8d0390 JavaThread "Compiler Source File Reader" daemon [_thread_blocked, id=13860, stack(0x00000008d0100000,0x00000008d0200000) (1024K)]
  0x000001f35b8d1dd0 JavaThread "Compiler Source File Reader" daemon [_thread_blocked, id=14560, stack(0x00000008d0200000,0x00000008d0300000) (1024K)]
  0x000001f35b8d2460 JavaThread "Compiler Source File Reader" daemon [_thread_blocked, id=6072, stack(0x00000008d0300000,0x00000008d0400000) (1024K)]
  0x000001f35b8d3ea0 JavaThread "Compiler Source File Reader" daemon [_thread_blocked, id=18168, stack(0x00000008d0400000,0x00000008d0500000) (1024K)]
  0x000001f35b8d0a20 JavaThread "Compiler Source File Reader" daemon [_thread_blocked, id=31860, stack(0x00000008d0500000,0x00000008d0600000) (1024K)]
  0x000001f35ad68850 JavaThread "Compiler Source File Reader" daemon [_thread_blocked, id=29340, stack(0x00000008d0600000,0x00000008d0700000) (1024K)]
  0x000001f35ad68ee0 JavaThread "Compiler Source File Reader" daemon [_thread_blocked, id=18740, stack(0x00000008d0700000,0x00000008d0800000) (1024K)]
  0x000001f35ad69570 JavaThread "Compiler Processing Task"   daemon [_thread_blocked, id=28280, stack(0x00000008ce500000,0x00000008ce600000) (1024K)]
  0x000001f35ad66e10 JavaThread "Compiler Class File Writer" daemon [_thread_blocked, id=35200, stack(0x00000008d0800000,0x00000008d0900000) (1024K)]
  0x000001f35ad66780 JavaThread "Compiler Class File Writer" daemon [_thread_blocked, id=34948, stack(0x00000008d0900000,0x00000008d0a00000) (1024K)]
  0x000001f35ad6afb0 JavaThread "Compiler Class File Writer" daemon [_thread_blocked, id=32580, stack(0x00000008d0a00000,0x00000008d0b00000) (1024K)]
  0x000001f35ad6d080 JavaThread "Compiler Class File Writer" daemon [_thread_blocked, id=38336, stack(0x00000008d0b00000,0x00000008d0c00000) (1024K)]
  0x000001f35ad6c9f0 JavaThread "Compiler Class File Writer" daemon [_thread_blocked, id=24928, stack(0x00000008d0c00000,0x00000008d0d00000) (1024K)]
  0x000001f35ad6c360 JavaThread "Compiler Class File Writer" daemon [_thread_blocked, id=2552, stack(0x00000008d0d00000,0x00000008d0e00000) (1024K)]
  0x000001f35ad6d710 JavaThread "Compiler Class File Writer" daemon [_thread_blocked, id=15908, stack(0x00000008d0e00000,0x00000008d0f00000) (1024K)]
  0x000001f35ad6b640 JavaThread "Compiler Class File Writer" daemon [_thread_blocked, id=16000, stack(0x00000008d0f00000,0x00000008d1000000) (1024K)]
  0x000001f35ad6bcd0 JavaThread "Compiler Class File Writer" daemon [_thread_blocked, id=38332, stack(0x00000008d1000000,0x00000008d1100000) (1024K)]
  0x000001f35ad6a290 JavaThread "Compiler Class File Writer" daemon [_thread_blocked, id=6368, stack(0x00000008d1100000,0x00000008d1200000) (1024K)]
  0x000001f35ad6a920 JavaThread "Compiler Class File Writer" daemon [_thread_blocked, id=21352, stack(0x00000008d1200000,0x00000008d1300000) (1024K)]
  0x000001f34a93c250 JavaThread "Compiler Class File Writer" daemon [_thread_blocked, id=11528, stack(0x00000008d1300000,0x00000008d1400000) (1024K)]
  0x000001f35781db90 JavaThread "Compiler Class File Writer" daemon [_thread_blocked, id=30688, stack(0x00000008d1400000,0x00000008d1500000) (1024K)]
  0x000001f35781f5d0 JavaThread "Compiler Class File Writer" daemon [_thread_blocked, id=33104, stack(0x00000008d1500000,0x00000008d1600000) (1024K)]
  0x000001f357820980 JavaThread "ForkJoinPool.commonPool-worker-1" daemon [_thread_blocked, id=27020, stack(0x00000008ccc00000,0x00000008ccd00000) (1024K)]
  0x000001f357821010 JavaThread "ForkJoinPool.commonPool-worker-2" daemon [_thread_blocked, id=25672, stack(0x00000008ce300000,0x00000008ce400000) (1024K)]
  0x000001f357821d30 JavaThread "ForkJoinPool.commonPool-worker-3" daemon [_thread_blocked, id=36816, stack(0x00000008ce400000,0x00000008ce500000) (1024K)]
  0x000001f3578223c0 JavaThread "ForkJoinPool.commonPool-worker-4" daemon [_thread_blocked, id=12992, stack(0x00000008d1900000,0x00000008d1a00000) (1024K)]
  0x000001f357823e00 JavaThread "ForkJoinPool.commonPool-worker-5" daemon [_thread_blocked, id=21828, stack(0x00000008d1a00000,0x00000008d1b00000) (1024K)]
  0x000001f357824490 JavaThread "ForkJoinPool.commonPool-worker-6" daemon [_thread_in_Java, id=26028, stack(0x00000008d1b00000,0x00000008d1c00000) (1024K)]
  0x000001f357824b20 JavaThread "ForkJoinPool.commonPool-worker-7" daemon [_thread_blocked, id=12820, stack(0x00000008d1c00000,0x00000008d1d00000) (1024K)]
  0x000001f3578230e0 JavaThread "ForkJoinPool.commonPool-worker-8" daemon [_thread_blocked, id=10356, stack(0x00000008d1d00000,0x00000008d1e00000) (1024K)]
  0x000001f34bedda70 JavaThread "ForkJoinPool.commonPool-worker-9" daemon [_thread_blocked, id=33568, stack(0x00000008d1800000,0x00000008d1900000) (1024K)]
  0x000001f34bedd3e0 JavaThread "ForkJoinPool.commonPool-worker-10" daemon [_thread_blocked, id=1580, stack(0x00000008d1f00000,0x00000008d2000000) (1024K)]
  0x000001f34bedee20 JavaThread "ForkJoinPool.commonPool-worker-12" daemon [_thread_blocked, id=25880, stack(0x00000008d1700000,0x00000008d1800000) (1024K)]
  0x000001f34bedf4b0 JavaThread "ForkJoinPool.commonPool-worker-11" daemon [_thread_blocked, id=20876, stack(0x00000008d2000000,0x00000008d2100000) (1024K)]
  0x000001f34bedfb40 JavaThread "ForkJoinPool.commonPool-worker-13" daemon [_thread_blocked, id=22624, stack(0x00000008d2100000,0x00000008d2200000) (1024K)]
  0x000001f34bedcd50 JavaThread "ForkJoinPool.commonPool-worker-15" daemon [_thread_blocked, id=24288, stack(0x00000008d2200000,0x00000008d2300000) (1024K)]
  0x000001f34bede790 JavaThread "ForkJoinPool.commonPool-worker-14" daemon [_thread_blocked, id=28124, stack(0x00000008d2300000,0x00000008d2400000) (1024K)]
  0x000001f35ad681c0 JavaThread "Cleaner-0"                  daemon [_thread_blocked, id=33532, stack(0x00000008d2500000,0x00000008d2600000) (1024K)]
  0x000001f35961c9d0 JavaThread "C1 CompilerThread1"         daemon [_thread_blocked, id=3296, stack(0x00000008cac00000,0x00000008cad00000) (1024K)]
  0x000001f35961c300 JavaThread "C1 CompilerThread2"         daemon [_thread_blocked, id=29232, stack(0x00000008cad00000,0x00000008cae00000) (1024K)]
  0x000001f34aeac640 JavaThread "pool-1-thread-2"                   [_thread_blocked, id=27172, stack(0x00000008cab00000,0x00000008cac00000) (1024K)]
  0x000001f3596214c0 JavaThread "C2 CompilerThread1"         daemon [_thread_in_native, id=35368, stack(0x00000008c9b00000,0x00000008c9c00000) (1024K)]
=>0x000001f359620720 JavaThread "C2 CompilerThread2"         daemon [_thread_in_native, id=33572, stack(0x00000008c9c00000,0x00000008c9d00000) (1024K)]
Total: 113

Other Threads:
  0x000001f36b3842c0 VMThread "VM Thread"                           [id=33452, stack(0x00000008ca100000,0x00000008ca200000) (1024K)]
  0x000001f36b27ca00 WatcherThread "VM Periodic Task Thread"        [id=19284, stack(0x00000008ca000000,0x00000008ca100000) (1024K)]
  0x000001f36b411320 WorkerThread "GC Thread#0"                     [id=35016, stack(0x00000008c9f00000,0x00000008ca000000) (1024K)]
  0x000001f34a0bf270 WorkerThread "GC Thread#1"                     [id=29748, stack(0x00000008cb100000,0x00000008cb200000) (1024K)]
  0x000001f34a0f8bd0 WorkerThread "GC Thread#2"                     [id=32656, stack(0x00000008cb200000,0x00000008cb300000) (1024K)]
  0x000001f34a724770 WorkerThread "GC Thread#3"                     [id=14052, stack(0x00000008cb300000,0x00000008cb400000) (1024K)]
  0x000001f34a724b10 WorkerThread "GC Thread#4"                     [id=35168, stack(0x00000008cb400000,0x00000008cb500000) (1024K)]
  0x000001f34a724eb0 WorkerThread "GC Thread#5"                     [id=2608, stack(0x00000008cb500000,0x00000008cb600000) (1024K)]
  0x000001f34a725250 WorkerThread "GC Thread#6"                     [id=36068, stack(0x00000008cb600000,0x00000008cb700000) (1024K)]
  0x000001f34a675430 WorkerThread "GC Thread#7"                     [id=29284, stack(0x00000008cba00000,0x00000008cbb00000) (1024K)]
  0x000001f34b0ab870 WorkerThread "GC Thread#8"                     [id=25648, stack(0x00000008cbe00000,0x00000008cbf00000) (1024K)]
  0x000001f34ac2d410 WorkerThread "GC Thread#9"                     [id=11620, stack(0x00000008cbf00000,0x00000008cc000000) (1024K)]
  0x000001f34ac2c930 WorkerThread "GC Thread#10"                    [id=30776, stack(0x00000008cc000000,0x00000008cc100000) (1024K)]
  0x000001f34ac2c1f0 WorkerThread "GC Thread#11"                    [id=9684, stack(0x00000008cc400000,0x00000008cc500000) (1024K)]
  0x000001f34ac2d7b0 WorkerThread "GC Thread#12"                    [id=30268, stack(0x00000008cc600000,0x00000008cc700000) (1024K)]
Total: 15

Threads with active compile tasks:
C2 CompilerThread0  71661 22636       4       org.eclipse.jdt.internal.compiler.lookup.SplitPackageBinding::add (125 bytes)
C2 CompilerThread1  71662 22672       4       org.eclipse.jdt.internal.core.util.CommentRecorderParser::flushCommentsDefinedPriorTo (260 bytes)
C2 CompilerThread2  71662 22528       4       org.eclipse.jdt.internal.codeassist.CompletionEngine::createTypeProposal (397 bytes)
Total: 3

VM state: not at safepoint (normal execution)

VM Mutex/Monitor currently owned by a thread: None

Heap address: 0x0000000080000000, size: 2048 MB, Compressed Oops mode: 32-bit

CDS archive(s) mapped at: [0x000001f304000000-0x000001f304ba0000-0x000001f304ba0000), size 12189696, SharedBaseAddress: 0x000001f304000000, ArchiveRelocationMode: 1.
Compressed class space mapped at: 0x000001f305000000-0x000001f345000000, reserved size: 1073741824
Narrow klass base: 0x000001f304000000, Narrow klass shift: 0, Narrow klass range: 0x100000000

GC Precious Log:
 CardTable entry size: 512
 CPUs: 16 total, 16 available
 Memory: 16123M
 Large Page Support: Disabled
 NUMA Support: Disabled
 Compressed Oops: Enabled (32-bit)
 Alignments: Space 512K, Generation 512K, Heap 2M
 Heap Min Capacity: 100M
 Heap Initial Capacity: 100M
 Heap Max Capacity: 2G
 Pre-touch: Disabled
 Parallel Workers: 13

Heap:
 PSYoungGen      total 13312K, used 8383K [0x00000000d5580000, 0x00000000d6500000, 0x0000000100000000)
  eden space 11264K, 60% used [0x00000000d5580000,0x00000000d5c1ed48,0x00000000d6080000)
  from space 2048K, 78% used [0x00000000d6280000,0x00000000d6411210,0x00000000d6480000)
  to   space 2048K, 0% used [0x00000000d6080000,0x00000000d6080000,0x00000000d6280000)
 ParOldGen       total 1245184K, used 1244887K [0x0000000080000000, 0x00000000cc000000, 0x00000000d5580000)
  object space 1245184K, 99% used [0x0000000080000000,0x00000000cbfb5f80,0x00000000cc000000)
 Metaspace       used 81716K, committed 83392K, reserved 1179648K
  class space    used 7929K, committed 8768K, reserved 1048576K

Card table byte_map: [0x000001f36ad90000,0x000001f36b1a0000] _byte_map_base: 0x000001f36a990000

Marking Bits: (ParMarkBitMap*) 0x00007fff0b1b31f0
 Begin Bits: [0x000001f300000000, 0x000001f302000000)
 End Bits:   [0x000001f302000000, 0x000001f304000000)

Polling page: 0x000001f369200000

Metaspace:

Usage:
  Non-class:     72.06 MB used.
      Class:      7.74 MB used.
       Both:     79.80 MB used.

Virtual space:
  Non-class space:      128.00 MB reserved,      72.88 MB ( 57%) committed,  2 nodes.
      Class space:        1.00 GB reserved,       8.56 MB ( <1%) committed,  1 nodes.
             Both:        1.12 GB reserved,      81.44 MB (  7%) committed. 

Chunk freelists:
   Non-Class:  6.44 MB
       Class:  7.47 MB
        Both:  13.91 MB

MaxMetaspaceSize: unlimited
CompressedClassSpaceSize: 1.00 GB
Initial GC threshold: 21.00 MB
Current GC threshold: 120.25 MB
CDS: on
 - commit_granule_bytes: 65536.
 - commit_granule_words: 8192.
 - virtual_space_node_default_size: 8388608.
 - enlarge_chunks_in_place: 1.
 - use_allocation_guard: 0.


Internal statistics:

num_allocs_failed_limit: 15.
num_arena_births: 1622.
num_arena_deaths: 30.
num_vsnodes_births: 3.
num_vsnodes_deaths: 0.
num_space_committed: 1302.
num_space_uncommitted: 0.
num_chunks_returned_to_freelist: 52.
num_chunks_taken_from_freelist: 5744.
num_chunk_merges: 20.
num_chunk_splits: 3473.
num_chunks_enlarged: 1865.
num_inconsistent_stats: 0.

CodeHeap 'non-profiled nmethods': size=119168Kb used=24695Kb max_used=24695Kb free=94472Kb
 bounds [0x000001f376180000, 0x000001f3779a0000, 0x000001f37d5e0000]
CodeHeap 'profiled nmethods': size=119104Kb used=50960Kb max_used=50960Kb free=68143Kb
 bounds [0x000001f36e5e0000, 0x000001f3717b0000, 0x000001f375a30000]
CodeHeap 'non-nmethods': size=7488Kb used=2635Kb max_used=3279Kb free=4853Kb
 bounds [0x000001f375a30000, 0x000001f375d70000, 0x000001f376180000]
 total_blobs=20945 nmethods=20130 adapters=711
 compilation: enabled
              stopped_count=0, restarted_count=0
 full_count=0

Compilation events (20 events):
Event: 70.588 Thread 0x000001f3596214c0 nmethod 22607 0x000001f377998390 code [0x000001f377998600, 0x000001f377998cb0]
Event: 70.599 Thread 0x000001f359621b90 nmethod 22625 0x000001f377999290 code [0x000001f3779994a0, 0x000001f37799a008]
Event: 70.608 Thread 0x000001f35961c9d0 22626   !   3       org.eclipse.core.filesystem.URIUtil::equals (19 bytes)
Event: 70.609 Thread 0x000001f35961c9d0 nmethod 22626 0x000001f371785290 code [0x000001f3717854a0, 0x000001f371785928]
Event: 70.609 Thread 0x000001f35961c9d0 22627       3       org.eclipse.core.internal.resources.WorkspaceRoot::findFilesForLocationURI (7 bytes)
Event: 70.609 Thread 0x000001f35961c9d0 nmethod 22627 0x000001f371785b90 code [0x000001f371785d80, 0x000001f371786328]
Event: 70.611 Thread 0x000001f36b4ac8b0 22628       3       java.net.URI::relativize (6 bytes)
Event: 70.611 Thread 0x000001f35961c9d0 22629       3       java.net.URI::relativize (154 bytes)
Event: 70.611 Thread 0x000001f36b4ac8b0 nmethod 22628 0x000001f371786590 code [0x000001f371786740, 0x000001f371786878]
Event: 70.611 Thread 0x000001f35961c300 22630       3       org.eclipse.core.internal.resources.WorkspaceRoot::getProjectRelativePath (4 bytes)
Event: 70.611 Thread 0x000001f35961c300 nmethod 22630 0x000001f371786910 code [0x000001f371786aa0, 0x000001f371786bb8]
Event: 70.612 Thread 0x000001f35961c9d0 nmethod 22629 0x000001f371786c90 code [0x000001f371786fe0, 0x000001f371788100]
Event: 70.618 Thread 0x000001f35961ebe0 22631   !   3       org.eclipse.jdt.ls.core.internal.JDTUtils::toURI (64 bytes)
Event: 70.619 Thread 0x000001f35961ebe0 nmethod 22631 0x000001f371788810 code [0x000001f371788b20, 0x000001f3717899d0]
Event: 70.621 Thread 0x000001f35961ebe0 22632       3       java.util.ImmutableCollections$ListN::indexOf (52 bytes)
Event: 70.622 Thread 0x000001f35961ebe0 nmethod 22632 0x000001f37178a110 code [0x000001f37178a300, 0x000001f37178a848]
Event: 70.623 Thread 0x000001f35961ebe0 22633       3       org.eclipse.jdt.internal.compiler.problem.ProblemReporter::<init> (8 bytes)
Event: 70.623 Thread 0x000001f35961ebe0 nmethod 22633 0x000001f37178aa10 code [0x000001f37178abc0, 0x000001f37178add0]
Event: 70.624 Thread 0x000001f35961c9d0 22634       3       org.eclipse.jdt.internal.compiler.parser.Scanner::maybeAtEllipsisAnnotationsStart (132 bytes)
Event: 70.624 Thread 0x000001f35961c9d0 nmethod 22634 0x000001f37178af10 code [0x000001f37178b0e0, 0x000001f37178b490]

GC Heap History (20 events):
Event: 70.337 GC heap after
{Heap after GC invocations=2062 (full 4):
 PSYoungGen      total 9216K, used 1517K [0x00000000d5580000, 0x00000000d6480000, 0x0000000100000000)
  eden space 7680K, 0% used [0x00000000d5580000,0x00000000d5580000,0x00000000d5d00000)
  from space 1536K, 98% used [0x00000000d6000000,0x00000000d617b650,0x00000000d6180000)
  to   space 3072K, 0% used [0x00000000d5d00000,0x00000000d5d00000,0x00000000d6000000)
 ParOldGen       total 1230848K, used 1230601K [0x0000000080000000, 0x00000000cb200000, 0x00000000d5580000)
  object space 1230848K, 99% used [0x0000000080000000,0x00000000cb1c2678,0x00000000cb200000)
 Metaspace       used 81599K, committed 83328K, reserved 1179648K
  class space    used 7918K, committed 8768K, reserved 1048576K
}
Event: 70.341 GC heap before
{Heap before GC invocations=2063 (full 4):
 PSYoungGen      total 9216K, used 9197K [0x00000000d5580000, 0x00000000d6480000, 0x0000000100000000)
  eden space 7680K, 100% used [0x00000000d5580000,0x00000000d5d00000,0x00000000d5d00000)
  from space 1536K, 98% used [0x00000000d6000000,0x00000000d617b650,0x00000000d6180000)
  to   space 3072K, 0% used [0x00000000d5d00000,0x00000000d5d00000,0x00000000d6000000)
 ParOldGen       total 1230848K, used 1230601K [0x0000000080000000, 0x00000000cb200000, 0x00000000d5580000)
  object space 1230848K, 99% used [0x0000000080000000,0x00000000cb1c2678,0x00000000cb200000)
 Metaspace       used 81599K, committed 83328K, reserved 1179648K
  class space    used 7918K, committed 8768K, reserved 1048576K
}
Event: 70.343 GC heap after
{Heap after GC invocations=2063 (full 4):
 PSYoungGen      total 10752K, used 2272K [0x00000000d5580000, 0x00000000d6380000, 0x0000000100000000)
  eden space 7680K, 0% used [0x00000000d5580000,0x00000000d5580000,0x00000000d5d00000)
  from space 3072K, 73% used [0x00000000d5d00000,0x00000000d5f38000,0x00000000d6000000)
  to   space 2560K, 0% used [0x00000000d6100000,0x00000000d6100000,0x00000000d6380000)
 ParOldGen       total 1231872K, used 1231615K [0x0000000080000000, 0x00000000cb300000, 0x00000000d5580000)
  object space 1231872K, 99% used [0x0000000080000000,0x00000000cb2bff10,0x00000000cb300000)
 Metaspace       used 81599K, committed 83328K, reserved 1179648K
  class space    used 7918K, committed 8768K, reserved 1048576K
}
Event: 70.352 GC heap before
{Heap before GC invocations=2064 (full 4):
 PSYoungGen      total 10752K, used 9952K [0x00000000d5580000, 0x00000000d6380000, 0x0000000100000000)
  eden space 7680K, 100% used [0x00000000d5580000,0x00000000d5d00000,0x00000000d5d00000)
  from space 3072K, 73% used [0x00000000d5d00000,0x00000000d5f38000,0x00000000d6000000)
  to   space 2560K, 0% used [0x00000000d6100000,0x00000000d6100000,0x00000000d6380000)
 ParOldGen       total 1231872K, used 1231615K [0x0000000080000000, 0x00000000cb300000, 0x00000000d5580000)
  object space 1231872K, 99% used [0x0000000080000000,0x00000000cb2bff10,0x00000000cb300000)
 Metaspace       used 81599K, committed 83328K, reserved 1179648K
  class space    used 7918K, committed 8768K, reserved 1048576K
}
Event: 70.354 GC heap after
{Heap after GC invocations=2064 (full 4):
 PSYoungGen      total 8704K, used 2559K [0x00000000d5580000, 0x00000000d6980000, 0x0000000100000000)
  eden space 6144K, 0% used [0x00000000d5580000,0x00000000d5580000,0x00000000d5b80000)
  from space 2560K, 99% used [0x00000000d6100000,0x00000000d637fd40,0x00000000d6380000)
  to   space 5632K, 0% used [0x00000000d5b80000,0x00000000d5b80000,0x00000000d6100000)
 ParOldGen       total 1233920K, used 1233775K [0x0000000080000000, 0x00000000cb500000, 0x00000000d5580000)
  object space 1233920K, 99% used [0x0000000080000000,0x00000000cb4dbf10,0x00000000cb500000)
 Metaspace       used 81599K, committed 83328K, reserved 1179648K
  class space    used 7918K, committed 8768K, reserved 1048576K
}
Event: 70.362 GC heap before
{Heap before GC invocations=2065 (full 4):
 PSYoungGen      total 8704K, used 8703K [0x00000000d5580000, 0x00000000d6980000, 0x0000000100000000)
  eden space 6144K, 100% used [0x00000000d5580000,0x00000000d5b80000,0x00000000d5b80000)
  from space 2560K, 99% used [0x00000000d6100000,0x00000000d637fd40,0x00000000d6380000)
  to   space 5632K, 0% used [0x00000000d5b80000,0x00000000d5b80000,0x00000000d6100000)
 ParOldGen       total 1233920K, used 1233775K [0x0000000080000000, 0x00000000cb500000, 0x00000000d5580000)
  object space 1233920K, 99% used [0x0000000080000000,0x00000000cb4dbf10,0x00000000cb500000)
 Metaspace       used 81599K, committed 83328K, reserved 1179648K
  class space    used 7918K, committed 8768K, reserved 1048576K
}
Event: 70.364 GC heap after
{Heap after GC invocations=2065 (full 4):
 PSYoungGen      total 7168K, used 576K [0x00000000d5580000, 0x00000000d6200000, 0x0000000100000000)
  eden space 6144K, 0% used [0x00000000d5580000,0x00000000d5580000,0x00000000d5b80000)
  from space 1024K, 56% used [0x00000000d5b80000,0x00000000d5c10000,0x00000000d5c80000)
  to   space 2560K, 0% used [0x00000000d5f80000,0x00000000d5f80000,0x00000000d6200000)
 ParOldGen       total 1235456K, used 1235039K [0x0000000080000000, 0x00000000cb680000, 0x00000000d5580000)
  object space 1235456K, 99% used [0x0000000080000000,0x00000000cb617f10,0x00000000cb680000)
 Metaspace       used 81599K, committed 83328K, reserved 1179648K
  class space    used 7918K, committed 8768K, reserved 1048576K
}
Event: 70.374 GC heap before
{Heap before GC invocations=2066 (full 4):
 PSYoungGen      total 7168K, used 6720K [0x00000000d5580000, 0x00000000d6200000, 0x0000000100000000)
  eden space 6144K, 100% used [0x00000000d5580000,0x00000000d5b80000,0x00000000d5b80000)
  from space 1024K, 56% used [0x00000000d5b80000,0x00000000d5c10000,0x00000000d5c80000)
  to   space 2560K, 0% used [0x00000000d5f80000,0x00000000d5f80000,0x00000000d6200000)
 ParOldGen       total 1235456K, used 1235039K [0x0000000080000000, 0x00000000cb680000, 0x00000000d5580000)
  object space 1235456K, 99% used [0x0000000080000000,0x00000000cb617f10,0x00000000cb680000)
 Metaspace       used 81599K, committed 83328K, reserved 1179648K
  class space    used 7918K, committed 8768K, reserved 1048576K
}
Event: 70.376 GC heap after
{Heap after GC invocations=2066 (full 4):
 PSYoungGen      total 9216K, used 1248K [0x00000000d5580000, 0x00000000d6100000, 0x0000000100000000)
  eden space 7680K, 0% used [0x00000000d5580000,0x00000000d5580000,0x00000000d5d00000)
  from space 1536K, 81% used [0x00000000d5f80000,0x00000000d60b8000,0x00000000d6100000)
  to   space 1536K, 0% used [0x00000000d5e00000,0x00000000d5e00000,0x00000000d5f80000)
 ParOldGen       total 1235456K, used 1235455K [0x0000000080000000, 0x00000000cb680000, 0x00000000d5580000)
  object space 1235456K, 99% used [0x0000000080000000,0x00000000cb67ff10,0x00000000cb680000)
 Metaspace       used 81599K, committed 83328K, reserved 1179648K
  class space    used 7918K, committed 8768K, reserved 1048576K
}
Event: 70.393 GC heap before
{Heap before GC invocations=2067 (full 4):
 PSYoungGen      total 9216K, used 8928K [0x00000000d5580000, 0x00000000d6100000, 0x0000000100000000)
  eden space 7680K, 100% used [0x00000000d5580000,0x00000000d5d00000,0x00000000d5d00000)
  from space 1536K, 81% used [0x00000000d5f80000,0x00000000d60b8000,0x00000000d6100000)
  to   space 1536K, 0% used [0x00000000d5e00000,0x00000000d5e00000,0x00000000d5f80000)
 ParOldGen       total 1235456K, used 1235455K [0x0000000080000000, 0x00000000cb680000, 0x00000000d5580000)
  object space 1235456K, 99% used [0x0000000080000000,0x00000000cb67ff10,0x00000000cb680000)
 Metaspace       used 81599K, committed 83328K, reserved 1179648K
  class space    used 7918K, committed 8768K, reserved 1048576K
}
Event: 70.395 GC heap after
{Heap after GC invocations=2067 (full 4):
 PSYoungGen      total 9216K, used 1536K [0x00000000d5580000, 0x00000000d6300000, 0x0000000100000000)
  eden space 7680K, 0% used [0x00000000d5580000,0x00000000d5580000,0x00000000d5d00000)
  from space 1536K, 100% used [0x00000000d5e00000,0x00000000d5f80000,0x00000000d5f80000)
  to   space 3072K, 0% used [0x00000000d6000000,0x00000000d6000000,0x00000000d6300000)
 ParOldGen       total 1236992K, used 1236607K [0x0000000080000000, 0x00000000cb800000, 0x00000000d5580000)
  object space 1236992K, 99% used [0x0000000080000000,0x00000000cb79ff20,0x00000000cb800000)
 Metaspace       used 81599K, committed 83328K, reserved 1179648K
  class space    used 7918K, committed 8768K, reserved 1048576K
}
Event: 70.488 GC heap before
{Heap before GC invocations=2068 (full 4):
 PSYoungGen      total 9216K, used 9216K [0x00000000d5580000, 0x00000000d6300000, 0x0000000100000000)
  eden space 7680K, 100% used [0x00000000d5580000,0x00000000d5d00000,0x00000000d5d00000)
  from space 1536K, 100% used [0x00000000d5e00000,0x00000000d5f80000,0x00000000d5f80000)
  to   space 3072K, 0% used [0x00000000d6000000,0x00000000d6000000,0x00000000d6300000)
 ParOldGen       total 1236992K, used 1236607K [0x0000000080000000, 0x00000000cb800000, 0x00000000d5580000)
  object space 1236992K, 99% used [0x0000000080000000,0x00000000cb79ff20,0x00000000cb800000)
 Metaspace       used 81621K, committed 83328K, reserved 1179648K
  class space    used 7918K, committed 8768K, reserved 1048576K
}
Event: 70.491 GC heap after
{Heap after GC invocations=2068 (full 4):
 PSYoungGen      total 8704K, used 772K [0x00000000d5580000, 0x00000000d6100000, 0x0000000100000000)
  eden space 7680K, 0% used [0x00000000d5580000,0x00000000d5580000,0x00000000d5d00000)
  from space 1024K, 75% used [0x00000000d6000000,0x00000000d60c1230,0x00000000d6100000)
  to   space 1536K, 0% used [0x00000000d5e00000,0x00000000d5e00000,0x00000000d5f80000)
 ParOldGen       total 1238528K, used 1238145K [0x0000000080000000, 0x00000000cb980000, 0x00000000d5580000)
  object space 1238528K, 99% used [0x0000000080000000,0x00000000cb920678,0x00000000cb980000)
 Metaspace       used 81621K, committed 83328K, reserved 1179648K
  class space    used 7918K, committed 8768K, reserved 1048576K
}
Event: 70.502 GC heap before
{Heap before GC invocations=2069 (full 4):
 PSYoungGen      total 8704K, used 8452K [0x00000000d5580000, 0x00000000d6100000, 0x0000000100000000)
  eden space 7680K, 100% used [0x00000000d5580000,0x00000000d5d00000,0x00000000d5d00000)
  from space 1024K, 75% used [0x00000000d6000000,0x00000000d60c1230,0x00000000d6100000)
  to   space 1536K, 0% used [0x00000000d5e00000,0x00000000d5e00000,0x00000000d5f80000)
 ParOldGen       total 1238528K, used 1238145K [0x0000000080000000, 0x00000000cb980000, 0x00000000d5580000)
  object space 1238528K, 99% used [0x0000000080000000,0x00000000cb920678,0x00000000cb980000)
 Metaspace       used 81621K, committed 83328K, reserved 1179648K
  class space    used 7918K, committed 8768K, reserved 1048576K
}
Event: 70.504 GC heap after
{Heap after GC invocations=2069 (full 4):
 PSYoungGen      total 9216K, used 832K [0x00000000d5580000, 0x00000000d6080000, 0x0000000100000000)
  eden space 7680K, 0% used [0x00000000d5580000,0x00000000d5580000,0x00000000d5d00000)
  from space 1536K, 54% used [0x00000000d5e00000,0x00000000d5ed0000,0x00000000d5f80000)
  to   space 1024K, 0% used [0x00000000d5f80000,0x00000000d5f80000,0x00000000d6080000)
 ParOldGen       total 1239040K, used 1238717K [0x0000000080000000, 0x00000000cba00000, 0x00000000d5580000)
  object space 1239040K, 99% used [0x0000000080000000,0x00000000cb9af660,0x00000000cba00000)
 Metaspace       used 81621K, committed 83328K, reserved 1179648K
  class space    used 7918K, committed 8768K, reserved 1048576K
}
Event: 70.554 GC heap before
{Heap before GC invocations=2070 (full 4):
 PSYoungGen      total 9216K, used 8512K [0x00000000d5580000, 0x00000000d6080000, 0x0000000100000000)
  eden space 7680K, 100% used [0x00000000d5580000,0x00000000d5d00000,0x00000000d5d00000)
  from space 1536K, 54% used [0x00000000d5e00000,0x00000000d5ed0000,0x00000000d5f80000)
  to   space 1024K, 0% used [0x00000000d5f80000,0x00000000d5f80000,0x00000000d6080000)
 ParOldGen       total 1239040K, used 1238717K [0x0000000080000000, 0x00000000cba00000, 0x00000000d5580000)
  object space 1239040K, 99% used [0x0000000080000000,0x00000000cb9af660,0x00000000cba00000)
 Metaspace       used 81639K, committed 83392K, reserved 1179648K
  class space    used 7918K, committed 8768K, reserved 1048576K
}
Event: 70.555 GC heap after
{Heap after GC invocations=2070 (full 4):
 PSYoungGen      total 8704K, used 1017K [0x00000000d5580000, 0x00000000d6100000, 0x0000000100000000)
  eden space 7680K, 0% used [0x00000000d5580000,0x00000000d5580000,0x00000000d5d00000)
  from space 1024K, 99% used [0x00000000d5f80000,0x00000000d607e6b0,0x00000000d6080000)
  to   space 2048K, 0% used [0x00000000d5d00000,0x00000000d5d00000,0x00000000d5f00000)
 ParOldGen       total 1239552K, used 1239509K [0x0000000080000000, 0x00000000cba80000, 0x00000000d5580000)
  object space 1239552K, 99% used [0x0000000080000000,0x00000000cba756c0,0x00000000cba80000)
 Metaspace       used 81639K, committed 83392K, reserved 1179648K
  class space    used 7918K, committed 8768K, reserved 1048576K
}
Event: 70.567 GC heap before
{Heap before GC invocations=2071 (full 4):
 PSYoungGen      total 8704K, used 8697K [0x00000000d5580000, 0x00000000d6100000, 0x0000000100000000)
  eden space 7680K, 100% used [0x00000000d5580000,0x00000000d5d00000,0x00000000d5d00000)
  from space 1024K, 99% used [0x00000000d5f80000,0x00000000d607e6b0,0x00000000d6080000)
  to   space 2048K, 0% used [0x00000000d5d00000,0x00000000d5d00000,0x00000000d5f00000)
 ParOldGen       total 1239552K, used 1239509K [0x0000000080000000, 0x00000000cba80000, 0x00000000d5580000)
  object space 1239552K, 99% used [0x0000000080000000,0x00000000cba756c0,0x00000000cba80000)
 Metaspace       used 81639K, committed 83392K, reserved 1179648K
  class space    used 7918K, committed 8768K, reserved 1048576K
}
Event: 70.569 GC heap after
{Heap after GC invocations=2071 (full 4):
 PSYoungGen      total 8704K, used 864K [0x00000000d5580000, 0x00000000d6000000, 0x0000000100000000)
  eden space 7680K, 0% used [0x00000000d5580000,0x00000000d5580000,0x00000000d5d00000)
  from space 1024K, 84% used [0x00000000d5d00000,0x00000000d5dd8000,0x00000000d5e00000)
  to   space 1536K, 0% used [0x00000000d5e80000,0x00000000d5e80000,0x00000000d6000000)
 ParOldGen       total 1240576K, used 1240538K [0x0000000080000000, 0x00000000cbb80000, 0x00000000d5580000)
  object space 1240576K, 99% used [0x0000000080000000,0x00000000cbb76b58,0x00000000cbb80000)
 Metaspace       used 81639K, committed 83392K, reserved 1179648K
  class space    used 7918K, committed 8768K, reserved 1048576K
}
Event: 70.627 GC heap before
{Heap before GC invocations=2072 (full 4):
 PSYoungGen      total 8704K, used 8544K [0x00000000d5580000, 0x00000000d6000000, 0x0000000100000000)
  eden space 7680K, 100% used [0x00000000d5580000,0x00000000d5d00000,0x00000000d5d00000)
  from space 1024K, 84% used [0x00000000d5d00000,0x00000000d5dd8000,0x00000000d5e00000)
  to   space 1536K, 0% used [0x00000000d5e80000,0x00000000d5e80000,0x00000000d6000000)
 ParOldGen       total 1240576K, used 1240538K [0x0000000080000000, 0x00000000cbb80000, 0x00000000d5580000)
  object space 1240576K, 99% used [0x0000000080000000,0x00000000cbb76b58,0x00000000cbb80000)
 Metaspace       used 81645K, committed 83392K, reserved 1179648K
  class space    used 7918K, committed 8768K, reserved 1048576K
}

Dll operation events (10 events):
Event: 0.013 Loaded shared library c:\Users\m1510\.vscode\extensions\redhat.java-1.43.1-win32-x64\jre\21.0.7-win32-x86_64\bin\java.dll
Event: 0.034 Loaded shared library c:\Users\m1510\.vscode\extensions\redhat.java-1.43.1-win32-x64\jre\21.0.7-win32-x86_64\bin\zip.dll
Event: 0.068 Loaded shared library C:\Users\m1510\.vscode\extensions\redhat.java-1.43.1-win32-x64\jre\21.0.7-win32-x86_64\bin\instrument.dll
Event: 0.071 Loaded shared library C:\Users\m1510\.vscode\extensions\redhat.java-1.43.1-win32-x64\jre\21.0.7-win32-x86_64\bin\net.dll
Event: 0.074 Loaded shared library C:\Users\m1510\.vscode\extensions\redhat.java-1.43.1-win32-x64\jre\21.0.7-win32-x86_64\bin\nio.dll
Event: 0.076 Loaded shared library C:\Users\m1510\.vscode\extensions\redhat.java-1.43.1-win32-x64\jre\21.0.7-win32-x86_64\bin\zip.dll
Event: 0.085 Loaded shared library C:\Users\m1510\.vscode\extensions\redhat.java-1.43.1-win32-x64\jre\21.0.7-win32-x86_64\bin\jimage.dll
Event: 0.132 Loaded shared library c:\Users\m1510\.vscode\extensions\redhat.java-1.43.1-win32-x64\jre\21.0.7-win32-x86_64\bin\verify.dll
Event: 0.812 Loaded shared library C:\Users\m1510\AppData\Roaming\Code\User\globalStorage\redhat.java\1.43.1\config_win\org.eclipse.equinox.launcher\org.eclipse.equinox.launcher.win32.win32.x86_64_1.2.1300.v20250331-1702\eclipse_11911.dll
Event: 1.860 Loaded shared library C:\Users\m1510\AppData\Local\Temp\jna-102176048\jna9570023540995366818.dll

Deoptimization events (20 events):
Event: 70.371 Thread 0x000001f34dc09870 Uncommon trap: trap_request=0xffffffc6 fr.pc=0x000001f3776e1ba4 relative=0x00000000000013e4
Event: 70.371 Thread 0x000001f34dc09870 Uncommon trap: reason=bimorphic_or_optimized_type_check action=maybe_recompile pc=0x000001f3776e1ba4 method=org.eclipse.jdt.internal.compiler.lookup.BinaryTypeBinding.scanMethodForNullAnnotation(Lorg/eclipse/jdt/internal/compiler/env/IBinaryMethod;Lorg/ec
Event: 70.371 Thread 0x000001f34dc09870 DEOPT PACKING pc=0x000001f3776e1ba4 sp=0x00000008ce9fd5c0
Event: 70.371 Thread 0x000001f34dc09870 DEOPT UNPACKING pc=0x000001f375a83aa2 sp=0x00000008ce9fd538 mode 2
Event: 70.385 Thread 0x000001f34dc09870 Uncommon trap: trap_request=0xffffffbe fr.pc=0x000001f3777dc2d0 relative=0x00000000000002b0
Event: 70.385 Thread 0x000001f34dc09870 Uncommon trap: reason=profile_predicate action=maybe_recompile pc=0x000001f3777dc2d0 method=org.eclipse.jdt.ls.core.internal.contentassist.CompletionProposalRequestor$ProposalComparator.compare(Lorg/eclipse/jdt/core/CompletionProposal;Lorg/eclipse/jdt/cor
Event: 70.385 Thread 0x000001f34dc09870 DEOPT PACKING pc=0x000001f3777dc2d0 sp=0x00000008ce9fe600
Event: 70.385 Thread 0x000001f34dc09870 DEOPT UNPACKING pc=0x000001f375a83aa2 sp=0x00000008ce9fe500 mode 2
Event: 70.385 Thread 0x000001f34dc09870 Uncommon trap: trap_request=0xffffffbe fr.pc=0x000001f3777dc2d0 relative=0x00000000000002b0
Event: 70.385 Thread 0x000001f34dc09870 Uncommon trap: reason=profile_predicate action=maybe_recompile pc=0x000001f3777dc2d0 method=org.eclipse.jdt.ls.core.internal.contentassist.CompletionProposalRequestor$ProposalComparator.compare(Lorg/eclipse/jdt/core/CompletionProposal;Lorg/eclipse/jdt/cor
Event: 70.385 Thread 0x000001f34dc09870 DEOPT PACKING pc=0x000001f3777dc2d0 sp=0x00000008ce9fe5c0
Event: 70.385 Thread 0x000001f34dc09870 DEOPT UNPACKING pc=0x000001f375a83aa2 sp=0x00000008ce9fe4c0 mode 2
Event: 70.543 Thread 0x000001f34dc09870 Uncommon trap: trap_request=0xffffffde fr.pc=0x000001f3773fe770 relative=0x0000000000000190
Event: 70.543 Thread 0x000001f34dc09870 Uncommon trap: reason=class_check action=maybe_recompile pc=0x000001f3773fe770 method=com.google.gson.internal.bind.TypeAdapters$15.read(Lcom/google/gson/stream/JsonReader;)Ljava/lang/String; @ 1 c2
Event: 70.543 Thread 0x000001f34dc09870 DEOPT PACKING pc=0x000001f3773fe770 sp=0x00000008ce9fe350
Event: 70.543 Thread 0x000001f34dc09870 DEOPT UNPACKING pc=0x000001f375a83aa2 sp=0x00000008ce9fe2d8 mode 2
Event: 70.547 Thread 0x000001f34dc09870 Uncommon trap: trap_request=0xffffffc6 fr.pc=0x000001f3765757d4 relative=0x0000000000002b94
Event: 70.547 Thread 0x000001f34dc09870 Uncommon trap: reason=bimorphic_or_optimized_type_check action=maybe_recompile pc=0x000001f3765757d4 method=org.eclipse.jdt.internal.core.NameLookup.getModuleDescription(Lorg/eclipse/jdt/internal/core/JavaProject;Lorg/eclipse/jdt/core/IPackageFragmentRoot
Event: 70.547 Thread 0x000001f34dc09870 DEOPT PACKING pc=0x000001f3765757d4 sp=0x00000008ce9fe4b0
Event: 70.547 Thread 0x000001f34dc09870 DEOPT UNPACKING pc=0x000001f375a83aa2 sp=0x00000008ce9fe4c8 mode 2

Classes loaded (20 events):
Event: 54.864 Loading class java/lang/Throwable$PrintStreamOrWriter done
Event: 54.864 Loading class java/lang/Throwable$WrappedPrintWriter done
Event: 57.035 Loading class org/xml/sax/SAXNotRecognizedException
Event: 57.035 Loading class org/xml/sax/SAXNotRecognizedException done
Event: 57.035 Loading class org/xml/sax/SAXNotSupportedException
Event: 57.035 Loading class org/xml/sax/SAXNotSupportedException done
Event: 57.035 Loading class com/sun/org/apache/xerces/internal/util/URI
Event: 57.036 Loading class com/sun/org/apache/xerces/internal/util/URI done
Event: 57.036 Loading class com/sun/org/apache/xerces/internal/xni/XNIException
Event: 57.036 Loading class com/sun/org/apache/xerces/internal/xni/XNIException done
Event: 57.039 Loading class com/sun/org/apache/xerces/internal/xni/parser/XMLParseException
Event: 57.039 Loading class com/sun/org/apache/xerces/internal/xni/parser/XMLParseException done
Event: 57.266 Loading class jdk/internal/module/IllegalAccessLogger
Event: 57.266 Loading class jdk/internal/module/IllegalAccessLogger done
Event: 57.431 Loading class java/nio/BufferMismatch
Event: 57.431 Loading class java/nio/BufferMismatch done
Event: 61.670 Loading class jdk/internal/module/IllegalAccessLogger
Event: 61.670 Loading class jdk/internal/module/IllegalAccessLogger done
Event: 63.371 Loading class jdk/internal/module/IllegalAccessLogger
Event: 63.371 Loading class jdk/internal/module/IllegalAccessLogger done

Classes unloaded (15 events):
Event: 2.135 Thread 0x000001f36b3842c0 Unloading class 0x000001f30519c400 'java/lang/invoke/LambdaForm$MH+0x000001f30519c400'
Event: 2.135 Thread 0x000001f36b3842c0 Unloading class 0x000001f30519c000 'java/lang/invoke/LambdaForm$MH+0x000001f30519c000'
Event: 2.135 Thread 0x000001f36b3842c0 Unloading class 0x000001f30519bc00 'java/lang/invoke/LambdaForm$MH+0x000001f30519bc00'
Event: 2.135 Thread 0x000001f36b3842c0 Unloading class 0x000001f30519b800 'java/lang/invoke/LambdaForm$MH+0x000001f30519b800'
Event: 2.135 Thread 0x000001f36b3842c0 Unloading class 0x000001f30519b400 'java/lang/invoke/LambdaForm$BMH+0x000001f30519b400'
Event: 2.135 Thread 0x000001f36b3842c0 Unloading class 0x000001f30519b000 'java/lang/invoke/LambdaForm$DMH+0x000001f30519b000'
Event: 2.135 Thread 0x000001f36b3842c0 Unloading class 0x000001f30519a000 'java/lang/invoke/LambdaForm$DMH+0x000001f30519a000'
Event: 17.437 Thread 0x000001f36b3842c0 Unloading class 0x000001f30578e800 'java/lang/invoke/LambdaForm$MH+0x000001f30578e800'
Event: 17.437 Thread 0x000001f36b3842c0 Unloading class 0x000001f30578e000 'java/lang/invoke/LambdaForm$MH+0x000001f30578e000'
Event: 17.437 Thread 0x000001f36b3842c0 Unloading class 0x000001f30578d800 'java/lang/invoke/LambdaForm$MH+0x000001f30578d800'
Event: 17.437 Thread 0x000001f36b3842c0 Unloading class 0x000001f30578d000 'java/lang/invoke/LambdaForm$MH+0x000001f30578d000'
Event: 17.437 Thread 0x000001f36b3842c0 Unloading class 0x000001f3056cd000 'java/lang/invoke/LambdaForm$DMH+0x000001f3056cd000'
Event: 17.437 Thread 0x000001f36b3842c0 Unloading class 0x000001f3056ccc00 'java/lang/invoke/LambdaForm$DMH+0x000001f3056ccc00'
Event: 17.437 Thread 0x000001f36b3842c0 Unloading class 0x000001f3056cc800 'java/lang/invoke/LambdaForm$DMH+0x000001f3056cc800'
Event: 17.437 Thread 0x000001f36b3842c0 Unloading class 0x000001f3056cc400 'java/lang/invoke/LambdaForm$DMH+0x000001f3056cc400'

Classes redefined (0 events):
No events

Internal exceptions (20 events):
Event: 57.163 Thread 0x000001f34a93dc90 Exception <a 'sun/nio/fs/WindowsException'{0x00000000d57e9a58}> (0x00000000d57e9a58) 
thrown [s\src\hotspot\share\prims\jni.cpp, line 520]
Event: 57.164 Thread 0x000001f34a93dc90 Exception <a 'sun/nio/fs/WindowsException'{0x00000000d57ef8c8}> (0x00000000d57ef8c8) 
thrown [s\src\hotspot\share\prims\jni.cpp, line 520]
Event: 57.223 Thread 0x000001f34a93c8e0 Implicit null exception at 0x000001f377533da0 to 0x000001f3775341fc
Event: 57.399 Thread 0x000001f34a93dc90 Exception <a 'java/lang/NoSuchMethodError'{0x00000000d57a0140}: 'int java.lang.invoke.DirectMethodHandle$Holder.invokeStatic(java.lang.Object, java.lang.Object, java.lang.Object, java.lang.Object, java.lang.Object, java.lang.Object)'> (0x00000000d57a0140) 
thrown [s\src\hotspot\share\interpreter\linkResolver.cpp, line 773]
Event: 57.411 Thread 0x000001f357821010 Exception <a 'java/lang/ArrayIndexOutOfBoundsException'{0x00000000d5701be8}> (0x00000000d5701be8) 
thrown [s\src\hotspot\share\runtime\sharedRuntime.cpp, line 625]
Event: 58.727 Thread 0x000001f357821010 Exception <a 'java/lang/ArrayIndexOutOfBoundsException'{0x00000000d5790e58}> (0x00000000d5790e58) 
thrown [s\src\hotspot\share\runtime\sharedRuntime.cpp, line 625]
Event: 60.188 Thread 0x000001f357821010 Exception <a 'java/lang/NoSuchMethodError'{0x00000000d5702f98}: 'java.lang.Object java.lang.invoke.DirectMethodHandle$Holder.newInvokeSpecial(java.lang.Object, java.lang.Object, int, java.lang.Object, java.lang.Object, java.lang.Object, java.lang.Object)'> (0x00000000d5702f98) 
thrown [s\src\hotspot\share\interpreter\linkResolver.cpp, line 773]
Event: 60.188 Thread 0x000001f357821010 Exception <a 'java/lang/NoSuchMethodError'{0x00000000d570ac40}: 'java.lang.Object java.lang.invoke.Invokers$Holder.linkToTargetMethod(java.lang.Object, int, java.lang.Object, java.lang.Object, java.lang.Object, java.lang.Object, java.lang.Object)'> (0x00000000d570ac40) 
thrown [s\src\hotspot\share\interpreter\linkResolver.cpp, line 773]
Event: 61.493 Thread 0x000001f34a93c8e0 Exception <a 'sun/nio/fs/WindowsException'{0x00000000d5602ce8}> (0x00000000d5602ce8) 
thrown [s\src\hotspot\share\prims\jni.cpp, line 520]
Event: 61.669 Thread 0x000001f34a93c8e0 Exception <a 'sun/nio/fs/WindowsException'{0x00000000d5580790}> (0x00000000d5580790) 
thrown [s\src\hotspot\share\prims\jni.cpp, line 520]
Event: 62.157 Thread 0x000001f34dc09870 Exception <a 'java/lang/IncompatibleClassChangeError'{0x00000000d5866840}: Found class java.lang.Object, but interface was expected> (0x00000000d5866840) 
thrown [s\src\hotspot\share\interpreter\linkResolver.cpp, line 840]
Event: 62.180 Thread 0x000001f34dc09870 Exception <a 'java/lang/ArrayIndexOutOfBoundsException'{0x00000000d55826c0}> (0x00000000d55826c0) 
thrown [s\src\hotspot\share\runtime\sharedRuntime.cpp, line 625]
Event: 62.180 Thread 0x000001f34dc09870 Exception <a 'java/lang/ArrayIndexOutOfBoundsException'{0x00000000d5582d00}> (0x00000000d5582d00) 
thrown [s\src\hotspot\share\runtime\sharedRuntime.cpp, line 625]
Event: 62.180 Thread 0x000001f34dc09870 Exception <a 'java/lang/ArrayIndexOutOfBoundsException'{0x00000000d5583090}> (0x00000000d5583090) 
thrown [s\src\hotspot\share\runtime\sharedRuntime.cpp, line 625]
Event: 62.457 Thread 0x000001f34dc09870 Implicit null exception at 0x000001f376b217c7 to 0x000001f376b2185c
Event: 62.778 Thread 0x000001f34dc09870 Implicit null exception at 0x000001f3772b55f3 to 0x000001f3772b6860
Event: 63.081 Thread 0x000001f34dc09870 Exception <a 'java/lang/IncompatibleClassChangeError'{0x00000000d59c83f0}: Found class java.lang.Object, but interface was expected> (0x00000000d59c83f0) 
thrown [s\src\hotspot\share\interpreter\linkResolver.cpp, line 840]
Event: 63.090 Thread 0x000001f34dc09870 Implicit null exception at 0x000001f377619fda to 0x000001f37761a040
Event: 64.679 Thread 0x000001f34dc09870 Exception <a 'java/lang/IncompatibleClassChangeError'{0x00000000d5a60fd0}: Found class java.lang.Object, but interface was expected> (0x00000000d5a60fd0) 
thrown [s\src\hotspot\share\interpreter\linkResolver.cpp, line 840]
Event: 65.513 Thread 0x000001f34dc09870 Exception <a 'java/lang/ArrayIndexOutOfBoundsException'{0x00000000d5a25688}> (0x00000000d5a25688) 
thrown [s\src\hotspot\share\runtime\sharedRuntime.cpp, line 625]

ZGC Phase Switch (0 events):
No events

VM Operations (20 events):
Event: 70.337 Executing VM operation: ParallelGCFailedAllocation (Allocation Failure) done
Event: 70.341 Executing VM operation: ParallelGCFailedAllocation (Allocation Failure)
Event: 70.343 Executing VM operation: ParallelGCFailedAllocation (Allocation Failure) done
Event: 70.352 Executing VM operation: ParallelGCFailedAllocation (Allocation Failure)
Event: 70.354 Executing VM operation: ParallelGCFailedAllocation (Allocation Failure) done
Event: 70.362 Executing VM operation: ParallelGCFailedAllocation (Allocation Failure)
Event: 70.364 Executing VM operation: ParallelGCFailedAllocation (Allocation Failure) done
Event: 70.374 Executing VM operation: ParallelGCFailedAllocation (Allocation Failure)
Event: 70.376 Executing VM operation: ParallelGCFailedAllocation (Allocation Failure) done
Event: 70.393 Executing VM operation: ParallelGCFailedAllocation (Allocation Failure)
Event: 70.395 Executing VM operation: ParallelGCFailedAllocation (Allocation Failure) done
Event: 70.488 Executing VM operation: ParallelGCFailedAllocation (Allocation Failure)
Event: 70.491 Executing VM operation: ParallelGCFailedAllocation (Allocation Failure) done
Event: 70.502 Executing VM operation: ParallelGCFailedAllocation (Allocation Failure)
Event: 70.504 Executing VM operation: ParallelGCFailedAllocation (Allocation Failure) done
Event: 70.554 Executing VM operation: ParallelGCFailedAllocation (Allocation Failure)
Event: 70.555 Executing VM operation: ParallelGCFailedAllocation (Allocation Failure) done
Event: 70.567 Executing VM operation: ParallelGCFailedAllocation (Allocation Failure)
Event: 70.569 Executing VM operation: ParallelGCFailedAllocation (Allocation Failure) done
Event: 70.627 Executing VM operation: ParallelGCFailedAllocation (Allocation Failure)

Memory protections (0 events):
No events

Nmethod flushes (20 events):
Event: 17.468 Thread 0x000001f36b3842c0 flushing  nmethod 0x000001f36fb25010
Event: 17.468 Thread 0x000001f36b3842c0 flushing  nmethod 0x000001f36fb2d390
Event: 17.468 Thread 0x000001f36b3842c0 flushing  nmethod 0x000001f36fb2ef10
Event: 17.468 Thread 0x000001f36b3842c0 flushing  nmethod 0x000001f36fb45190
Event: 17.468 Thread 0x000001f36b3842c0 flushing  nmethod 0x000001f36fb67f90
Event: 17.468 Thread 0x000001f36b3842c0 flushing  nmethod 0x000001f36fb6ac90
Event: 17.468 Thread 0x000001f36b3842c0 flushing  nmethod 0x000001f36fb6cc90
Event: 17.468 Thread 0x000001f36b3842c0 flushing  nmethod 0x000001f36fb78990
Event: 17.468 Thread 0x000001f36b3842c0 flushing  nmethod 0x000001f36fb96190
Event: 17.468 Thread 0x000001f36b3842c0 flushing  nmethod 0x000001f36fba3310
Event: 17.468 Thread 0x000001f36b3842c0 flushing  nmethod 0x000001f36fbb7790
Event: 17.468 Thread 0x000001f36b3842c0 flushing  nmethod 0x000001f36fbb8b90
Event: 17.468 Thread 0x000001f36b3842c0 flushing  nmethod 0x000001f36fbd5190
Event: 17.468 Thread 0x000001f36b3842c0 flushing  nmethod 0x000001f36fbef690
Event: 17.468 Thread 0x000001f36b3842c0 flushing  nmethod 0x000001f36fbf3f90
Event: 17.468 Thread 0x000001f36b3842c0 flushing  nmethod 0x000001f36fbf7810
Event: 17.468 Thread 0x000001f36b3842c0 flushing  nmethod 0x000001f36fc75110
Event: 17.468 Thread 0x000001f36b3842c0 flushing  nmethod 0x000001f36fc77890
Event: 17.468 Thread 0x000001f36b3842c0 flushing  nmethod 0x000001f36fcbe290
Event: 17.468 Thread 0x000001f36b3842c0 flushing  nmethod 0x000001f36fce5690

Events (20 events):
Event: 63.528 Thread 0x000001f359620720 Thread exited: 0x000001f359620720
Event: 63.789 Thread 0x000001f35961e510 Thread exited: 0x000001f35961e510
Event: 63.789 Thread 0x000001f35961f980 Thread exited: 0x000001f35961f980
Event: 63.800 Thread 0x000001f36b4a1d50 Thread added: 0x000001f35961f980
Event: 64.016 Thread 0x000001f35961f980 Thread exited: 0x000001f35961f980
Event: 64.624 Thread 0x000001f35961ebe0 Thread added: 0x000001f359620720
Event: 64.624 Thread 0x000001f35961ebe0 Thread added: 0x000001f3596214c0
Event: 65.113 Thread 0x000001f3596214c0 Thread exited: 0x000001f3596214c0
Event: 65.545 Thread 0x000001f36b4ac8b0 Thread added: 0x000001f3596214c0
Event: 65.545 Thread 0x000001f36b4ac8b0 Thread added: 0x000001f35961e510
Event: 65.546 Thread 0x000001f36b4ac8b0 Thread added: 0x000001f35961f980
Event: 66.099 Thread 0x000001f35961f980 Thread exited: 0x000001f35961f980
Event: 66.099 Thread 0x000001f35961e510 Thread exited: 0x000001f35961e510
Event: 66.281 Thread 0x000001f3596214c0 Thread exited: 0x000001f3596214c0
Event: 66.281 Thread 0x000001f359620720 Thread exited: 0x000001f359620720
Event: 66.473 Thread 0x000001f35961c9d0 Thread added: 0x000001f35961e510
Event: 66.772 Thread 0x000001f35961e510 Thread exited: 0x000001f35961e510
Event: 70.387 Thread 0x000001f35961c300 Thread added: 0x000001f3596214c0
Event: 70.388 Thread 0x000001f35961c300 Thread added: 0x000001f359620720
Event: 70.388 Thread 0x000001f35961c300 Thread added: 0x000001f359621b90


Dynamic libraries:
0x00007ff78ba30000 - 0x00007ff78ba3e000 	c:\Users\m1510\.vscode\extensions\redhat.java-1.43.1-win32-x64\jre\21.0.7-win32-x86_64\bin\java.exe
0x00007fffbe5a0000 - 0x00007fffbe805000 	C:\WINDOWS\SYSTEM32\ntdll.dll
0x00007fffbcb20000 - 0x00007fffbcbe9000 	C:\WINDOWS\System32\KERNEL32.DLL
0x00007fffbb7b0000 - 0x00007fffbbb98000 	C:\WINDOWS\System32\KERNELBASE.dll
0x00007fffbbba0000 - 0x00007fffbbceb000 	C:\WINDOWS\System32\ucrtbase.dll
0x00007fffb5f40000 - 0x00007fffb5f58000 	c:\Users\m1510\.vscode\extensions\redhat.java-1.43.1-win32-x64\jre\21.0.7-win32-x86_64\bin\jli.dll
0x00007fffb5f10000 - 0x00007fffb5f2e000 	c:\Users\m1510\.vscode\extensions\redhat.java-1.43.1-win32-x64\jre\21.0.7-win32-x86_64\bin\VCRUNTIME140.dll
0x00007fffbd440000 - 0x00007fffbd60a000 	C:\WINDOWS\System32\USER32.dll
0x00007fffbb6f0000 - 0x00007fffbb717000 	C:\WINDOWS\System32\win32u.dll
0x00007fffbc9b0000 - 0x00007fffbc9db000 	C:\WINDOWS\System32\GDI32.dll
0x00007fffa6bb0000 - 0x00007fffa6e4a000 	C:\WINDOWS\WinSxS\amd64_microsoft.windows.common-controls_6595b64144ccf1df_6.0.26100.4202_none_3e0698d4e335f517\COMCTL32.dll
0x00007fffbc160000 - 0x00007fffbc297000 	C:\WINDOWS\System32\gdi32full.dll
0x00007fffbc0b0000 - 0x00007fffbc153000 	C:\WINDOWS\System32\msvcp_win.dll
0x00007fffbc810000 - 0x00007fffbc8b9000 	C:\WINDOWS\System32\msvcrt.dll
0x00007fffbd400000 - 0x00007fffbd430000 	C:\WINDOWS\System32\IMM32.DLL
0x00007fffb5f00000 - 0x00007fffb5f0c000 	c:\Users\m1510\.vscode\extensions\redhat.java-1.43.1-win32-x64\jre\21.0.7-win32-x86_64\bin\vcruntime140_1.dll
0x00007fff95b50000 - 0x00007fff95bdd000 	c:\Users\m1510\.vscode\extensions\redhat.java-1.43.1-win32-x64\jre\21.0.7-win32-x86_64\bin\msvcp140.dll
0x00007fff0a500000 - 0x00007fff0b290000 	c:\Users\m1510\.vscode\extensions\redhat.java-1.43.1-win32-x64\jre\21.0.7-win32-x86_64\bin\server\jvm.dll
0x00007fffbdb50000 - 0x00007fffbdc03000 	C:\WINDOWS\System32\ADVAPI32.dll
0x00007fffbd610000 - 0x00007fffbd6b6000 	C:\WINDOWS\System32\sechost.dll
0x00007fffbce50000 - 0x00007fffbcf65000 	C:\WINDOWS\System32\RPCRT4.dll
0x00007fffbc780000 - 0x00007fffbc7f4000 	C:\WINDOWS\System32\WS2_32.dll
0x00007fffbb540000 - 0x00007fffbb59e000 	C:\WINDOWS\SYSTEM32\POWRPROF.dll
0x00007fffaa290000 - 0x00007fffaa29b000 	C:\WINDOWS\SYSTEM32\VERSION.dll
0x00007fffb0fa0000 - 0x00007fffb0fd5000 	C:\WINDOWS\SYSTEM32\WINMM.dll
0x00007fffbb520000 - 0x00007fffbb534000 	C:\WINDOWS\SYSTEM32\UMPDC.dll
0x00007fffba4b0000 - 0x00007fffba4cb000 	C:\WINDOWS\SYSTEM32\kernel.appcore.dll
0x00007fffb5ef0000 - 0x00007fffb5efa000 	c:\Users\m1510\.vscode\extensions\redhat.java-1.43.1-win32-x64\jre\21.0.7-win32-x86_64\bin\jimage.dll
0x00007fffb8ec0000 - 0x00007fffb9101000 	C:\WINDOWS\SYSTEM32\DBGHELP.DLL
0x00007fffbd6c0000 - 0x00007fffbda45000 	C:\WINDOWS\System32\combase.dll
0x00007fffbcbf0000 - 0x00007fffbccd1000 	C:\WINDOWS\System32\OLEAUT32.dll
0x00007fffaa250000 - 0x00007fffaa289000 	C:\WINDOWS\SYSTEM32\dbgcore.DLL
0x00007fffbc2a0000 - 0x00007fffbc339000 	C:\WINDOWS\System32\bcryptPrimitives.dll
0x00007fffb5e40000 - 0x00007fffb5e4f000 	c:\Users\m1510\.vscode\extensions\redhat.java-1.43.1-win32-x64\jre\21.0.7-win32-x86_64\bin\instrument.dll
0x00007fffb0c10000 - 0x00007fffb0c2f000 	c:\Users\m1510\.vscode\extensions\redhat.java-1.43.1-win32-x64\jre\21.0.7-win32-x86_64\bin\java.dll
0x00007fffbdd50000 - 0x00007fffbe492000 	C:\WINDOWS\System32\SHELL32.dll
0x00007fffbbf30000 - 0x00007fffbc0a4000 	C:\WINDOWS\System32\wintypes.dll
0x00007fffb9320000 - 0x00007fffb9b78000 	C:\WINDOWS\SYSTEM32\windows.storage.dll
0x00007fffbda50000 - 0x00007fffbdb41000 	C:\WINDOWS\System32\SHCORE.dll
0x00007fffbcab0000 - 0x00007fffbcb1a000 	C:\WINDOWS\System32\shlwapi.dll
0x00007fffbb600000 - 0x00007fffbb62f000 	C:\WINDOWS\SYSTEM32\profapi.dll
0x00007fffb0790000 - 0x00007fffb07a8000 	c:\Users\m1510\.vscode\extensions\redhat.java-1.43.1-win32-x64\jre\21.0.7-win32-x86_64\bin\zip.dll
0x00007fffb5e30000 - 0x00007fffb5e40000 	C:\Users\m1510\.vscode\extensions\redhat.java-1.43.1-win32-x64\jre\21.0.7-win32-x86_64\bin\net.dll
0x00007fffb43e0000 - 0x00007fffb44fe000 	C:\WINDOWS\SYSTEM32\WINHTTP.dll
0x00007fffbaa20000 - 0x00007fffbaa8a000 	C:\WINDOWS\system32\mswsock.dll
0x00007fffb0770000 - 0x00007fffb0786000 	C:\Users\m1510\.vscode\extensions\redhat.java-1.43.1-win32-x64\jre\21.0.7-win32-x86_64\bin\nio.dll
0x00007fffb5dc0000 - 0x00007fffb5dd0000 	c:\Users\m1510\.vscode\extensions\redhat.java-1.43.1-win32-x64\jre\21.0.7-win32-x86_64\bin\verify.dll
0x00007fffa3f90000 - 0x00007fffa3fd5000 	C:\Users\m1510\AppData\Roaming\Code\User\globalStorage\redhat.java\1.43.1\config_win\org.eclipse.equinox.launcher\org.eclipse.equinox.launcher.win32.win32.x86_64_1.2.1300.v20250331-1702\eclipse_11911.dll
0x00007fffbc340000 - 0x00007fffbc4de000 	C:\WINDOWS\System32\ole32.dll
0x00007fffbacd0000 - 0x00007fffbaceb000 	C:\WINDOWS\SYSTEM32\CRYPTSP.dll
0x00007fffba410000 - 0x00007fffba44a000 	C:\WINDOWS\system32\rsaenh.dll
0x00007fffbaac0000 - 0x00007fffbaaeb000 	C:\WINDOWS\SYSTEM32\USERENV.dll
0x00007fffbb5d0000 - 0x00007fffbb5f6000 	C:\WINDOWS\SYSTEM32\bcrypt.dll
0x00007fffbacf0000 - 0x00007fffbacfc000 	C:\WINDOWS\SYSTEM32\CRYPTBASE.dll
0x00007fffb9ee0000 - 0x00007fffb9f13000 	C:\WINDOWS\SYSTEM32\IPHLPAPI.DLL
0x00007fffbc920000 - 0x00007fffbc92a000 	C:\WINDOWS\System32\NSI.dll
0x00007fff9eb30000 - 0x00007fff9eb79000 	C:\Users\m1510\AppData\Local\Temp\jna-102176048\jna9570023540995366818.dll
0x00007fffbdc10000 - 0x00007fffbdc18000 	C:\WINDOWS\System32\PSAPI.DLL
0x00007fffb48f0000 - 0x00007fffb490f000 	C:\WINDOWS\SYSTEM32\dhcpcsvc6.DLL
0x00007fffb4800000 - 0x00007fffb4825000 	C:\WINDOWS\SYSTEM32\dhcpcsvc.DLL
0x00007fffba5d0000 - 0x00007fffba606000 	C:\WINDOWS\SYSTEM32\ntmarta.dll

dbghelp: loaded successfully - version: 4.0.5 - missing functions: none
symbol engine: initialized successfully - sym options: 0x614 - pdb path: .;c:\Users\m1510\.vscode\extensions\redhat.java-1.43.1-win32-x64\jre\21.0.7-win32-x86_64\bin;C:\WINDOWS\SYSTEM32;C:\WINDOWS\WinSxS\amd64_microsoft.windows.common-controls_6595b64144ccf1df_6.0.26100.4202_none_3e0698d4e335f517;c:\Users\m1510\.vscode\extensions\redhat.java-1.43.1-win32-x64\jre\21.0.7-win32-x86_64\bin\server;C:\Users\m1510\AppData\Roaming\Code\User\globalStorage\redhat.java\1.43.1\config_win\org.eclipse.equinox.launcher\org.eclipse.equinox.launcher.win32.win32.x86_64_1.2.1300.v20250331-1702;C:\Users\m1510\AppData\Local\Temp\jna-102176048

VM Arguments:
jvm_args: --add-modules=ALL-SYSTEM --add-opens=java.base/java.util=ALL-UNNAMED --add-opens=java.base/java.lang=ALL-UNNAMED --add-opens=java.base/sun.nio.fs=ALL-UNNAMED -Declipse.application=org.eclipse.jdt.ls.core.id1 -Dosgi.bundles.defaultStartLevel=4 -Declipse.product=org.eclipse.jdt.ls.core.product -Djava.import.generatesMetadataFilesAtProjectRoot=false -DDetectVMInstallationsJob.disabled=true -Dfile.encoding=utf8 -XX:+UseParallelGC -XX:GCTimeRatio=4 -XX:AdaptiveSizePolicyWeight=90 -Dsun.zip.disableMemoryMapping=true -Xmx2G -Xms100m -Xlog:disable -javaagent:c:\Users\m1510\.vscode\extensions\redhat.java-1.43.1-win32-x64\lombok\lombok-1.18.39-4050.jar -XX:+HeapDumpOnOutOfMemoryError -XX:HeapDumpPath=c:\Users\m1510\AppData\Roaming\Code\User\workspaceStorage\638328d4e911d6bdb8e6bd2aaac90979\redhat.java -Daether.dependencyCollector.impl=bf 
java_command: c:\Users\m1510\.vscode\extensions\redhat.java-1.43.1-win32-x64\server\plugins\org.eclipse.equinox.launcher_1.7.0.v20250519-0528.jar -configuration c:\Users\m1510\AppData\Roaming\Code\User\globalStorage\redhat.java\1.43.1\config_win -data c:\Users\m1510\AppData\Roaming\Code\User\workspaceStorage\638328d4e911d6bdb8e6bd2aaac90979\redhat.java\jdt_ws --pipe=\\.\pipe\lsp-c963f2d086bd67eabe60c5ab105b36d8-sock
java_class_path (initial): c:\Users\m1510\.vscode\extensions\redhat.java-1.43.1-win32-x64\server\plugins\org.eclipse.equinox.launcher_1.7.0.v20250519-0528.jar
Launcher Type: SUN_STANDARD

[Global flags]
    uintx AdaptiveSizePolicyWeight                 = 90                                        {product} {command line}
     intx CICompilerCount                          = 12                                        {product} {ergonomic}
    uintx GCTimeRatio                              = 4                                         {product} {command line}
     bool HeapDumpOnOutOfMemoryError               = true                                   {manageable} {command line}
    ccstr HeapDumpPath                             = c:\Users\m1510\AppData\Roaming\Code\User\workspaceStorage\638328d4e911d6bdb8e6bd2aaac90979\redhat.java         {manageable} {command line}
   size_t InitialHeapSize                          = 104857600                                 {product} {command line}
   size_t MaxHeapSize                              = 2147483648                                {product} {command line}
   size_t MaxNewSize                               = 715653120                                 {product} {ergonomic}
   size_t MinHeapDeltaBytes                        = 524288                                    {product} {ergonomic}
   size_t MinHeapSize                              = 104857600                                 {product} {command line}
   size_t NewSize                                  = 34603008                                  {product} {ergonomic}
    uintx NonNMethodCodeHeapSize                   = 7602480                                {pd product} {ergonomic}
    uintx NonProfiledCodeHeapSize                  = 122027880                              {pd product} {ergonomic}
   size_t OldSize                                  = 70254592                                  {product} {ergonomic}
    uintx ProfiledCodeHeapSize                     = 122027880                              {pd product} {ergonomic}
    uintx ReservedCodeCacheSize                    = 251658240                              {pd product} {ergonomic}
     bool SegmentedCodeCache                       = true                                      {product} {ergonomic}
   size_t SoftMaxHeapSize                          = 2147483648                             {manageable} {ergonomic}
     bool UseCompressedOops                        = true                           {product lp64_product} {ergonomic}
     bool UseLargePagesIndividualAllocation        = false                                  {pd product} {ergonomic}
     bool UseParallelGC                            = true                                      {product} {command line}

Logging:
Log output configuration:
 #0: stdout all=off uptime,level,tags foldmultilines=false
 #1: stderr all=off uptime,level,tags foldmultilines=false

Environment Variables:
JAVA_HOME=D:\JAVA\jdk23
CLASSPATH=.;D:\JAVA\jdk23\lib;D:\JAVA\jdk23\lib\tools.jar
PATH=C:\WINDOWS\system32;C:\WINDOWS;C:\WINDOWS\System32\Wbem;C:\WINDOWS\System32\WindowsPowerShell\v1.0\;C:\WINDOWS\System32\OpenSSH\;C:\Program Files\dotnet\;C:\Program Files\mingw64\bin;C:\Program Files\TortoiseGit\bin;D:\jdk22\bin;D:\Git\Git\cmd;D:\Matlab2024b\bin;C:\Program Files\Microsoft SQL Server\150\Tools\Binn\;D:\Node\;C:\Program Files\Microsoft SQL Server\Client SDK\ODBC\170\Tools\Binn\;C:\Program Files\dotnet\;D:\Windows Kits\10\Windows Performance Toolkit\;D:\JAVA\jdk23\bin;D:\JAVA\jdk23\jre\bin;D:\Maven\apache-maven-3.9.10\bin;C:\Program Files\MySQL\MySQL Shell 8.0\bin\;C:\Program Files\dotnet\;C:\Users\m1510\AppData\Local\Microsoft\WindowsApps;D:\Edge download\x86_64-8.1.0-release-win32-seh-rt_v6-rev0\mingw64\bin;D:\PyCharm 2024.2\bin;;D:\PyCharm\PyCharm Community Edition 2024.2.1\bin;;D:\anaconda3\Library\mingw-w64;C:\Users\m1510\AppData\Roaming\npm;D:\MySql\MySQL Server 8.0\bin\;C:\Users\m1510\.dotnet\tools;D:\cursor\cursor\resources\app\bin;D:\Fiddler;D:\Microsoft VS Code\bin;D:\IntelliJ IDEA Community Edition 2025.1.3\bin;
USERNAME=m1510
OS=Windows_NT
PROCESSOR_IDENTIFIER=Intel64 Family 6 Model 186 Stepping 2, GenuineIntel
TMP=C:\Users\m1510\AppData\Local\Temp
TEMP=C:\Users\m1510\AppData\Local\Temp




Periodic native trim disabled

---------------  S Y S T E M  ---------------

OS:
 Windows 11 , 64 bit Build 26100 (10.0.26100.4202)
OS uptime: 4 days 0:24 hours
Hyper-V role detected

CPU: total 16 (initial active 16) (8 cores per cpu, 2 threads per core) family 6 model 186 stepping 2 microcode 0x410e, cx8, cmov, fxsr, ht, mmx, 3dnowpref, sse, sse2, sse3, ssse3, sse4.1, sse4.2, popcnt, lzcnt, tsc, tscinvbit, avx, avx2, aes, erms, clmul, bmi1, bmi2, adx, sha, fma, vzeroupper, clflush, clflushopt, clwb, hv, serialize, rdtscp, rdpid, fsrm, f16c, cet_ibt, cet_ss
Processor Information for the first 16 processors :
  Max Mhz: 2600, Current Mhz: 2600, Mhz Limit: 2600

Memory: 4k page, system-wide physical 16123M (1236M free)
TotalPageFile size 60056M (AvailPageFile size 15M)
current process WorkingSet (physical memory assigned to process): 1745M, peak: 1745M
current process commit charge ("private bytes"): 1694M, peak: 1694M

vm_info: OpenJDK 64-Bit Server VM (21.0.7+6-LTS) for windows-amd64 JRE (21.0.7+6-LTS), built on 2025-04-15T00:00:00Z by "admin" with MS VC++ 17.7 (VS2022)

END.
